        -:    0:Source:/Users/sadovinama/CLionProjects/formal_practice/CYK_and_Earley/cmake-build-debug/_deps/googletest-src/googletest/src/gtest-assertion-result.cc
        -:    0:Graph:/Users/sadovinama/CLionProjects/formal_practice/CYK_and_Earley/cmake-build-debug/_deps/googletest-build/googletest/CMakeFiles/gtest.dir/src/gtest-all.cc.gcno
        -:    0:Data:/Users/sadovinama/CLionProjects/formal_practice/CYK_and_Earley/cmake-build-debug/_deps/googletest-build/googletest/CMakeFiles/gtest.dir/src/gtest-all.cc.gcda
        -:    0:Runs:1
        -:    0:Programs:1
        -:    1:// Copyright 2005, Google Inc.
        -:    2:// All rights reserved.
        -:    3://
        -:    4:// Redistribution and use in source and binary forms, with or without
        -:    5:// modification, are permitted provided that the following conditions are
        -:    6:// met:
        -:    7://
        -:    8://     * Redistributions of source code must retain the above copyright
        -:    9:// notice, this list of conditions and the following disclaimer.
        -:   10://     * Redistributions in binary form must reproduce the above
        -:   11:// copyright notice, this list of conditions and the following disclaimer
        -:   12:// in the documentation and/or other materials provided with the
        -:   13:// distribution.
        -:   14://     * Neither the name of Google Inc. nor the names of its
        -:   15:// contributors may be used to endorse or promote products derived from
        -:   16:// this software without specific prior written permission.
        -:   17://
        -:   18:// THIS SOFTWARE IS PROVIDED BY THE COPYRIGHT HOLDERS AND CONTRIBUTORS
        -:   19:// "AS IS" AND ANY EXPRESS OR IMPLIED WARRANTIES, INCLUDING, BUT NOT
        -:   20:// LIMITED TO, THE IMPLIED WARRANTIES OF MERCHANTABILITY AND FITNESS FOR
        -:   21:// A PARTICULAR PURPOSE ARE DISCLAIMED. IN NO EVENT SHALL THE COPYRIGHT
        -:   22:// OWNER OR CONTRIBUTORS BE LIABLE FOR ANY DIRECT, INDIRECT, INCIDENTAL,
        -:   23:// SPECIAL, EXEMPLARY, OR CONSEQUENTIAL DAMAGES (INCLUDING, BUT NOT
        -:   24:// LIMITED TO, PROCUREMENT OF SUBSTITUTE GOODS OR SERVICES; LOSS OF USE,
        -:   25:// DATA, OR PROFITS; OR BUSINESS INTERRUPTION) HOWEVER CAUSED AND ON ANY
        -:   26:// THEORY OF LIABILITY, WHETHER IN CONTRACT, STRICT LIABILITY, OR TORT
        -:   27:// (INCLUDING NEGLIGENCE OR OTHERWISE) ARISING IN ANY WAY OUT OF THE USE
        -:   28:// OF THIS SOFTWARE, EVEN IF ADVISED OF THE POSSIBILITY OF SUCH DAMAGE.
        -:   29:
        -:   30:// The Google C++ Testing and Mocking Framework (Google Test)
        -:   31://
        -:   32:// This file defines the AssertionResult type.
        -:   33:
        -:   34:#include "gtest/gtest-assertion-result.h"
        -:   35:
        -:   36:#include <string>
        -:   37:#include <utility>
        -:   38:
        -:   39:#include "gtest/gtest-message.h"
        -:   40:
        -:   41:namespace testing {
        -:   42:
        -:   43:// AssertionResult constructors.
        -:   44:// Used in EXPECT_TRUE/FALSE(assertion_result).
function _ZN7testing15AssertionResultC2ERKS0_ called 0 returned 0% blocks executed 0%
function _ZN7testing15AssertionResultC1ERKS0_ called 0 returned 0% blocks executed 0%
    #####:   45:AssertionResult::AssertionResult(const AssertionResult& other)
    $$$$$:   45-block  0
    $$$$$:   45-block  1
    #####:   46:    : success_(other.success_),
    #####:   47:      message_(other.message_.get() != nullptr
    $$$$$:   47-block  0
branch  0 never executed
branch  1 never executed
    $$$$$:   47-block  1
    $$$$$:   47-block  2
    #####:   48:                   ? new ::std::string(*other.message_)
    $$$$$:   48-block  0
branch  0 never executed
branch  1 never executed
    $$$$$:   48-block  1
branch  2 never executed
branch  3 never executed
    $$$$$:   48-block  2
branch  4 never executed
branch  5 never executed
    $$$$$:   48-block  3
    $$$$$:   48-block  4
    $$$$$:   48-block  5
    #####:   49:                   : static_cast< ::std::string*>(nullptr)) {}
    $$$$$:   49-block  0
    $$$$$:   49-block  1
        -:   50:
        -:   51:// Swaps two AssertionResults.
function _ZN7testing15AssertionResult4swapERS0_ called 0 returned 0% blocks executed 0%
    #####:   52:void AssertionResult::swap(AssertionResult& other) {
    $$$$$:   52-block  0
        -:   53:  using std::swap;
    #####:   54:  swap(success_, other.success_);
    #####:   55:  swap(message_, other.message_);
    #####:   56:}
    $$$$$:   56-block  0
        -:   57:
        -:   58:// Returns the assertion's negation. Used with EXPECT/ASSERT_FALSE.
function _ZNK7testing15AssertionResultntEv called 0 returned 0% blocks executed 0%
    #####:   59:AssertionResult AssertionResult::operator!() const {
    $$$$$:   59-block  0
    #####:   60:  AssertionResult negation(!success_);
    #####:   61:  if (message_.get() != nullptr) negation << *message_;
    $$$$$:   61-block  0
branch  0 never executed
branch  1 never executed
    $$$$$:   61-block  1
branch  2 never executed
branch  3 never executed
    $$$$$:   61-block  2
branch  4 never executed
branch  5 never executed
    $$$$$:   61-block  3
    #####:   62:  return negation;
    #####:   63:}
    $$$$$:   63-block  0
    $$$$$:   63-block  1
branch  0 never executed
branch  1 never executed
    $$$$$:   63-block  2
    $$$$$:   63-block  3
    $$$$$:   63-block  4
        -:   64:
        -:   65:// Makes a successful assertion result.
function _ZN7testing16AssertionSuccessEv called 10 returned 100% blocks executed 100%
       10:   66:AssertionResult AssertionSuccess() { return AssertionResult(true); }
       10:   66-block  0
       10:   66-block  1
        -:   67:
        -:   68:// Makes a failed assertion result.
function _ZN7testing16AssertionFailureEv called 0 returned 0% blocks executed 0%
    #####:   69:AssertionResult AssertionFailure() { return AssertionResult(false); }
    $$$$$:   69-block  0
    $$$$$:   69-block  1
        -:   70:
        -:   71:// Makes a failed assertion result with the given failure message.
        -:   72:// Deprecated; use AssertionFailure() << message.
function _ZN7testing16AssertionFailureERKNS_7MessageE called 0 returned 0% blocks executed 0%
    #####:   73:AssertionResult AssertionFailure(const Message& message) {
    $$$$$:   73-block  0
    #####:   74:  return AssertionFailure() << message;
    $$$$$:   74-block  0
branch  0 never executed
branch  1 never executed
    $$$$$:   74-block  1
branch  2 never executed
branch  3 never executed
    $$$$$:   74-block  2
    $$$$$:   74-block  3
    $$$$$:   74-block  4
    #####:   75:}
        -:   76:
        -:   77:}  // namespace testing
