        -:    0:Source:/Library/Developer/CommandLineTools/SDKs/MacOSX11.3.sdk/usr/include/c++/v1/vector
        -:    0:Graph:/Users/sadovinama/CLionProjects/formal_practice/CYK_and_Earley/cmake-build-debug/_deps/googletest-build/googletest/CMakeFiles/gtest.dir/src/gtest-all.cc.gcno
        -:    0:Data:/Users/sadovinama/CLionProjects/formal_practice/CYK_and_Earley/cmake-build-debug/_deps/googletest-build/googletest/CMakeFiles/gtest.dir/src/gtest-all.cc.gcda
        -:    0:Runs:1
        -:    0:Programs:1
        -:    1:// -*- C++ -*-
        -:    2://===------------------------------ vector --------------------------------===//
        -:    3://
        -:    4:// Part of the LLVM Project, under the Apache License v2.0 with LLVM Exceptions.
        -:    5:// See https://llvm.org/LICENSE.txt for license information.
        -:    6:// SPDX-License-Identifier: Apache-2.0 WITH LLVM-exception
        -:    7://
        -:    8://===----------------------------------------------------------------------===//
        -:    9:
        -:   10:#ifndef _LIBCPP_VECTOR
        -:   11:#define _LIBCPP_VECTOR
        -:   12:
        -:   13:/*
        -:   14:    vector synopsis
        -:   15:
        -:   16:namespace std
        -:   17:{
        -:   18:
        -:   19:template <class T, class Allocator = allocator<T> >
        -:   20:class vector
        -:   21:{
        -:   22:public:
        -:   23:    typedef T                                        value_type;
        -:   24:    typedef Allocator                                allocator_type;
        -:   25:    typedef typename allocator_type::reference       reference;
        -:   26:    typedef typename allocator_type::const_reference const_reference;
        -:   27:    typedef implementation-defined                   iterator;
        -:   28:    typedef implementation-defined                   const_iterator;
        -:   29:    typedef typename allocator_type::size_type       size_type;
        -:   30:    typedef typename allocator_type::difference_type difference_type;
        -:   31:    typedef typename allocator_type::pointer         pointer;
        -:   32:    typedef typename allocator_type::const_pointer   const_pointer;
        -:   33:    typedef std::reverse_iterator<iterator>          reverse_iterator;
        -:   34:    typedef std::reverse_iterator<const_iterator>    const_reverse_iterator;
        -:   35:
        -:   36:    vector()
        -:   37:        noexcept(is_nothrow_default_constructible<allocator_type>::value);
        -:   38:    explicit vector(const allocator_type&);
        -:   39:    explicit vector(size_type n);
        -:   40:    explicit vector(size_type n, const allocator_type&); // C++14
        -:   41:    vector(size_type n, const value_type& value, const allocator_type& = allocator_type());
        -:   42:    template <class InputIterator>
        -:   43:        vector(InputIterator first, InputIterator last, const allocator_type& = allocator_type());
        -:   44:    vector(const vector& x);
        -:   45:    vector(vector&& x)
        -:   46:        noexcept(is_nothrow_move_constructible<allocator_type>::value);
        -:   47:    vector(initializer_list<value_type> il);
        -:   48:    vector(initializer_list<value_type> il, const allocator_type& a);
        -:   49:    ~vector();
        -:   50:    vector& operator=(const vector& x);
        -:   51:    vector& operator=(vector&& x)
        -:   52:        noexcept(
        -:   53:             allocator_type::propagate_on_container_move_assignment::value ||
        -:   54:             allocator_type::is_always_equal::value); // C++17
        -:   55:    vector& operator=(initializer_list<value_type> il);
        -:   56:    template <class InputIterator>
        -:   57:        void assign(InputIterator first, InputIterator last);
        -:   58:    void assign(size_type n, const value_type& u);
        -:   59:    void assign(initializer_list<value_type> il);
        -:   60:
        -:   61:    allocator_type get_allocator() const noexcept;
        -:   62:
        -:   63:    iterator               begin() noexcept;
        -:   64:    const_iterator         begin()   const noexcept;
        -:   65:    iterator               end() noexcept;
        -:   66:    const_iterator         end()     const noexcept;
        -:   67:
        -:   68:    reverse_iterator       rbegin() noexcept;
        -:   69:    const_reverse_iterator rbegin()  const noexcept;
        -:   70:    reverse_iterator       rend() noexcept;
        -:   71:    const_reverse_iterator rend()    const noexcept;
        -:   72:
        -:   73:    const_iterator         cbegin()  const noexcept;
        -:   74:    const_iterator         cend()    const noexcept;
        -:   75:    const_reverse_iterator crbegin() const noexcept;
        -:   76:    const_reverse_iterator crend()   const noexcept;
        -:   77:
        -:   78:    size_type size() const noexcept;
        -:   79:    size_type max_size() const noexcept;
        -:   80:    size_type capacity() const noexcept;
        -:   81:    bool empty() const noexcept;
        -:   82:    void reserve(size_type n);
        -:   83:    void shrink_to_fit() noexcept;
        -:   84:
        -:   85:    reference       operator[](size_type n);
        -:   86:    const_reference operator[](size_type n) const;
        -:   87:    reference       at(size_type n);
        -:   88:    const_reference at(size_type n) const;
        -:   89:
        -:   90:    reference       front();
        -:   91:    const_reference front() const;
        -:   92:    reference       back();
        -:   93:    const_reference back() const;
        -:   94:
        -:   95:    value_type*       data() noexcept;
        -:   96:    const value_type* data() const noexcept;
        -:   97:
        -:   98:    void push_back(const value_type& x);
        -:   99:    void push_back(value_type&& x);
        -:  100:    template <class... Args>
        -:  101:        reference emplace_back(Args&&... args); // reference in C++17
        -:  102:    void pop_back();
        -:  103:
        -:  104:    template <class... Args> iterator emplace(const_iterator position, Args&&... args);
        -:  105:    iterator insert(const_iterator position, const value_type& x);
        -:  106:    iterator insert(const_iterator position, value_type&& x);
        -:  107:    iterator insert(const_iterator position, size_type n, const value_type& x);
        -:  108:    template <class InputIterator>
        -:  109:        iterator insert(const_iterator position, InputIterator first, InputIterator last);
        -:  110:    iterator insert(const_iterator position, initializer_list<value_type> il);
        -:  111:
        -:  112:    iterator erase(const_iterator position);
        -:  113:    iterator erase(const_iterator first, const_iterator last);
        -:  114:
        -:  115:    void clear() noexcept;
        -:  116:
        -:  117:    void resize(size_type sz);
        -:  118:    void resize(size_type sz, const value_type& c);
        -:  119:
        -:  120:    void swap(vector&)
        -:  121:        noexcept(allocator_traits<allocator_type>::propagate_on_container_swap::value ||
        -:  122:                 allocator_traits<allocator_type>::is_always_equal::value);  // C++17
        -:  123:
        -:  124:    bool __invariants() const;
        -:  125:};
        -:  126:
        -:  127:template <class Allocator = allocator<T> >
        -:  128:class vector<bool, Allocator>
        -:  129:{
        -:  130:public:
        -:  131:    typedef bool                                     value_type;
        -:  132:    typedef Allocator                                allocator_type;
        -:  133:    typedef implementation-defined                   iterator;
        -:  134:    typedef implementation-defined                   const_iterator;
        -:  135:    typedef typename allocator_type::size_type       size_type;
        -:  136:    typedef typename allocator_type::difference_type difference_type;
        -:  137:    typedef iterator                                 pointer;
        -:  138:    typedef const_iterator                           const_pointer;
        -:  139:    typedef std::reverse_iterator<iterator>          reverse_iterator;
        -:  140:    typedef std::reverse_iterator<const_iterator>    const_reverse_iterator;
        -:  141:
        -:  142:    class reference
        -:  143:    {
        -:  144:    public:
        -:  145:        reference(const reference&) noexcept;
        -:  146:        operator bool() const noexcept;
        -:  147:        reference& operator=(const bool x) noexcept;
        -:  148:        reference& operator=(const reference& x) noexcept;
        -:  149:        iterator operator&() const noexcept;
        -:  150:        void flip() noexcept;
        -:  151:    };
        -:  152:
        -:  153:    class const_reference
        -:  154:    {
        -:  155:    public:
        -:  156:        const_reference(const reference&) noexcept;
        -:  157:        operator bool() const noexcept;
        -:  158:        const_iterator operator&() const noexcept;
        -:  159:    };
        -:  160:
        -:  161:    vector()
        -:  162:        noexcept(is_nothrow_default_constructible<allocator_type>::value);
        -:  163:    explicit vector(const allocator_type&);
        -:  164:    explicit vector(size_type n, const allocator_type& a = allocator_type()); // C++14
        -:  165:    vector(size_type n, const value_type& value, const allocator_type& = allocator_type());
        -:  166:    template <class InputIterator>
        -:  167:        vector(InputIterator first, InputIterator last, const allocator_type& = allocator_type());
        -:  168:    vector(const vector& x);
        -:  169:    vector(vector&& x)
        -:  170:        noexcept(is_nothrow_move_constructible<allocator_type>::value);
        -:  171:    vector(initializer_list<value_type> il);
        -:  172:    vector(initializer_list<value_type> il, const allocator_type& a);
        -:  173:    ~vector();
        -:  174:    vector& operator=(const vector& x);
        -:  175:    vector& operator=(vector&& x)
        -:  176:        noexcept(
        -:  177:             allocator_type::propagate_on_container_move_assignment::value ||
        -:  178:             allocator_type::is_always_equal::value); // C++17
        -:  179:    vector& operator=(initializer_list<value_type> il);
        -:  180:    template <class InputIterator>
        -:  181:        void assign(InputIterator first, InputIterator last);
        -:  182:    void assign(size_type n, const value_type& u);
        -:  183:    void assign(initializer_list<value_type> il);
        -:  184:
        -:  185:    allocator_type get_allocator() const noexcept;
        -:  186:
        -:  187:    iterator               begin() noexcept;
        -:  188:    const_iterator         begin()   const noexcept;
        -:  189:    iterator               end() noexcept;
        -:  190:    const_iterator         end()     const noexcept;
        -:  191:
        -:  192:    reverse_iterator       rbegin() noexcept;
        -:  193:    const_reverse_iterator rbegin()  const noexcept;
        -:  194:    reverse_iterator       rend() noexcept;
        -:  195:    const_reverse_iterator rend()    const noexcept;
        -:  196:
        -:  197:    const_iterator         cbegin()  const noexcept;
        -:  198:    const_iterator         cend()    const noexcept;
        -:  199:    const_reverse_iterator crbegin() const noexcept;
        -:  200:    const_reverse_iterator crend()   const noexcept;
        -:  201:
        -:  202:    size_type size() const noexcept;
        -:  203:    size_type max_size() const noexcept;
        -:  204:    size_type capacity() const noexcept;
        -:  205:    bool empty() const noexcept;
        -:  206:    void reserve(size_type n);
        -:  207:    void shrink_to_fit() noexcept;
        -:  208:
        -:  209:    reference       operator[](size_type n);
        -:  210:    const_reference operator[](size_type n) const;
        -:  211:    reference       at(size_type n);
        -:  212:    const_reference at(size_type n) const;
        -:  213:
        -:  214:    reference       front();
        -:  215:    const_reference front() const;
        -:  216:    reference       back();
        -:  217:    const_reference back() const;
        -:  218:
        -:  219:    void push_back(const value_type& x);
        -:  220:    template <class... Args> reference emplace_back(Args&&... args);  // C++14; reference in C++17
        -:  221:    void pop_back();
        -:  222:
        -:  223:    template <class... Args> iterator emplace(const_iterator position, Args&&... args);  // C++14
        -:  224:    iterator insert(const_iterator position, const value_type& x);
        -:  225:    iterator insert(const_iterator position, size_type n, const value_type& x);
        -:  226:    template <class InputIterator>
        -:  227:        iterator insert(const_iterator position, InputIterator first, InputIterator last);
        -:  228:    iterator insert(const_iterator position, initializer_list<value_type> il);
        -:  229:
        -:  230:    iterator erase(const_iterator position);
        -:  231:    iterator erase(const_iterator first, const_iterator last);
        -:  232:
        -:  233:    void clear() noexcept;
        -:  234:
        -:  235:    void resize(size_type sz);
        -:  236:    void resize(size_type sz, value_type x);
        -:  237:
        -:  238:    void swap(vector&)
        -:  239:        noexcept(allocator_traits<allocator_type>::propagate_on_container_swap::value ||
        -:  240:                 allocator_traits<allocator_type>::is_always_equal::value);  // C++17
        -:  241:    void flip() noexcept;
        -:  242:
        -:  243:    bool __invariants() const;
        -:  244:};
        -:  245:
        -:  246:template <class InputIterator, class Allocator = allocator<typename iterator_traits<InputIterator>::value_type>>
        -:  247:   vector(InputIterator, InputIterator, Allocator = Allocator())
        -:  248:   -> vector<typename iterator_traits<InputIterator>::value_type, Allocator>;
        -:  249:
        -:  250:template <class Allocator> struct hash<std::vector<bool, Allocator>>;
        -:  251:
        -:  252:template <class T, class Allocator> bool operator==(const vector<T,Allocator>& x, const vector<T,Allocator>& y);
        -:  253:template <class T, class Allocator> bool operator< (const vector<T,Allocator>& x, const vector<T,Allocator>& y);
        -:  254:template <class T, class Allocator> bool operator!=(const vector<T,Allocator>& x, const vector<T,Allocator>& y);
        -:  255:template <class T, class Allocator> bool operator> (const vector<T,Allocator>& x, const vector<T,Allocator>& y);
        -:  256:template <class T, class Allocator> bool operator>=(const vector<T,Allocator>& x, const vector<T,Allocator>& y);
        -:  257:template <class T, class Allocator> bool operator<=(const vector<T,Allocator>& x, const vector<T,Allocator>& y);
        -:  258:
        -:  259:template <class T, class Allocator>
        -:  260:void swap(vector<T,Allocator>& x, vector<T,Allocator>& y)
        -:  261:    noexcept(noexcept(x.swap(y)));
        -:  262:
        -:  263:template <class T, class Allocator, class U>
        -:  264:typename vector<T, Allocator>::size_type
        -:  265:erase(vector<T, Allocator>& c, const U& value);       // C++20
        -:  266:template <class T, class Allocator, class Predicate>
        -:  267:typename vector<T, Allocator>::size_type
        -:  268:erase_if(vector<T, Allocator>& c, Predicate pred);    // C++20
        -:  269:
        -:  270:}  // std
        -:  271:
        -:  272:*/
        -:  273:
        -:  274:#include <__config>
        -:  275:#include <iosfwd> // for forward declaration of vector
        -:  276:#include <__bit_reference>
        -:  277:#include <type_traits>
        -:  278:#include <climits>
        -:  279:#include <limits>
        -:  280:#include <initializer_list>
        -:  281:#include <memory>
        -:  282:#include <stdexcept>
        -:  283:#include <algorithm>
        -:  284:#include <cstring>
        -:  285:#include <version>
        -:  286:#include <__split_buffer>
        -:  287:#include <__functional_base>
        -:  288:
        -:  289:#include <__debug>
        -:  290:
        -:  291:#if !defined(_LIBCPP_HAS_NO_PRAGMA_SYSTEM_HEADER)
        -:  292:#pragma GCC system_header
        -:  293:#endif
        -:  294:
        -:  295:_LIBCPP_PUSH_MACROS
        -:  296:#include <__undef_macros>
        -:  297:
        -:  298:
        -:  299:_LIBCPP_BEGIN_NAMESPACE_STD
        -:  300:
        -:  301:template <bool>
        -:  302:class _LIBCPP_TEMPLATE_VIS __vector_base_common
        -:  303:{
        -:  304:protected:
function _ZNSt3__120__vector_base_commonILb1EEC2Ev called 54 returned 100% blocks executed 100%
       54:  305:    _LIBCPP_INLINE_VISIBILITY __vector_base_common() {}
       54:  305-block  0
       54:  305-block  1
        -:  306:    _LIBCPP_NORETURN void __throw_length_error() const;
        -:  307:    _LIBCPP_NORETURN void __throw_out_of_range() const;
        -:  308:};
        -:  309:
        -:  310:template <bool __b>
        -:  311:void
        -:  312:__vector_base_common<__b>::__throw_length_error() const
        -:  313:{
        -:  314:    _VSTD::__throw_length_error("vector");
        -:  315:}
        -:  316:
        -:  317:template <bool __b>
        -:  318:void
        -:  319:__vector_base_common<__b>::__throw_out_of_range() const
        -:  320:{
        -:  321:    _VSTD::__throw_out_of_range("vector");
        -:  322:}
        -:  323:
        -:  324:_LIBCPP_EXTERN_TEMPLATE(class _LIBCPP_EXTERN_TEMPLATE_TYPE_VIS __vector_base_common<true>)
        -:  325:
        -:  326:template <class _Tp, class _Allocator>
        -:  327:class __vector_base
        -:  328:    : protected __vector_base_common<true>
        -:  329:{
        -:  330:public:
        -:  331:    typedef _Allocator                               allocator_type;
        -:  332:    typedef allocator_traits<allocator_type>         __alloc_traits;
        -:  333:    typedef typename __alloc_traits::size_type       size_type;
        -:  334:protected:
        -:  335:    typedef _Tp                                      value_type;
        -:  336:    typedef value_type&                              reference;
        -:  337:    typedef const value_type&                        const_reference;
        -:  338:    typedef typename __alloc_traits::difference_type difference_type;
        -:  339:    typedef typename __alloc_traits::pointer         pointer;
        -:  340:    typedef typename __alloc_traits::const_pointer   const_pointer;
        -:  341:    typedef pointer                                  iterator;
        -:  342:    typedef const_pointer                            const_iterator;
        -:  343:
        -:  344:    pointer                                         __begin_;
        -:  345:    pointer                                         __end_;
        -:  346:    __compressed_pair<pointer, allocator_type> __end_cap_;
        -:  347:
        -:  348:    _LIBCPP_INLINE_VISIBILITY
function _ZNSt3__113__vector_baseIPcNS_9allocatorIS1_EEE7__allocEv called 0 returned 0% blocks executed 0%
function _ZNSt3__113__vector_baseINS_12basic_stringIcNS_11char_traitsIcEENS_9allocatorIcEEEENS4_IS6_EEE7__allocEv called 75 returned 100% blocks executed 100%
function _ZNSt3__113__vector_baseIPN7testing8internal30ParameterizedTestSuiteInfoBaseENS_9allocatorIS4_EEE7__allocEv called 0 returned 0% blocks executed 0%
function _ZNSt3__113__vector_baseIN7testing14TestPartResultENS_9allocatorIS2_EEE7__allocEv called 0 returned 0% blocks executed 0%
function _ZNSt3__113__vector_baseIdNS_9allocatorIdEEE7__allocEv called 0 returned 0% blocks executed 0%
function _ZNSt3__113__vector_baseINS_6vectorIdNS_9allocatorIdEEEENS2_IS4_EEE7__allocEv called 0 returned 0% blocks executed 0%
function _ZNSt3__113__vector_baseIN7testing8internal13edit_distance8EditTypeENS_9allocatorIS4_EEE7__allocEv called 0 returned 0% blocks executed 0%
function _ZNSt3__113__vector_baseINS_6vectorIN7testing8internal13edit_distance8EditTypeENS_9allocatorIS5_EEEENS6_IS8_EEE7__allocEv called 0 returned 0% blocks executed 0%
function _ZNSt3__113__vector_baseImNS_9allocatorImEEE7__allocEv called 0 returned 0% blocks executed 0%
function _ZNSt3__113__vector_baseIN7testing12TestPropertyENS_9allocatorIS2_EEE7__allocEv called 0 returned 0% blocks executed 0%
function _ZNSt3__113__vector_baseIPN7testing8TestInfoENS_9allocatorIS3_EEE7__allocEv called 30 returned 100% blocks executed 100%
function _ZNSt3__113__vector_baseIiNS_9allocatorIiEEE7__allocEv called 12 returned 100% blocks executed 100%
function _ZNSt3__113__vector_baseIPN7testing17TestEventListenerENS_9allocatorIS3_EEE7__allocEv called 4 returned 100% blocks executed 100%
function _ZNSt3__113__vector_baseIPN7testing11EnvironmentENS_9allocatorIS3_EEE7__allocEv called 0 returned 0% blocks executed 0%
function _ZNSt3__113__vector_baseIN7testing8internal9TraceInfoENS_9allocatorIS3_EEE7__allocEv called 0 returned 0% blocks executed 0%
function _ZNSt3__113__vector_baseIPN7testing9TestSuiteENS_9allocatorIS3_EEE7__allocEv called 7 returned 100% blocks executed 100%
      128:  349:    allocator_type& __alloc() _NOEXCEPT
    $$$$$:  349-block  0
       75:  349-block  1
    $$$$$:  349-block  2
    $$$$$:  349-block  3
    $$$$$:  349-block  4
    $$$$$:  349-block  5
    $$$$$:  349-block  6
    $$$$$:  349-block  7
    $$$$$:  349-block  8
    $$$$$:  349-block  9
       30:  349-block 10
       12:  349-block 11
        4:  349-block 12
    $$$$$:  349-block 13
    $$$$$:  349-block 14
        7:  349-block 15
      128:  350:        {return __end_cap_.second();}
    $$$$$:  350-block  0
       75:  350-block  1
    $$$$$:  350-block  2
    $$$$$:  350-block  3
    $$$$$:  350-block  4
    $$$$$:  350-block  5
    $$$$$:  350-block  6
    $$$$$:  350-block  7
    $$$$$:  350-block  8
    $$$$$:  350-block  9
       30:  350-block 10
       12:  350-block 11
        4:  350-block 12
    $$$$$:  350-block 13
    $$$$$:  350-block 14
        7:  350-block 15
        -:  351:    _LIBCPP_INLINE_VISIBILITY
function _ZNKSt3__113__vector_baseIPcNS_9allocatorIS1_EEE7__allocEv called 0 returned 0% blocks executed 0%
function _ZNKSt3__113__vector_baseINS_12basic_stringIcNS_11char_traitsIcEENS_9allocatorIcEEEENS4_IS6_EEE7__allocEv called 12 returned 100% blocks executed 100%
function _ZNKSt3__113__vector_baseIN7testing14TestPartResultENS_9allocatorIS2_EEE7__allocEv called 0 returned 0% blocks executed 0%
function _ZNKSt3__113__vector_baseIdNS_9allocatorIdEEE7__allocEv called 0 returned 0% blocks executed 0%
function _ZNKSt3__113__vector_baseINS_6vectorIdNS_9allocatorIdEEEENS2_IS4_EEE7__allocEv called 0 returned 0% blocks executed 0%
function _ZNKSt3__113__vector_baseIN7testing8internal13edit_distance8EditTypeENS_9allocatorIS4_EEE7__allocEv called 0 returned 0% blocks executed 0%
function _ZNKSt3__113__vector_baseINS_6vectorIN7testing8internal13edit_distance8EditTypeENS_9allocatorIS5_EEEENS6_IS8_EEE7__allocEv called 0 returned 0% blocks executed 0%
function _ZNKSt3__113__vector_baseImNS_9allocatorImEEE7__allocEv called 0 returned 0% blocks executed 0%
function _ZNKSt3__113__vector_baseIN7testing12TestPropertyENS_9allocatorIS2_EEE7__allocEv called 0 returned 0% blocks executed 0%
function _ZNKSt3__113__vector_baseIPN7testing8TestInfoENS_9allocatorIS3_EEE7__allocEv called 8 returned 100% blocks executed 100%
function _ZNKSt3__113__vector_baseIiNS_9allocatorIiEEE7__allocEv called 0 returned 0% blocks executed 0%
function _ZNKSt3__113__vector_baseIPN7testing17TestEventListenerENS_9allocatorIS3_EEE7__allocEv called 1 returned 100% blocks executed 100%
function _ZNKSt3__113__vector_baseIPN7testing11EnvironmentENS_9allocatorIS3_EEE7__allocEv called 0 returned 0% blocks executed 0%
function _ZNKSt3__113__vector_baseIN7testing8internal9TraceInfoENS_9allocatorIS3_EEE7__allocEv called 0 returned 0% blocks executed 0%
function _ZNKSt3__113__vector_baseIPN7testing9TestSuiteENS_9allocatorIS3_EEE7__allocEv called 2 returned 100% blocks executed 100%
       23:  352:    const allocator_type& __alloc() const _NOEXCEPT
    $$$$$:  352-block  0
       12:  352-block  1
    $$$$$:  352-block  2
    $$$$$:  352-block  3
    $$$$$:  352-block  4
    $$$$$:  352-block  5
    $$$$$:  352-block  6
    $$$$$:  352-block  7
    $$$$$:  352-block  8
        8:  352-block  9
    $$$$$:  352-block 10
        1:  352-block 11
    $$$$$:  352-block 12
    $$$$$:  352-block 13
        2:  352-block 14
       23:  353:        {return __end_cap_.second();}
    $$$$$:  353-block  0
       12:  353-block  1
    $$$$$:  353-block  2
    $$$$$:  353-block  3
    $$$$$:  353-block  4
    $$$$$:  353-block  5
    $$$$$:  353-block  6
    $$$$$:  353-block  7
    $$$$$:  353-block  8
        8:  353-block  9
    $$$$$:  353-block 10
        1:  353-block 11
    $$$$$:  353-block 12
    $$$$$:  353-block 13
        2:  353-block 14
        -:  354:    _LIBCPP_INLINE_VISIBILITY
function _ZNSt3__113__vector_baseIPcNS_9allocatorIS1_EEE9__end_capEv called 0 returned 0% blocks executed 0%
function _ZNSt3__113__vector_baseINS_12basic_stringIcNS_11char_traitsIcEENS_9allocatorIcEEEENS4_IS6_EEE9__end_capEv called 43 returned 100% blocks executed 100%
function _ZNSt3__113__vector_baseIN7testing14TestPartResultENS_9allocatorIS2_EEE9__end_capEv called 0 returned 0% blocks executed 0%
function _ZNSt3__113__vector_baseIdNS_9allocatorIdEEE9__end_capEv called 0 returned 0% blocks executed 0%
function _ZNSt3__113__vector_baseINS_6vectorIdNS_9allocatorIdEEEENS2_IS4_EEE9__end_capEv called 0 returned 0% blocks executed 0%
function _ZNSt3__113__vector_baseIN7testing8internal13edit_distance8EditTypeENS_9allocatorIS4_EEE9__end_capEv called 0 returned 0% blocks executed 0%
function _ZNSt3__113__vector_baseINS_6vectorIN7testing8internal13edit_distance8EditTypeENS_9allocatorIS5_EEEENS6_IS8_EEE9__end_capEv called 0 returned 0% blocks executed 0%
function _ZNSt3__113__vector_baseImNS_9allocatorImEEE9__end_capEv called 0 returned 0% blocks executed 0%
function _ZNSt3__113__vector_baseIN7testing12TestPropertyENS_9allocatorIS2_EEE9__end_capEv called 0 returned 0% blocks executed 0%
function _ZNSt3__113__vector_baseIPN7testing8TestInfoENS_9allocatorIS3_EEE9__end_capEv called 18 returned 100% blocks executed 100%
function _ZNSt3__113__vector_baseIiNS_9allocatorIiEEE9__end_capEv called 12 returned 100% blocks executed 100%
function _ZNSt3__113__vector_baseIPN7testing17TestEventListenerENS_9allocatorIS3_EEE9__end_capEv called 2 returned 100% blocks executed 100%
function _ZNSt3__113__vector_baseIPN7testing11EnvironmentENS_9allocatorIS3_EEE9__end_capEv called 0 returned 0% blocks executed 0%
function _ZNSt3__113__vector_baseIN7testing8internal9TraceInfoENS_9allocatorIS3_EEE9__end_capEv called 0 returned 0% blocks executed 0%
function _ZNSt3__113__vector_baseIPN7testing9TestSuiteENS_9allocatorIS3_EEE9__end_capEv called 4 returned 100% blocks executed 100%
       79:  355:    pointer& __end_cap() _NOEXCEPT
    $$$$$:  355-block  0
       43:  355-block  1
    $$$$$:  355-block  2
    $$$$$:  355-block  3
    $$$$$:  355-block  4
    $$$$$:  355-block  5
    $$$$$:  355-block  6
    $$$$$:  355-block  7
    $$$$$:  355-block  8
       18:  355-block  9
       12:  355-block 10
        2:  355-block 11
    $$$$$:  355-block 12
    $$$$$:  355-block 13
        4:  355-block 14
       79:  356:        {return __end_cap_.first();}
    $$$$$:  356-block  0
       43:  356-block  1
    $$$$$:  356-block  2
    $$$$$:  356-block  3
    $$$$$:  356-block  4
    $$$$$:  356-block  5
    $$$$$:  356-block  6
    $$$$$:  356-block  7
    $$$$$:  356-block  8
       18:  356-block  9
       12:  356-block 10
        2:  356-block 11
    $$$$$:  356-block 12
    $$$$$:  356-block 13
        4:  356-block 14
        -:  357:    _LIBCPP_INLINE_VISIBILITY
function _ZNKSt3__113__vector_baseIPcNS_9allocatorIS1_EEE9__end_capEv called 0 returned 0% blocks executed 0%
function _ZNKSt3__113__vector_baseINS_12basic_stringIcNS_11char_traitsIcEENS_9allocatorIcEEEENS4_IS6_EEE9__end_capEv called 117 returned 100% blocks executed 100%
function _ZNKSt3__113__vector_baseIPN7testing8internal30ParameterizedTestSuiteInfoBaseENS_9allocatorIS4_EEE9__end_capEv called 2 returned 100% blocks executed 100%
function _ZNKSt3__113__vector_baseIN7testing14TestPartResultENS_9allocatorIS2_EEE9__end_capEv called 38 returned 100% blocks executed 100%
function _ZNKSt3__113__vector_baseIdNS_9allocatorIdEEE9__end_capEv called 0 returned 0% blocks executed 0%
function _ZNKSt3__113__vector_baseINS_6vectorIdNS_9allocatorIdEEEENS2_IS4_EEE9__end_capEv called 0 returned 0% blocks executed 0%
function _ZNKSt3__113__vector_baseIN7testing8internal13edit_distance8EditTypeENS_9allocatorIS4_EEE9__end_capEv called 0 returned 0% blocks executed 0%
function _ZNKSt3__113__vector_baseINS_6vectorIN7testing8internal13edit_distance8EditTypeENS_9allocatorIS5_EEEENS6_IS8_EEE9__end_capEv called 0 returned 0% blocks executed 0%
function _ZNKSt3__113__vector_baseImNS_9allocatorImEEE9__end_capEv called 0 returned 0% blocks executed 0%
function _ZNKSt3__113__vector_baseIN7testing12TestPropertyENS_9allocatorIS2_EEE9__end_capEv called 38 returned 100% blocks executed 100%
function _ZNKSt3__113__vector_baseIPN7testing8TestInfoENS_9allocatorIS3_EEE9__end_capEv called 46 returned 100% blocks executed 100%
function _ZNKSt3__113__vector_baseIiNS_9allocatorIiEEE9__end_capEv called 16 returned 100% blocks executed 100%
function _ZNKSt3__113__vector_baseIPN7testing17TestEventListenerENS_9allocatorIS3_EEE9__end_capEv called 8 returned 100% blocks executed 100%
function _ZNKSt3__113__vector_baseIPN7testing11EnvironmentENS_9allocatorIS3_EEE9__end_capEv called 2 returned 100% blocks executed 100%
function _ZNKSt3__113__vector_baseIN7testing8internal9TraceInfoENS_9allocatorIS3_EEE9__end_capEv called 0 returned 0% blocks executed 0%
function _ZNKSt3__113__vector_baseIPN7testing9TestSuiteENS_9allocatorIS3_EEE9__end_capEv called 13 returned 100% blocks executed 100%
      280:  358:    const pointer& __end_cap() const _NOEXCEPT
    $$$$$:  358-block  0
      117:  358-block  1
        2:  358-block  2
       38:  358-block  3
    $$$$$:  358-block  4
    $$$$$:  358-block  5
    $$$$$:  358-block  6
    $$$$$:  358-block  7
    $$$$$:  358-block  8
       38:  358-block  9
       46:  358-block 10
       16:  358-block 11
        8:  358-block 12
        2:  358-block 13
    $$$$$:  358-block 14
       13:  358-block 15
      280:  359:        {return __end_cap_.first();}
    $$$$$:  359-block  0
      117:  359-block  1
        2:  359-block  2
       38:  359-block  3
    $$$$$:  359-block  4
    $$$$$:  359-block  5
    $$$$$:  359-block  6
    $$$$$:  359-block  7
    $$$$$:  359-block  8
       38:  359-block  9
       46:  359-block 10
       16:  359-block 11
        8:  359-block 12
        2:  359-block 13
    $$$$$:  359-block 14
       13:  359-block 15
        -:  360:
        -:  361:    _LIBCPP_INLINE_VISIBILITY
       52:  362:    __vector_base()
    $$$$$:  362-block  0
branch  0 never executed
branch  1 never executed
    $$$$$:  362-block  1
        -:  363:        _NOEXCEPT_(is_nothrow_default_constructible<allocator_type>::value);
        -:  364:    _LIBCPP_INLINE_VISIBILITY __vector_base(const allocator_type& __a);
        -:  365:#ifndef _LIBCPP_CXX03_LANG
        2:  366:    _LIBCPP_INLINE_VISIBILITY __vector_base(allocator_type&& __a) _NOEXCEPT;
        -:  367:#endif
        -:  368:    ~__vector_base();
        -:  369:
        -:  370:    _LIBCPP_INLINE_VISIBILITY
function _ZNSt3__113__vector_baseIPcNS_9allocatorIS1_EEE5clearEv called 0 returned 0% blocks executed 0%
function _ZNSt3__113__vector_baseINS_12basic_stringIcNS_11char_traitsIcEENS_9allocatorIcEEEENS4_IS6_EEE5clearEv called 12 returned 100% blocks executed 100%
function _ZNSt3__113__vector_baseIPN7testing8internal30ParameterizedTestSuiteInfoBaseENS_9allocatorIS4_EEE5clearEv called 0 returned 0% blocks executed 0%
function _ZNSt3__113__vector_baseIN7testing14TestPartResultENS_9allocatorIS2_EEE5clearEv called 12 returned 100% blocks executed 100%
function _ZNSt3__113__vector_baseIdNS_9allocatorIdEEE5clearEv called 0 returned 0% blocks executed 0%
function _ZNSt3__113__vector_baseINS_6vectorIdNS_9allocatorIdEEEENS2_IS4_EEE5clearEv called 0 returned 0% blocks executed 0%
function _ZNSt3__113__vector_baseIN7testing8internal13edit_distance8EditTypeENS_9allocatorIS4_EEE5clearEv called 0 returned 0% blocks executed 0%
function _ZNSt3__113__vector_baseINS_6vectorIN7testing8internal13edit_distance8EditTypeENS_9allocatorIS5_EEEENS6_IS8_EEE5clearEv called 0 returned 0% blocks executed 0%
function _ZNSt3__113__vector_baseImNS_9allocatorImEEE5clearEv called 0 returned 0% blocks executed 0%
function _ZNSt3__113__vector_baseIN7testing12TestPropertyENS_9allocatorIS2_EEE5clearEv called 12 returned 100% blocks executed 100%
function _ZNSt3__113__vector_baseIPN7testing8TestInfoENS_9allocatorIS3_EEE5clearEv called 2 returned 100% blocks executed 100%
function _ZNSt3__113__vector_baseIiNS_9allocatorIiEEE5clearEv called 0 returned 0% blocks executed 0%
function _ZNSt3__113__vector_baseIPN7testing17TestEventListenerENS_9allocatorIS3_EEE5clearEv called 1 returned 100% blocks executed 100%
function _ZNSt3__113__vector_baseIN7testing8internal9TraceInfoENS_9allocatorIS3_EEE5clearEv called 0 returned 0% blocks executed 0%
function _ZNSt3__113__vector_baseIPN7testing11EnvironmentENS_9allocatorIS3_EEE5clearEv called 0 returned 0% blocks executed 0%
function _ZNSt3__113__vector_baseIPN7testing9TestSuiteENS_9allocatorIS3_EEE5clearEv called 1 returned 100% blocks executed 100%
       40:  371:    void clear() _NOEXCEPT {__destruct_at_end(__begin_);}
    $$$$$:  371-block  0
    $$$$$:  371-block  1
       12:  371-block  2
       12:  371-block  3
    $$$$$:  371-block  4
    $$$$$:  371-block  5
       12:  371-block  6
       12:  371-block  7
    $$$$$:  371-block  8
    $$$$$:  371-block  9
    $$$$$:  371-block 10
    $$$$$:  371-block 11
    $$$$$:  371-block 12
    $$$$$:  371-block 13
    $$$$$:  371-block 14
    $$$$$:  371-block 15
    $$$$$:  371-block 16
    $$$$$:  371-block 17
       12:  371-block 18
       12:  371-block 19
        2:  371-block 20
        2:  371-block 21
    $$$$$:  371-block 22
    $$$$$:  371-block 23
        1:  371-block 24
        1:  371-block 25
    $$$$$:  371-block 26
    $$$$$:  371-block 27
    $$$$$:  371-block 28
    $$$$$:  371-block 29
        1:  371-block 30
        1:  371-block 31
        -:  372:    _LIBCPP_INLINE_VISIBILITY
function _ZNKSt3__113__vector_baseIPcNS_9allocatorIS1_EEE8capacityEv called 0 returned 0% blocks executed 0%
function _ZNKSt3__113__vector_baseINS_12basic_stringIcNS_11char_traitsIcEENS_9allocatorIcEEEENS4_IS6_EEE8capacityEv called 117 returned 100% blocks executed 100%
function _ZNKSt3__113__vector_baseIPN7testing8internal30ParameterizedTestSuiteInfoBaseENS_9allocatorIS4_EEE8capacityEv called 2 returned 100% blocks executed 100%
function _ZNKSt3__113__vector_baseIN7testing14TestPartResultENS_9allocatorIS2_EEE8capacityEv called 38 returned 100% blocks executed 100%
function _ZNKSt3__113__vector_baseIdNS_9allocatorIdEEE8capacityEv called 0 returned 0% blocks executed 0%
function _ZNKSt3__113__vector_baseINS_6vectorIdNS_9allocatorIdEEEENS2_IS4_EEE8capacityEv called 0 returned 0% blocks executed 0%
function _ZNKSt3__113__vector_baseIN7testing8internal13edit_distance8EditTypeENS_9allocatorIS4_EEE8capacityEv called 0 returned 0% blocks executed 0%
function _ZNKSt3__113__vector_baseINS_6vectorIN7testing8internal13edit_distance8EditTypeENS_9allocatorIS5_EEEENS6_IS8_EEE8capacityEv called 0 returned 0% blocks executed 0%
function _ZNKSt3__113__vector_baseImNS_9allocatorImEEE8capacityEv called 0 returned 0% blocks executed 0%
function _ZNKSt3__113__vector_baseIN7testing12TestPropertyENS_9allocatorIS2_EEE8capacityEv called 38 returned 100% blocks executed 100%
function _ZNKSt3__113__vector_baseIPN7testing8TestInfoENS_9allocatorIS3_EEE8capacityEv called 46 returned 100% blocks executed 100%
function _ZNKSt3__113__vector_baseIiNS_9allocatorIiEEE8capacityEv called 16 returned 100% blocks executed 100%
function _ZNKSt3__113__vector_baseIPN7testing17TestEventListenerENS_9allocatorIS3_EEE8capacityEv called 8 returned 100% blocks executed 100%
function _ZNKSt3__113__vector_baseIPN7testing11EnvironmentENS_9allocatorIS3_EEE8capacityEv called 2 returned 100% blocks executed 100%
function _ZNKSt3__113__vector_baseIN7testing8internal9TraceInfoENS_9allocatorIS3_EEE8capacityEv called 0 returned 0% blocks executed 0%
function _ZNKSt3__113__vector_baseIPN7testing9TestSuiteENS_9allocatorIS3_EEE8capacityEv called 13 returned 100% blocks executed 100%
      280:  373:    size_type capacity() const _NOEXCEPT
    $$$$$:  373-block  0
      117:  373-block  1
        2:  373-block  2
       38:  373-block  3
    $$$$$:  373-block  4
    $$$$$:  373-block  5
    $$$$$:  373-block  6
    $$$$$:  373-block  7
    $$$$$:  373-block  8
       38:  373-block  9
       46:  373-block 10
       16:  373-block 11
        8:  373-block 12
        2:  373-block 13
    $$$$$:  373-block 14
       13:  373-block 15
      280:  374:        {return static_cast<size_type>(__end_cap() - __begin_);}
    $$$$$:  374-block  0
      117:  374-block  1
        2:  374-block  2
       38:  374-block  3
    $$$$$:  374-block  4
    $$$$$:  374-block  5
    $$$$$:  374-block  6
    $$$$$:  374-block  7
    $$$$$:  374-block  8
       38:  374-block  9
       46:  374-block 10
       16:  374-block 11
        8:  374-block 12
        2:  374-block 13
    $$$$$:  374-block 14
       13:  374-block 15
        -:  375:
        -:  376:    _LIBCPP_INLINE_VISIBILITY
        -:  377:    void __destruct_at_end(pointer __new_last) _NOEXCEPT;
        -:  378:
        -:  379:    _LIBCPP_INLINE_VISIBILITY
        -:  380:    void __copy_assign_alloc(const __vector_base& __c)
        -:  381:        {__copy_assign_alloc(__c, integral_constant<bool,
        -:  382:                      __alloc_traits::propagate_on_container_copy_assignment::value>());}
        -:  383:
        -:  384:    _LIBCPP_INLINE_VISIBILITY
function _ZNSt3__113__vector_baseINS_12basic_stringIcNS_11char_traitsIcEENS_9allocatorIcEEEENS4_IS6_EEE19__move_assign_allocERS8_ called 1 returned 100% blocks executed 100%
        1:  385:    void __move_assign_alloc(__vector_base& __c)
        1:  385-block  0
        -:  386:        _NOEXCEPT_(
        -:  387:            !__alloc_traits::propagate_on_container_move_assignment::value ||
        -:  388:            is_nothrow_move_assignable<allocator_type>::value)
        1:  389:        {__move_assign_alloc(__c, integral_constant<bool,
        1:  390:                      __alloc_traits::propagate_on_container_move_assignment::value>());}
        1:  390-block  0
        -:  391:private:
        -:  392:    _LIBCPP_INLINE_VISIBILITY
        -:  393:    void __copy_assign_alloc(const __vector_base& __c, true_type)
        -:  394:        {
        -:  395:            if (__alloc() != __c.__alloc())
        -:  396:            {
        -:  397:                clear();
        -:  398:                __alloc_traits::deallocate(__alloc(), __begin_, capacity());
        -:  399:                __begin_ = __end_ = __end_cap() = nullptr;
        -:  400:            }
        -:  401:            __alloc() = __c.__alloc();
        -:  402:        }
        -:  403:
        -:  404:    _LIBCPP_INLINE_VISIBILITY
        -:  405:    void __copy_assign_alloc(const __vector_base&, false_type)
        -:  406:        {}
        -:  407:
        -:  408:    _LIBCPP_INLINE_VISIBILITY
function _ZNSt3__113__vector_baseINS_12basic_stringIcNS_11char_traitsIcEENS_9allocatorIcEEEENS4_IS6_EEE19__move_assign_allocERS8_NS_17integral_constantIbLb1EEE called 1 returned 100% blocks executed 100%
        1:  409:    void __move_assign_alloc(__vector_base& __c, true_type)
        1:  409-block  0
        -:  410:        _NOEXCEPT_(is_nothrow_move_assignable<allocator_type>::value)
        -:  411:        {
        1:  412:            __alloc() = _VSTD::move(__c.__alloc());
        1:  413:        }
        1:  413-block  0
        -:  414:
        -:  415:    _LIBCPP_INLINE_VISIBILITY
        -:  416:    void __move_assign_alloc(__vector_base&, false_type)
        -:  417:        _NOEXCEPT
        -:  418:        {}
        -:  419:};
        -:  420:
        -:  421:template <class _Tp, class _Allocator>
        -:  422:inline _LIBCPP_INLINE_VISIBILITY
        -:  423:void
function _ZNSt3__113__vector_baseIPcNS_9allocatorIS1_EEE17__destruct_at_endEPS1_ called 0 returned 0% blocks executed 0%
function _ZNSt3__113__vector_baseINS_12basic_stringIcNS_11char_traitsIcEENS_9allocatorIcEEEENS4_IS6_EEE17__destruct_at_endEPS6_ called 12 returned 0% blocks executed 85%
function _ZNSt3__113__vector_baseIPN7testing8internal30ParameterizedTestSuiteInfoBaseENS_9allocatorIS4_EEE17__destruct_at_endEPS4_ called 0 returned 0% blocks executed 0%
function _ZNSt3__113__vector_baseIN7testing14TestPartResultENS_9allocatorIS2_EEE17__destruct_at_endEPS2_ called 12 returned 0% blocks executed 57%
function _ZNSt3__113__vector_baseIdNS_9allocatorIdEEE17__destruct_at_endEPd called 0 returned 0% blocks executed 0%
function _ZNSt3__113__vector_baseINS_6vectorIdNS_9allocatorIdEEEENS2_IS4_EEE17__destruct_at_endEPS4_ called 0 returned 0% blocks executed 0%
function _ZNSt3__113__vector_baseIN7testing8internal13edit_distance8EditTypeENS_9allocatorIS4_EEE17__destruct_at_endEPS4_ called 0 returned 0% blocks executed 0%
function _ZNSt3__113__vector_baseINS_6vectorIN7testing8internal13edit_distance8EditTypeENS_9allocatorIS5_EEEENS6_IS8_EEE17__destruct_at_endEPS8_ called 0 returned 0% blocks executed 0%
function _ZNSt3__113__vector_baseImNS_9allocatorImEEE17__destruct_at_endEPm called 0 returned 0% blocks executed 0%
function _ZNSt3__113__vector_baseIN7testing12TestPropertyENS_9allocatorIS2_EEE17__destruct_at_endEPS2_ called 12 returned 0% blocks executed 57%
function _ZNSt3__113__vector_baseIPN7testing8TestInfoENS_9allocatorIS3_EEE17__destruct_at_endEPS3_ called 2 returned 0% blocks executed 85%
function _ZNSt3__113__vector_baseIiNS_9allocatorIiEEE17__destruct_at_endEPi called 0 returned 0% blocks executed 0%
function _ZNSt3__113__vector_baseIPN7testing17TestEventListenerENS_9allocatorIS3_EEE17__destruct_at_endEPS3_ called 1 returned 0% blocks executed 85%
function _ZNSt3__113__vector_baseIN7testing8internal9TraceInfoENS_9allocatorIS3_EEE17__destruct_at_endEPS3_ called 0 returned 0% blocks executed 0%
function _ZNSt3__113__vector_baseIPN7testing11EnvironmentENS_9allocatorIS3_EEE17__destruct_at_endEPS3_ called 0 returned 0% blocks executed 0%
function _ZNSt3__113__vector_baseIPN7testing9TestSuiteENS_9allocatorIS3_EEE17__destruct_at_endEPS3_ called 1 returned 0% blocks executed 85%
       40:  424:__vector_base<_Tp, _Allocator>::__destruct_at_end(pointer __new_last) _NOEXCEPT
    $$$$$:  424-block  0
       12:  424-block  1
    $$$$$:  424-block  2
       12:  424-block  3
    $$$$$:  424-block  4
    $$$$$:  424-block  5
    $$$$$:  424-block  6
    $$$$$:  424-block  7
    $$$$$:  424-block  8
       12:  424-block  9
        2:  424-block 10
    $$$$$:  424-block 11
        1:  424-block 12
    $$$$$:  424-block 13
    $$$$$:  424-block 14
        1:  424-block 15
        -:  425:{
       40:  426:    pointer __soon_to_be_end = __end_;
       70:  427:    while (__new_last != __soon_to_be_end)
    $$$$$:  427-block  0
    $$$$$:  427-block  1
branch  0 never executed
branch  1 never executed
    $$$$$:  427-block  2
       12:  427-block  3
       29:  427-block  4
branch  2 taken 17
branch  3 taken 12
       17:  427-block  5
    $$$$$:  427-block  6
    $$$$$:  427-block  7
branch  4 never executed
branch  5 never executed
    $$$$$:  427-block  8
       12:  427-block  9
       12:  427-block 10
branch  6 taken 0
branch  7 taken 12
    $$$$$:  427-block 11
    $$$$$:  427-block 12
    $$$$$:  427-block 13
branch  8 never executed
branch  9 never executed
    $$$$$:  427-block 14
    $$$$$:  427-block 15
    $$$$$:  427-block 16
branch 10 never executed
branch 11 never executed
    $$$$$:  427-block 17
    $$$$$:  427-block 18
    $$$$$:  427-block 19
branch 12 never executed
branch 13 never executed
    $$$$$:  427-block 20
    $$$$$:  427-block 21
    $$$$$:  427-block 22
branch 14 never executed
branch 15 never executed
    $$$$$:  427-block 23
    $$$$$:  427-block 24
    $$$$$:  427-block 25
branch 16 never executed
branch 17 never executed
    $$$$$:  427-block 26
       12:  427-block 27
       12:  427-block 28
branch 18 taken 0
branch 19 taken 12
    $$$$$:  427-block 29
        2:  427-block 30
       12:  427-block 31
branch 20 taken 10
branch 21 taken 2
       10:  427-block 32
    $$$$$:  427-block 33
    $$$$$:  427-block 34
branch 22 never executed
branch 23 never executed
    $$$$$:  427-block 35
        1:  427-block 36
        2:  427-block 37
branch 24 taken 1
branch 25 taken 1
        1:  427-block 38
    $$$$$:  427-block 39
    $$$$$:  427-block 40
branch 26 never executed
branch 27 never executed
    $$$$$:  427-block 41
    $$$$$:  427-block 42
    $$$$$:  427-block 43
branch 28 never executed
branch 29 never executed
    $$$$$:  427-block 44
        1:  427-block 45
        3:  427-block 46
branch 30 taken 2
branch 31 taken 1
        2:  427-block 47
       30:  428:        __alloc_traits::destroy(__alloc(), _VSTD::__to_address(--__soon_to_be_end));
    $$$$$:  428-block  0
branch  0 never executed
branch  1 never executed
    $$$$$:  428-block  1
       17:  428-block  2
branch  2 taken 17
branch  3 taken 0
    $$$$$:  428-block  3
    $$$$$:  428-block  4
branch  4 never executed
branch  5 never executed
    $$$$$:  428-block  5
    $$$$$:  428-block  6
branch  6 never executed
branch  7 never executed
    $$$$$:  428-block  7
    $$$$$:  428-block  8
branch  8 never executed
branch  9 never executed
    $$$$$:  428-block  9
    $$$$$:  428-block 10
branch 10 never executed
branch 11 never executed
    $$$$$:  428-block 11
    $$$$$:  428-block 12
branch 12 never executed
branch 13 never executed
    $$$$$:  428-block 13
    $$$$$:  428-block 14
branch 14 never executed
branch 15 never executed
    $$$$$:  428-block 15
    $$$$$:  428-block 16
branch 16 never executed
branch 17 never executed
    $$$$$:  428-block 17
    $$$$$:  428-block 18
branch 18 never executed
branch 19 never executed
    $$$$$:  428-block 19
       10:  428-block 20
branch 20 taken 10
branch 21 taken 0
    $$$$$:  428-block 21
    $$$$$:  428-block 22
branch 22 never executed
branch 23 never executed
    $$$$$:  428-block 23
        1:  428-block 24
branch 24 taken 1
branch 25 taken 0
    $$$$$:  428-block 25
    $$$$$:  428-block 26
branch 26 never executed
branch 27 never executed
    $$$$$:  428-block 27
    $$$$$:  428-block 28
branch 28 never executed
branch 29 never executed
    $$$$$:  428-block 29
        2:  428-block 30
branch 30 taken 2
branch 31 taken 0
    $$$$$:  428-block 31
       40:  429:    __end_ = __new_last;
       40:  430:}
    $$$$$:  430-block  0
       12:  430-block  1
    $$$$$:  430-block  2
       12:  430-block  3
    $$$$$:  430-block  4
    $$$$$:  430-block  5
    $$$$$:  430-block  6
    $$$$$:  430-block  7
    $$$$$:  430-block  8
       12:  430-block  9
        2:  430-block 10
    $$$$$:  430-block 11
        1:  430-block 12
    $$$$$:  430-block 13
    $$$$$:  430-block 14
        1:  430-block 15
        -:  431:
        -:  432:template <class _Tp, class _Allocator>
        -:  433:inline _LIBCPP_INLINE_VISIBILITY
function _ZNSt3__113__vector_baseIPcNS_9allocatorIS1_EEEC2Ev called 0 returned 0% blocks executed 0%
function _ZNSt3__113__vector_baseINS_12basic_stringIcNS_11char_traitsIcEENS_9allocatorIcEEEENS4_IS6_EEEC2Ev called 17 returned 0% blocks executed 75%
function _ZNSt3__113__vector_baseIPN7testing17TestEventListenerENS_9allocatorIS3_EEEC2Ev called 1 returned 0% blocks executed 75%
function _ZNSt3__113__vector_baseIPN7testing8internal30ParameterizedTestSuiteInfoBaseENS_9allocatorIS4_EEEC2Ev called 1 returned 0% blocks executed 75%
function _ZNSt3__113__vector_baseIN7testing14TestPartResultENS_9allocatorIS2_EEEC2Ev called 13 returned 0% blocks executed 75%
function _ZNSt3__113__vector_baseIdNS_9allocatorIdEEEC2Ev called 0 returned 0% blocks executed 0%
function _ZNSt3__113__vector_baseINS_6vectorIdNS_9allocatorIdEEEENS2_IS4_EEEC2Ev called 0 returned 0% blocks executed 0%
function _ZNSt3__113__vector_baseIN7testing8internal13edit_distance8EditTypeENS_9allocatorIS4_EEEC2Ev called 0 returned 0% blocks executed 0%
function _ZNSt3__113__vector_baseINS_6vectorIN7testing8internal13edit_distance8EditTypeENS_9allocatorIS5_EEEENS6_IS8_EEEC2Ev called 0 returned 0% blocks executed 0%
function _ZNSt3__113__vector_baseImNS_9allocatorImEEEC2Ev called 0 returned 0% blocks executed 0%
function _ZNSt3__113__vector_baseIN7testing12TestPropertyENS_9allocatorIS2_EEEC2Ev called 13 returned 0% blocks executed 75%
function _ZNSt3__113__vector_baseIPN7testing8TestInfoENS_9allocatorIS3_EEEC2Ev called 2 returned 0% blocks executed 75%
function _ZNSt3__113__vector_baseIiNS_9allocatorIiEEEC2Ev called 3 returned 0% blocks executed 75%
function _ZNSt3__113__vector_baseIPN7testing11EnvironmentENS_9allocatorIS3_EEEC2Ev called 1 returned 0% blocks executed 75%
function _ZNSt3__113__vector_baseIPN7testing9TestSuiteENS_9allocatorIS3_EEEC2Ev called 1 returned 0% blocks executed 75%
function _ZNSt3__113__vector_baseIN7testing8internal9TraceInfoENS_9allocatorIS3_EEEC2Ev called 0 returned 0% blocks executed 0%
       52:  434:__vector_base<_Tp, _Allocator>::__vector_base()
    $$$$$:  434-block  0
       17:  434-block  1
        1:  434-block  2
        1:  434-block  3
       13:  434-block  4
    $$$$$:  434-block  5
    $$$$$:  434-block  6
    $$$$$:  434-block  7
    $$$$$:  434-block  8
    $$$$$:  434-block  9
       13:  434-block 10
        2:  434-block 11
        3:  434-block 12
        1:  434-block 13
        1:  434-block 14
    $$$$$:  434-block 15
        -:  435:        _NOEXCEPT_(is_nothrow_default_constructible<allocator_type>::value)
       52:  436:    : __begin_(nullptr),
       52:  437:      __end_(nullptr),
       52:  438:      __end_cap_(nullptr, __default_init_tag())
    $$$$$:  438-block  0
branch  0 never executed
branch  1 never executed
       17:  438-block  1
branch  2 taken 17
branch  3 taken 0
    $$$$$:  438-block  2
        1:  438-block  3
branch  4 taken 1
branch  5 taken 0
    $$$$$:  438-block  4
        1:  438-block  5
branch  6 taken 1
branch  7 taken 0
    $$$$$:  438-block  6
       13:  438-block  7
branch  8 taken 13
branch  9 taken 0
    $$$$$:  438-block  8
    $$$$$:  438-block  9
branch 10 never executed
branch 11 never executed
    $$$$$:  438-block 10
    $$$$$:  438-block 11
branch 12 never executed
branch 13 never executed
    $$$$$:  438-block 12
    $$$$$:  438-block 13
branch 14 never executed
branch 15 never executed
    $$$$$:  438-block 14
    $$$$$:  438-block 15
branch 16 never executed
branch 17 never executed
    $$$$$:  438-block 16
    $$$$$:  438-block 17
branch 18 never executed
branch 19 never executed
    $$$$$:  438-block 18
       13:  438-block 19
branch 20 taken 13
branch 21 taken 0
    $$$$$:  438-block 20
        2:  438-block 21
branch 22 taken 2
branch 23 taken 0
    $$$$$:  438-block 22
        3:  438-block 23
branch 24 taken 3
branch 25 taken 0
    $$$$$:  438-block 24
        1:  438-block 25
branch 26 taken 1
branch 27 taken 0
    $$$$$:  438-block 26
        1:  438-block 27
branch 28 taken 1
branch 29 taken 0
    $$$$$:  438-block 28
    $$$$$:  438-block 29
branch 30 never executed
branch 31 never executed
    $$$$$:  438-block 30
       52:  439:{
       52:  440:}
    $$$$$:  440-block  0
       17:  440-block  1
        1:  440-block  2
        1:  440-block  3
       13:  440-block  4
    $$$$$:  440-block  5
    $$$$$:  440-block  6
    $$$$$:  440-block  7
    $$$$$:  440-block  8
    $$$$$:  440-block  9
       13:  440-block 10
        2:  440-block 11
        3:  440-block 12
        1:  440-block 13
        1:  440-block 14
    $$$$$:  440-block 15
        -:  441:
        -:  442:template <class _Tp, class _Allocator>
        -:  443:inline _LIBCPP_INLINE_VISIBILITY
        -:  444:__vector_base<_Tp, _Allocator>::__vector_base(const allocator_type& __a)
        -:  445:    : __begin_(nullptr),
        -:  446:      __end_(nullptr),
        -:  447:      __end_cap_(nullptr, __a)
        -:  448:{
        -:  449:}
        -:  450:
        -:  451:#ifndef _LIBCPP_CXX03_LANG
        -:  452:template <class _Tp, class _Allocator>
        -:  453:inline _LIBCPP_INLINE_VISIBILITY
function _ZNSt3__113__vector_baseINS_12basic_stringIcNS_11char_traitsIcEENS_9allocatorIcEEEENS4_IS6_EEEC2EOS7_ called 2 returned 0% blocks executed 75%
function _ZNSt3__113__vector_baseIdNS_9allocatorIdEEEC2EOS2_ called 0 returned 0% blocks executed 0%
function _ZNSt3__113__vector_baseIN7testing8internal13edit_distance8EditTypeENS_9allocatorIS4_EEEC2EOS6_ called 0 returned 0% blocks executed 0%
        2:  454:__vector_base<_Tp, _Allocator>::__vector_base(allocator_type&& __a) _NOEXCEPT
        2:  454-block  0
    $$$$$:  454-block  1
    $$$$$:  454-block  2
        2:  455:    : __begin_(nullptr),
        2:  456:      __end_(nullptr),
        4:  457:      __end_cap_(nullptr, std::move(__a)) {}
        2:  457-block  0
branch  0 taken 2
branch  1 taken 0
        2:  457-block  1
branch  2 taken 2
branch  3 taken 0
        2:  457-block  2
    $$$$$:  457-block  3
    $$$$$:  457-block  4
branch  4 never executed
branch  5 never executed
    $$$$$:  457-block  5
branch  6 never executed
branch  7 never executed
    $$$$$:  457-block  6
    $$$$$:  457-block  7
    $$$$$:  457-block  8
branch  8 never executed
branch  9 never executed
    $$$$$:  457-block  9
branch 10 never executed
branch 11 never executed
    $$$$$:  457-block 10
    $$$$$:  457-block 11
        -:  458:#endif
        -:  459:
        -:  460:template <class _Tp, class _Allocator>
function _ZNSt3__113__vector_baseIPcNS_9allocatorIS1_EEED2Ev called 0 returned 0% blocks executed 0%
function _ZNSt3__113__vector_baseINS_12basic_stringIcNS_11char_traitsIcEENS_9allocatorIcEEEENS4_IS6_EEED2Ev called 19 returned 100% blocks executed 100%
function _ZNSt3__113__vector_baseIPN7testing8internal30ParameterizedTestSuiteInfoBaseENS_9allocatorIS4_EEED2Ev called 1 returned 100% blocks executed 75%
function _ZNSt3__113__vector_baseIN7testing14TestPartResultENS_9allocatorIS2_EEED2Ev called 13 returned 100% blocks executed 75%
function _ZNSt3__113__vector_baseIdNS_9allocatorIdEEED2Ev called 0 returned 0% blocks executed 0%
function _ZNSt3__113__vector_baseINS_6vectorIdNS_9allocatorIdEEEENS2_IS4_EEED2Ev called 0 returned 0% blocks executed 0%
function _ZNSt3__113__vector_baseIN7testing8internal13edit_distance8EditTypeENS_9allocatorIS4_EEED2Ev called 0 returned 0% blocks executed 0%
function _ZNSt3__113__vector_baseINS_6vectorIN7testing8internal13edit_distance8EditTypeENS_9allocatorIS5_EEEENS6_IS8_EEED2Ev called 0 returned 0% blocks executed 0%
function _ZNSt3__113__vector_baseImNS_9allocatorImEEED2Ev called 0 returned 0% blocks executed 0%
function _ZNSt3__113__vector_baseIN7testing12TestPropertyENS_9allocatorIS2_EEED2Ev called 13 returned 100% blocks executed 75%
function _ZNSt3__113__vector_baseIPN7testing8TestInfoENS_9allocatorIS3_EEED2Ev called 2 returned 100% blocks executed 100%
function _ZNSt3__113__vector_baseIiNS_9allocatorIiEEED2Ev called 0 returned 0% blocks executed 0%
function _ZNSt3__113__vector_baseIPN7testing17TestEventListenerENS_9allocatorIS3_EEED2Ev called 1 returned 100% blocks executed 100%
function _ZNSt3__113__vector_baseIN7testing8internal9TraceInfoENS_9allocatorIS3_EEED2Ev called 0 returned 0% blocks executed 0%
function _ZNSt3__113__vector_baseIPN7testing11EnvironmentENS_9allocatorIS3_EEED2Ev called 1 returned 100% blocks executed 75%
function _ZNSt3__113__vector_baseIPN7testing9TestSuiteENS_9allocatorIS3_EEED2Ev called 1 returned 100% blocks executed 100%
       51:  461:__vector_base<_Tp, _Allocator>::~__vector_base()
    $$$$$:  461-block  0
       19:  461-block  1
        1:  461-block  2
       13:  461-block  3
    $$$$$:  461-block  4
    $$$$$:  461-block  5
    $$$$$:  461-block  6
    $$$$$:  461-block  7
    $$$$$:  461-block  8
       13:  461-block  9
        2:  461-block 10
    $$$$$:  461-block 11
        1:  461-block 12
    $$$$$:  461-block 13
        1:  461-block 14
        1:  461-block 15
        -:  462:{
       51:  463:    if (__begin_ != nullptr)
    $$$$$:  463-block  0
branch  0 never executed
branch  1 never executed
       19:  463-block  1
branch  2 taken 11
branch  3 taken 8
        1:  463-block  2
branch  4 taken 0
branch  5 taken 1
       13:  463-block  3
branch  6 taken 0
branch  7 taken 13
    $$$$$:  463-block  4
branch  8 never executed
branch  9 never executed
    $$$$$:  463-block  5
branch 10 never executed
branch 11 never executed
    $$$$$:  463-block  6
branch 12 never executed
branch 13 never executed
    $$$$$:  463-block  7
branch 14 never executed
branch 15 never executed
    $$$$$:  463-block  8
branch 16 never executed
branch 17 never executed
       13:  463-block  9
branch 18 taken 0
branch 19 taken 13
        2:  463-block 10
branch 20 taken 2
branch 21 taken 0
    $$$$$:  463-block 11
branch 22 never executed
branch 23 never executed
        1:  463-block 12
branch 24 taken 1
branch 25 taken 0
    $$$$$:  463-block 13
branch 26 never executed
branch 27 never executed
        1:  463-block 14
branch 28 taken 0
branch 29 taken 1
        1:  463-block 15
branch 30 taken 1
branch 31 taken 0
        -:  464:    {
       15:  465:        clear();
       15:  466:        __alloc_traits::deallocate(__alloc(), __begin_, capacity());
       15:  467:    }
    $$$$$:  467-block  0
       11:  467-block  1
    $$$$$:  467-block  2
    $$$$$:  467-block  3
    $$$$$:  467-block  4
    $$$$$:  467-block  5
    $$$$$:  467-block  6
    $$$$$:  467-block  7
    $$$$$:  467-block  8
    $$$$$:  467-block  9
        2:  467-block 10
    $$$$$:  467-block 11
        1:  467-block 12
    $$$$$:  467-block 13
    $$$$$:  467-block 14
        1:  467-block 15
       51:  468:}
    $$$$$:  468-block  0
       19:  468-block  1
        1:  468-block  2
       13:  468-block  3
    $$$$$:  468-block  4
    $$$$$:  468-block  5
    $$$$$:  468-block  6
    $$$$$:  468-block  7
    $$$$$:  468-block  8
       13:  468-block  9
        2:  468-block 10
    $$$$$:  468-block 11
        1:  468-block 12
    $$$$$:  468-block 13
        1:  468-block 14
        1:  468-block 15
        -:  469:
        -:  470:template <class _Tp, class _Allocator /* = allocator<_Tp> */>
        -:  471:class _LIBCPP_TEMPLATE_VIS vector
        -:  472:    : private __vector_base<_Tp, _Allocator>
        -:  473:{
        -:  474:private:
        -:  475:    typedef __vector_base<_Tp, _Allocator>           __base;
        -:  476:    typedef allocator<_Tp>                           __default_allocator_type;
        -:  477:public:
        -:  478:    typedef vector                                   __self;
        -:  479:    typedef _Tp                                      value_type;
        -:  480:    typedef _Allocator                               allocator_type;
        -:  481:    typedef typename __base::__alloc_traits          __alloc_traits;
        -:  482:    typedef typename __base::reference               reference;
        -:  483:    typedef typename __base::const_reference         const_reference;
        -:  484:    typedef typename __base::size_type               size_type;
        -:  485:    typedef typename __base::difference_type         difference_type;
        -:  486:    typedef typename __base::pointer                 pointer;
        -:  487:    typedef typename __base::const_pointer           const_pointer;
        -:  488:    typedef __wrap_iter<pointer>                     iterator;
        -:  489:    typedef __wrap_iter<const_pointer>               const_iterator;
        -:  490:    typedef _VSTD::reverse_iterator<iterator>         reverse_iterator;
        -:  491:    typedef _VSTD::reverse_iterator<const_iterator>   const_reverse_iterator;
        -:  492:
        -:  493:    static_assert((is_same<typename allocator_type::value_type, value_type>::value),
        -:  494:                  "Allocator::value_type must be same type as value_type");
        -:  495:
        -:  496:    _LIBCPP_INLINE_VISIBILITY
function _ZNSt3__16vectorINS_12basic_stringIcNS_11char_traitsIcEENS_9allocatorIcEEEENS4_IS6_EEEC1Ev called 17 returned 100% blocks executed 100%
function _ZNSt3__16vectorIN7testing8internal13edit_distance8EditTypeENS_9allocatorIS4_EEEC1Ev called 0 returned 0% blocks executed 0%
function _ZNSt3__16vectorImNS_9allocatorImEEEC1Ev called 0 returned 0% blocks executed 0%
function _ZNSt3__16vectorIN7testing14TestPartResultENS_9allocatorIS2_EEEC1Ev called 13 returned 100% blocks executed 100%
function _ZNSt3__16vectorIN7testing12TestPropertyENS_9allocatorIS2_EEEC1Ev called 13 returned 100% blocks executed 100%
function _ZNSt3__16vectorIPN7testing8TestInfoENS_9allocatorIS3_EEEC1Ev called 2 returned 100% blocks executed 100%
function _ZNSt3__16vectorIiNS_9allocatorIiEEEC1Ev called 3 returned 100% blocks executed 100%
function _ZNSt3__16vectorIPN7testing11EnvironmentENS_9allocatorIS3_EEEC1Ev called 1 returned 100% blocks executed 100%
function _ZNSt3__16vectorIPN7testing9TestSuiteENS_9allocatorIS3_EEEC1Ev called 1 returned 100% blocks executed 100%
function _ZNSt3__16vectorIPcNS_9allocatorIS1_EEEC1Ev called 0 returned 0% blocks executed 0%
function _ZNSt3__16vectorIPcNS_9allocatorIS1_EEEC2Ev called 0 returned 0% blocks executed 0%
function _ZNSt3__16vectorIPN7testing17TestEventListenerENS_9allocatorIS3_EEEC1Ev called 1 returned 100% blocks executed 100%
function _ZNSt3__16vectorIPN7testing17TestEventListenerENS_9allocatorIS3_EEEC2Ev called 1 returned 100% blocks executed 100%
function _ZNSt3__16vectorIPN7testing8internal30ParameterizedTestSuiteInfoBaseENS_9allocatorIS4_EEEC1Ev called 1 returned 100% blocks executed 100%
function _ZNSt3__16vectorIPN7testing8internal30ParameterizedTestSuiteInfoBaseENS_9allocatorIS4_EEEC2Ev called 1 returned 100% blocks executed 100%
function _ZNSt3__16vectorIN7testing14TestPartResultENS_9allocatorIS2_EEEC2Ev called 13 returned 100% blocks executed 100%
function _ZNSt3__16vectorINS_12basic_stringIcNS_11char_traitsIcEENS_9allocatorIcEEEENS4_IS6_EEEC2Ev called 17 returned 100% blocks executed 100%
function _ZNSt3__16vectorIN7testing8internal13edit_distance8EditTypeENS_9allocatorIS4_EEEC2Ev called 0 returned 0% blocks executed 0%
function _ZNSt3__16vectorImNS_9allocatorImEEEC2Ev called 0 returned 0% blocks executed 0%
function _ZNSt3__16vectorIN7testing12TestPropertyENS_9allocatorIS2_EEEC2Ev called 13 returned 100% blocks executed 100%
function _ZNSt3__16vectorIPN7testing8TestInfoENS_9allocatorIS3_EEEC2Ev called 2 returned 100% blocks executed 100%
function _ZNSt3__16vectorIiNS_9allocatorIiEEEC2Ev called 3 returned 100% blocks executed 100%
function _ZNSt3__16vectorIPN7testing11EnvironmentENS_9allocatorIS3_EEEC2Ev called 1 returned 100% blocks executed 100%
function _ZNSt3__16vectorIPN7testing9TestSuiteENS_9allocatorIS3_EEEC2Ev called 1 returned 100% blocks executed 100%
function _ZNSt3__16vectorIN7testing8internal9TraceInfoENS_9allocatorIS3_EEEC1Ev called 0 returned 0% blocks executed 0%
function _ZNSt3__16vectorIN7testing8internal9TraceInfoENS_9allocatorIS3_EEEC2Ev called 0 returned 0% blocks executed 0%
      104:  497:    vector() _NOEXCEPT_(is_nothrow_default_constructible<allocator_type>::value)
       17:  497-block  0
    $$$$$:  497-block  1
    $$$$$:  497-block  2
       13:  497-block  3
       13:  497-block  4
        2:  497-block  5
        3:  497-block  6
        1:  497-block  7
        1:  497-block  8
    $$$$$:  497-block  9
    $$$$$:  497-block 10
        1:  497-block 11
        1:  497-block 12
        1:  497-block 13
        1:  497-block 14
       13:  497-block 15
       17:  497-block 16
    $$$$$:  497-block 17
    $$$$$:  497-block 18
       13:  497-block 19
        2:  497-block 20
        3:  497-block 21
        1:  497-block 22
        1:  497-block 23
    $$$$$:  497-block 24
    $$$$$:  497-block 25
      104:  498:        {
        -:  499:#if _LIBCPP_DEBUG_LEVEL >= 2
        -:  500:            __get_db()->__insert_c(this);
        -:  501:#endif
      104:  502:        }
       17:  502-block  0
    $$$$$:  502-block  1
    $$$$$:  502-block  2
       13:  502-block  3
       13:  502-block  4
        2:  502-block  5
        3:  502-block  6
        1:  502-block  7
        1:  502-block  8
    $$$$$:  502-block  9
    $$$$$:  502-block 10
        1:  502-block 11
        1:  502-block 12
        1:  502-block 13
        1:  502-block 14
       13:  502-block 15
       17:  502-block 16
    $$$$$:  502-block 17
    $$$$$:  502-block 18
       13:  502-block 19
        2:  502-block 20
        3:  502-block 21
        1:  502-block 22
        1:  502-block 23
    $$$$$:  502-block 24
    $$$$$:  502-block 25
        -:  503:    _LIBCPP_INLINE_VISIBILITY explicit vector(const allocator_type& __a)
        -:  504:#if _LIBCPP_STD_VER <= 14
        -:  505:        _NOEXCEPT_(is_nothrow_copy_constructible<allocator_type>::value)
        -:  506:#else
        -:  507:        _NOEXCEPT
        -:  508:#endif
        -:  509:        : __base(__a)
        -:  510:    {
        -:  511:#if _LIBCPP_DEBUG_LEVEL >= 2
        -:  512:        __get_db()->__insert_c(this);
        -:  513:#endif
        -:  514:    }
    #####:  515:    explicit vector(size_type __n);
        -:  516:#if _LIBCPP_STD_VER > 11
        -:  517:    explicit vector(size_type __n, const allocator_type& __a);
        -:  518:#endif
    #####:  519:    vector(size_type __n, const value_type& __x);
        -:  520:    vector(size_type __n, const value_type& __x, const allocator_type& __a);
        -:  521:    template <class _InputIterator>
        -:  522:        vector(_InputIterator __first,
        -:  523:               typename enable_if<__is_cpp17_input_iterator  <_InputIterator>::value &&
        -:  524:                                 !__is_cpp17_forward_iterator<_InputIterator>::value &&
        -:  525:                                 is_constructible<
        -:  526:                                    value_type,
        -:  527:                                    typename iterator_traits<_InputIterator>::reference>::value,
        -:  528:                                 _InputIterator>::type __last);
        -:  529:    template <class _InputIterator>
        -:  530:        vector(_InputIterator __first, _InputIterator __last, const allocator_type& __a,
        -:  531:               typename enable_if<__is_cpp17_input_iterator  <_InputIterator>::value &&
        -:  532:                                 !__is_cpp17_forward_iterator<_InputIterator>::value &&
        -:  533:                                 is_constructible<
        -:  534:                                    value_type,
        -:  535:                                    typename iterator_traits<_InputIterator>::reference>::value>::type* = 0);
        -:  536:    template <class _ForwardIterator>
    #####:  537:        vector(_ForwardIterator __first,
        -:  538:               typename enable_if<__is_cpp17_forward_iterator<_ForwardIterator>::value &&
        -:  539:                                 is_constructible<
        -:  540:                                    value_type,
        -:  541:                                    typename iterator_traits<_ForwardIterator>::reference>::value,
        -:  542:                                 _ForwardIterator>::type __last);
        -:  543:    template <class _ForwardIterator>
        -:  544:        vector(_ForwardIterator __first, _ForwardIterator __last, const allocator_type& __a,
        -:  545:               typename enable_if<__is_cpp17_forward_iterator<_ForwardIterator>::value &&
        -:  546:                                 is_constructible<
        -:  547:                                    value_type,
        -:  548:                                    typename iterator_traits<_ForwardIterator>::reference>::value>::type* = 0);
        -:  549:
        -:  550:    _LIBCPP_INLINE_VISIBILITY
function _ZNSt3__16vectorINS_12basic_stringIcNS_11char_traitsIcEENS_9allocatorIcEEEENS4_IS6_EEED1Ev called 19 returned 100% blocks executed 100%
function _ZNSt3__16vectorIdNS_9allocatorIdEEED1Ev called 0 returned 0% blocks executed 0%
function _ZNSt3__16vectorIN7testing8internal13edit_distance8EditTypeENS_9allocatorIS4_EEED1Ev called 0 returned 0% blocks executed 0%
function _ZNSt3__16vectorINS0_IN7testing8internal13edit_distance8EditTypeENS_9allocatorIS4_EEEENS5_IS7_EEED1Ev called 0 returned 0% blocks executed 0%
function _ZNSt3__16vectorINS0_IdNS_9allocatorIdEEEENS1_IS3_EEED1Ev called 0 returned 0% blocks executed 0%
function _ZNSt3__16vectorImNS_9allocatorImEEED1Ev called 0 returned 0% blocks executed 0%
function _ZNSt3__16vectorIN7testing12TestPropertyENS_9allocatorIS2_EEED1Ev called 13 returned 100% blocks executed 100%
function _ZNSt3__16vectorIN7testing14TestPartResultENS_9allocatorIS2_EEED1Ev called 13 returned 100% blocks executed 100%
function _ZNSt3__16vectorIiNS_9allocatorIiEEED1Ev called 3 returned 100% blocks executed 100%
function _ZNSt3__16vectorIPN7testing8TestInfoENS_9allocatorIS3_EEED1Ev called 2 returned 100% blocks executed 100%
function _ZNSt3__16vectorIPN7testing17TestEventListenerENS_9allocatorIS3_EEED1Ev called 1 returned 100% blocks executed 100%
function _ZNSt3__16vectorIPN7testing9TestSuiteENS_9allocatorIS3_EEED1Ev called 1 returned 100% blocks executed 100%
function _ZNSt3__16vectorIPN7testing11EnvironmentENS_9allocatorIS3_EEED1Ev called 1 returned 100% blocks executed 100%
function _ZNSt3__16vectorIPcNS_9allocatorIS1_EEED1Ev called 0 returned 0% blocks executed 0%
function _ZNSt3__16vectorIPcNS_9allocatorIS1_EEED2Ev called 0 returned 0% blocks executed 0%
function _ZNSt3__16vectorIPN7testing8internal30ParameterizedTestSuiteInfoBaseENS_9allocatorIS4_EEED1Ev called 1 returned 100% blocks executed 100%
function _ZNSt3__16vectorIPN7testing8internal30ParameterizedTestSuiteInfoBaseENS_9allocatorIS4_EEED2Ev called 1 returned 100% blocks executed 100%
function _ZNSt3__16vectorIN7testing14TestPartResultENS_9allocatorIS2_EEED2Ev called 13 returned 100% blocks executed 100%
function _ZNSt3__16vectorINS_12basic_stringIcNS_11char_traitsIcEENS_9allocatorIcEEEENS4_IS6_EEED2Ev called 19 returned 100% blocks executed 100%
function _ZNSt3__16vectorIdNS_9allocatorIdEEED2Ev called 0 returned 0% blocks executed 0%
function _ZNSt3__16vectorINS0_IdNS_9allocatorIdEEEENS1_IS3_EEED2Ev called 0 returned 0% blocks executed 0%
function _ZNSt3__16vectorIN7testing8internal13edit_distance8EditTypeENS_9allocatorIS4_EEED2Ev called 0 returned 0% blocks executed 0%
function _ZNSt3__16vectorINS0_IN7testing8internal13edit_distance8EditTypeENS_9allocatorIS4_EEEENS5_IS7_EEED2Ev called 0 returned 0% blocks executed 0%
function _ZNSt3__16vectorImNS_9allocatorImEEED2Ev called 0 returned 0% blocks executed 0%
function _ZNSt3__16vectorIN7testing12TestPropertyENS_9allocatorIS2_EEED2Ev called 13 returned 100% blocks executed 100%
function _ZNSt3__16vectorIPN7testing8TestInfoENS_9allocatorIS3_EEED2Ev called 2 returned 100% blocks executed 100%
function _ZNSt3__16vectorIiNS_9allocatorIiEEED2Ev called 3 returned 100% blocks executed 100%
function _ZNSt3__16vectorIPN7testing17TestEventListenerENS_9allocatorIS3_EEED2Ev called 1 returned 100% blocks executed 100%
function _ZNSt3__16vectorIN7testing8internal9TraceInfoENS_9allocatorIS3_EEED1Ev called 0 returned 0% blocks executed 0%
function _ZNSt3__16vectorIN7testing8internal9TraceInfoENS_9allocatorIS3_EEED2Ev called 0 returned 0% blocks executed 0%
function _ZNSt3__16vectorIPN7testing11EnvironmentENS_9allocatorIS3_EEED2Ev called 1 returned 100% blocks executed 100%
function _ZNSt3__16vectorIPN7testing9TestSuiteENS_9allocatorIS3_EEED2Ev called 1 returned 100% blocks executed 100%
      108:  551:    ~vector()
       19:  551-block  0
    $$$$$:  551-block  1
    $$$$$:  551-block  2
    $$$$$:  551-block  3
    $$$$$:  551-block  4
    $$$$$:  551-block  5
       13:  551-block  6
       13:  551-block  7
        3:  551-block  8
        2:  551-block  9
        1:  551-block 10
        1:  551-block 11
        1:  551-block 12
    $$$$$:  551-block 13
    $$$$$:  551-block 14
        1:  551-block 15
        1:  551-block 16
       13:  551-block 17
       19:  551-block 18
    $$$$$:  551-block 19
    $$$$$:  551-block 20
    $$$$$:  551-block 21
    $$$$$:  551-block 22
    $$$$$:  551-block 23
       13:  551-block 24
        2:  551-block 25
        3:  551-block 26
        1:  551-block 27
    $$$$$:  551-block 28
    $$$$$:  551-block 29
        1:  551-block 30
        1:  551-block 31
       54:  552:    {
       54:  553:        __annotate_delete();
        -:  554:#if _LIBCPP_DEBUG_LEVEL >= 2
        -:  555:        __get_db()->__erase_c(this);
        -:  556:#endif
      108:  557:    }
       19:  557-block  0
    $$$$$:  557-block  1
    $$$$$:  557-block  2
    $$$$$:  557-block  3
    $$$$$:  557-block  4
    $$$$$:  557-block  5
       13:  557-block  6
       13:  557-block  7
        3:  557-block  8
        2:  557-block  9
        1:  557-block 10
        1:  557-block 11
        1:  557-block 12
    $$$$$:  557-block 13
    $$$$$:  557-block 14
        1:  557-block 15
        1:  557-block 16
       13:  557-block 17
       19:  557-block 18
    $$$$$:  557-block 19
    $$$$$:  557-block 20
    $$$$$:  557-block 21
    $$$$$:  557-block 22
    $$$$$:  557-block 23
       13:  557-block 24
        2:  557-block 25
        3:  557-block 26
        1:  557-block 27
    $$$$$:  557-block 28
    $$$$$:  557-block 29
        1:  557-block 30
        1:  557-block 31
        -:  558:
        -:  559:    vector(const vector& __x);
        -:  560:    vector(const vector& __x, const allocator_type& __a);
        -:  561:    _LIBCPP_INLINE_VISIBILITY
        -:  562:    vector& operator=(const vector& __x);
        -:  563:
        -:  564:#ifndef _LIBCPP_CXX03_LANG
        -:  565:    _LIBCPP_INLINE_VISIBILITY
        -:  566:    vector(initializer_list<value_type> __il);
        -:  567:
        -:  568:    _LIBCPP_INLINE_VISIBILITY
        -:  569:    vector(initializer_list<value_type> __il, const allocator_type& __a);
        -:  570:
        -:  571:    _LIBCPP_INLINE_VISIBILITY
        -:  572:    vector(vector&& __x)
        -:  573:#if _LIBCPP_STD_VER > 14
        -:  574:        _NOEXCEPT;
        -:  575:#else
        -:  576:        _NOEXCEPT_(is_nothrow_move_constructible<allocator_type>::value);
        -:  577:#endif
        -:  578:
        -:  579:    _LIBCPP_INLINE_VISIBILITY
        -:  580:    vector(vector&& __x, const allocator_type& __a);
        -:  581:    _LIBCPP_INLINE_VISIBILITY
        -:  582:    vector& operator=(vector&& __x)
        -:  583:        _NOEXCEPT_((__noexcept_move_assign_container<_Allocator, __alloc_traits>::value));
        -:  584:
        -:  585:    _LIBCPP_INLINE_VISIBILITY
        -:  586:    vector& operator=(initializer_list<value_type> __il)
        -:  587:        {assign(__il.begin(), __il.end()); return *this;}
        -:  588:
        -:  589:#endif  // !_LIBCPP_CXX03_LANG
        -:  590:
        -:  591:    template <class _InputIterator>
        -:  592:        typename enable_if
        -:  593:        <
        -:  594:             __is_cpp17_input_iterator  <_InputIterator>::value &&
        -:  595:            !__is_cpp17_forward_iterator<_InputIterator>::value &&
        -:  596:            is_constructible<
        -:  597:                 value_type,
        -:  598:                 typename iterator_traits<_InputIterator>::reference>::value,
        -:  599:            void
        -:  600:        >::type
        -:  601:        assign(_InputIterator __first, _InputIterator __last);
        -:  602:    template <class _ForwardIterator>
        -:  603:        typename enable_if
        -:  604:        <
        -:  605:            __is_cpp17_forward_iterator<_ForwardIterator>::value &&
        -:  606:            is_constructible<
        -:  607:                 value_type,
        -:  608:                 typename iterator_traits<_ForwardIterator>::reference>::value,
        -:  609:            void
        -:  610:        >::type
        -:  611:        assign(_ForwardIterator __first, _ForwardIterator __last);
        -:  612:
        -:  613:    void assign(size_type __n, const_reference __u);
        -:  614:
        -:  615:#ifndef _LIBCPP_CXX03_LANG
        -:  616:    _LIBCPP_INLINE_VISIBILITY
        -:  617:    void assign(initializer_list<value_type> __il)
        -:  618:        {assign(__il.begin(), __il.end());}
        -:  619:#endif
        -:  620:
        -:  621:    _LIBCPP_INLINE_VISIBILITY
        -:  622:    allocator_type get_allocator() const _NOEXCEPT
        -:  623:        {return this->__alloc();}
        -:  624:
        -:  625:    _LIBCPP_INLINE_VISIBILITY iterator               begin() _NOEXCEPT;
        -:  626:    _LIBCPP_INLINE_VISIBILITY const_iterator         begin()   const _NOEXCEPT;
        -:  627:    _LIBCPP_INLINE_VISIBILITY iterator               end() _NOEXCEPT;
        -:  628:    _LIBCPP_INLINE_VISIBILITY const_iterator         end()     const _NOEXCEPT;
        -:  629:
        -:  630:    _LIBCPP_INLINE_VISIBILITY
function _ZNSt3__16vectorIPN7testing9TestSuiteENS_9allocatorIS3_EEE6rbeginEv called 10 returned 0% blocks executed 75%
function _ZNSt3__16vectorIPN7testing11EnvironmentENS_9allocatorIS3_EEE6rbeginEv called 1 returned 0% blocks executed 75%
       11:  631:    reverse_iterator       rbegin() _NOEXCEPT
       10:  631-block  0
        1:  631-block  1
       11:  632:        {return       reverse_iterator(end());}
       10:  632-block  0
branch  0 taken 10
branch  1 taken 0
       10:  632-block  1
    $$$$$:  632-block  2
        1:  632-block  3
branch  2 taken 1
branch  3 taken 0
        1:  632-block  4
    $$$$$:  632-block  5
        -:  633:    _LIBCPP_INLINE_VISIBILITY
        -:  634:    const_reverse_iterator rbegin()  const _NOEXCEPT
        -:  635:        {return const_reverse_iterator(end());}
        -:  636:    _LIBCPP_INLINE_VISIBILITY
function _ZNSt3__16vectorIPN7testing9TestSuiteENS_9allocatorIS3_EEE4rendEv called 20 returned 0% blocks executed 75%
function _ZNSt3__16vectorIPN7testing11EnvironmentENS_9allocatorIS3_EEE4rendEv called 1 returned 0% blocks executed 75%
       21:  637:    reverse_iterator       rend() _NOEXCEPT
       20:  637-block  0
        1:  637-block  1
       21:  638:        {return       reverse_iterator(begin());}
       20:  638-block  0
branch  0 taken 20
branch  1 taken 0
       20:  638-block  1
    $$$$$:  638-block  2
        1:  638-block  3
branch  2 taken 1
branch  3 taken 0
        1:  638-block  4
    $$$$$:  638-block  5
        -:  639:    _LIBCPP_INLINE_VISIBILITY
[...]
        -: 2955:    if (__n > 0)
        -: 2956:    {
        -: 2957:        size_type __c = capacity();
        -: 2958:        if (__n <= __c)
        -: 2959:            __size_ = __n;
        -: 2960:        else
        -: 2961:        {
        -: 2962:            vector __v(__alloc());
        -: 2963:            __v.reserve(__recommend(__n));
        -: 2964:            __v.__size_ = __n;
        -: 2965:            swap(__v);
        -: 2966:        }
        -: 2967:        _VSTD::fill_n(begin(), __n, __x);
        -: 2968:    }
        -: 2969:  __invalidate_all_iterators();
        -: 2970:}
        -: 2971:
        -: 2972:template <class _Allocator>
        -: 2973:template <class _InputIterator>
        -: 2974:typename enable_if
        -: 2975:<
        -: 2976:    __is_cpp17_input_iterator<_InputIterator>::value &&
        -: 2977:   !__is_cpp17_forward_iterator<_InputIterator>::value,
        -: 2978:   void
        -: 2979:>::type
        -: 2980:vector<bool, _Allocator>::assign(_InputIterator __first, _InputIterator __last)
        -: 2981:{
        -: 2982:    clear();
        -: 2983:    for (; __first != __last; ++__first)
        -: 2984:        push_back(*__first);
        -: 2985:}
        -: 2986:
        -: 2987:template <class _Allocator>
        -: 2988:template <class _ForwardIterator>
        -: 2989:typename enable_if
        -: 2990:<
        -: 2991:    __is_cpp17_forward_iterator<_ForwardIterator>::value,
        -: 2992:   void
        -: 2993:>::type
        -: 2994:vector<bool, _Allocator>::assign(_ForwardIterator __first, _ForwardIterator __last)
        -: 2995:{
        -: 2996:    clear();
        -: 2997:    difference_type __ns = _VSTD::distance(__first, __last);
        -: 2998:    _LIBCPP_ASSERT(__ns >= 0, "invalid range specified");
        -: 2999:    const size_t __n = static_cast<size_type>(__ns);
        -: 3000:    if (__n)
        -: 3001:    {
        -: 3002:        if (__n > capacity())
        -: 3003:        {
        -: 3004:            __vdeallocate();
        -: 3005:            __vallocate(__n);
        -: 3006:        }
        -: 3007:        __construct_at_end(__first, __last);
        -: 3008:    }
        -: 3009:}
        -: 3010:
        -: 3011:template <class _Allocator>
        -: 3012:void
        -: 3013:vector<bool, _Allocator>::reserve(size_type __n)
        -: 3014:{
        -: 3015:    if (__n > capacity())
        -: 3016:    {
        -: 3017:        vector __v(this->__alloc());
        -: 3018:        __v.__vallocate(__n);
        -: 3019:        __v.__construct_at_end(this->begin(), this->end());
        -: 3020:        swap(__v);
        -: 3021:        __invalidate_all_iterators();
        -: 3022:    }
        -: 3023:}
        -: 3024:
        -: 3025:template <class _Allocator>
        -: 3026:void
        -: 3027:vector<bool, _Allocator>::shrink_to_fit() _NOEXCEPT
        -: 3028:{
        -: 3029:    if (__external_cap_to_internal(size()) > __cap())
        -: 3030:    {
        -: 3031:#ifndef _LIBCPP_NO_EXCEPTIONS
        -: 3032:        try
        -: 3033:        {
        -: 3034:#endif  // _LIBCPP_NO_EXCEPTIONS
        -: 3035:            vector(*this, allocator_type(__alloc())).swap(*this);
        -: 3036:#ifndef _LIBCPP_NO_EXCEPTIONS
        -: 3037:        }
        -: 3038:        catch (...)
        -: 3039:        {
        -: 3040:        }
        -: 3041:#endif  // _LIBCPP_NO_EXCEPTIONS
        -: 3042:    }
        -: 3043:}
        -: 3044:
        -: 3045:template <class _Allocator>
        -: 3046:typename vector<bool, _Allocator>::reference
        -: 3047:vector<bool, _Allocator>::at(size_type __n)
        -: 3048:{
        -: 3049:    if (__n >= size())
        -: 3050:        this->__throw_out_of_range();
        -: 3051:    return (*this)[__n];
        -: 3052:}
        -: 3053:
        -: 3054:template <class _Allocator>
        -: 3055:typename vector<bool, _Allocator>::const_reference
        -: 3056:vector<bool, _Allocator>::at(size_type __n) const
        -: 3057:{
        -: 3058:    if (__n >= size())
        -: 3059:        this->__throw_out_of_range();
        -: 3060:    return (*this)[__n];
        -: 3061:}
        -: 3062:
        -: 3063:template <class _Allocator>
        -: 3064:void
        -: 3065:vector<bool, _Allocator>::push_back(const value_type& __x)
        -: 3066:{
        -: 3067:    if (this->__size_ == this->capacity())
        -: 3068:        reserve(__recommend(this->__size_ + 1));
        -: 3069:    ++this->__size_;
        -: 3070:    back() = __x;
        -: 3071:}
        -: 3072:
        -: 3073:template <class _Allocator>
        -: 3074:typename vector<bool, _Allocator>::iterator
        -: 3075:vector<bool, _Allocator>::insert(const_iterator __position, const value_type& __x)
        -: 3076:{
        -: 3077:    iterator __r;
        -: 3078:    if (size() < capacity())
        -: 3079:    {
        -: 3080:        const_iterator __old_end = end();
        -: 3081:        ++__size_;
        -: 3082:        _VSTD::copy_backward(__position, __old_end, end());
        -: 3083:        __r = __const_iterator_cast(__position);
        -: 3084:    }
        -: 3085:    else
        -: 3086:    {
        -: 3087:        vector __v(__alloc());
        -: 3088:        __v.reserve(__recommend(__size_ + 1));
        -: 3089:        __v.__size_ = __size_ + 1;
        -: 3090:        __r = _VSTD::copy(cbegin(), __position, __v.begin());
        -: 3091:        _VSTD::copy_backward(__position, cend(), __v.end());
        -: 3092:        swap(__v);
        -: 3093:    }
        -: 3094:    *__r = __x;
        -: 3095:    return __r;
        -: 3096:}
        -: 3097:
        -: 3098:template <class _Allocator>
        -: 3099:typename vector<bool, _Allocator>::iterator
        -: 3100:vector<bool, _Allocator>::insert(const_iterator __position, size_type __n, const value_type& __x)
        -: 3101:{
        -: 3102:    iterator __r;
        -: 3103:    size_type __c = capacity();
        -: 3104:    if (__n <= __c && size() <= __c - __n)
        -: 3105:    {
        -: 3106:        const_iterator __old_end = end();
        -: 3107:        __size_ += __n;
        -: 3108:        _VSTD::copy_backward(__position, __old_end, end());
        -: 3109:        __r = __const_iterator_cast(__position);
        -: 3110:    }
        -: 3111:    else
        -: 3112:    {
        -: 3113:        vector __v(__alloc());
        -: 3114:        __v.reserve(__recommend(__size_ + __n));
        -: 3115:        __v.__size_ = __size_ + __n;
        -: 3116:        __r = _VSTD::copy(cbegin(), __position, __v.begin());
        -: 3117:        _VSTD::copy_backward(__position, cend(), __v.end());
        -: 3118:        swap(__v);
        -: 3119:    }
        -: 3120:    _VSTD::fill_n(__r, __n, __x);
        -: 3121:    return __r;
        -: 3122:}
        -: 3123:
        -: 3124:template <class _Allocator>
        -: 3125:template <class _InputIterator>
        -: 3126:typename enable_if
        -: 3127:<
        -: 3128:     __is_cpp17_input_iterator  <_InputIterator>::value &&
        -: 3129:    !__is_cpp17_forward_iterator<_InputIterator>::value,
        -: 3130:    typename vector<bool, _Allocator>::iterator
        -: 3131:>::type
        -: 3132:vector<bool, _Allocator>::insert(const_iterator __position, _InputIterator __first, _InputIterator __last)
        -: 3133:{
        -: 3134:    difference_type __off = __position - begin();
        -: 3135:    iterator __p = __const_iterator_cast(__position);
        -: 3136:    iterator __old_end = end();
        -: 3137:    for (; size() != capacity() && __first != __last; ++__first)
        -: 3138:    {
        -: 3139:        ++this->__size_;
        -: 3140:        back() = *__first;
        -: 3141:    }
        -: 3142:    vector __v(__alloc());
        -: 3143:    if (__first != __last)
        -: 3144:    {
        -: 3145:#ifndef _LIBCPP_NO_EXCEPTIONS
        -: 3146:        try
        -: 3147:        {
        -: 3148:#endif  // _LIBCPP_NO_EXCEPTIONS
        -: 3149:            __v.assign(__first, __last);
        -: 3150:            difference_type __old_size = static_cast<difference_type>(__old_end - begin());
        -: 3151:            difference_type __old_p = __p - begin();
        -: 3152:            reserve(__recommend(size() + __v.size()));
        -: 3153:            __p = begin() + __old_p;
        -: 3154:            __old_end = begin() + __old_size;
        -: 3155:#ifndef _LIBCPP_NO_EXCEPTIONS
        -: 3156:        }
        -: 3157:        catch (...)
        -: 3158:        {
        -: 3159:            erase(__old_end, end());
        -: 3160:            throw;
        -: 3161:        }
        -: 3162:#endif  // _LIBCPP_NO_EXCEPTIONS
        -: 3163:    }
        -: 3164:    __p = _VSTD::rotate(__p, __old_end, end());
        -: 3165:    insert(__p, __v.begin(), __v.end());
        -: 3166:    return begin() + __off;
        -: 3167:}
        -: 3168:
        -: 3169:template <class _Allocator>
        -: 3170:template <class _ForwardIterator>
        -: 3171:typename enable_if
        -: 3172:<
        -: 3173:    __is_cpp17_forward_iterator<_ForwardIterator>::value,
        -: 3174:    typename vector<bool, _Allocator>::iterator
        -: 3175:>::type
        -: 3176:vector<bool, _Allocator>::insert(const_iterator __position, _ForwardIterator __first, _ForwardIterator __last)
        -: 3177:{
        -: 3178:    const difference_type __n_signed = _VSTD::distance(__first, __last);
        -: 3179:    _LIBCPP_ASSERT(__n_signed >= 0, "invalid range specified");
        -: 3180:    const size_type __n = static_cast<size_type>(__n_signed);
        -: 3181:    iterator __r;
        -: 3182:    size_type __c = capacity();
        -: 3183:    if (__n <= __c && size() <= __c - __n)
        -: 3184:    {
        -: 3185:        const_iterator __old_end = end();
        -: 3186:        __size_ += __n;
        -: 3187:        _VSTD::copy_backward(__position, __old_end, end());
        -: 3188:        __r = __const_iterator_cast(__position);
        -: 3189:    }
        -: 3190:    else
        -: 3191:    {
        -: 3192:        vector __v(__alloc());
        -: 3193:        __v.reserve(__recommend(__size_ + __n));
        -: 3194:        __v.__size_ = __size_ + __n;
        -: 3195:        __r = _VSTD::copy(cbegin(), __position, __v.begin());
        -: 3196:        _VSTD::copy_backward(__position, cend(), __v.end());
        -: 3197:        swap(__v);
        -: 3198:    }
        -: 3199:    _VSTD::copy(__first, __last, __r);
        -: 3200:    return __r;
        -: 3201:}
        -: 3202:
        -: 3203:template <class _Allocator>
        -: 3204:inline _LIBCPP_INLINE_VISIBILITY
        -: 3205:typename vector<bool, _Allocator>::iterator
        -: 3206:vector<bool, _Allocator>::erase(const_iterator __position)
        -: 3207:{
        -: 3208:    iterator __r = __const_iterator_cast(__position);
        -: 3209:    _VSTD::copy(__position + 1, this->cend(), __r);
        -: 3210:    --__size_;
        -: 3211:    return __r;
        -: 3212:}
        -: 3213:
        -: 3214:template <class _Allocator>
        -: 3215:typename vector<bool, _Allocator>::iterator
        -: 3216:vector<bool, _Allocator>::erase(const_iterator __first, const_iterator __last)
        -: 3217:{
        -: 3218:    iterator __r = __const_iterator_cast(__first);
        -: 3219:    difference_type __d = __last - __first;
        -: 3220:    _VSTD::copy(__last, this->cend(), __r);
        -: 3221:    __size_ -= __d;
        -: 3222:    return __r;
        -: 3223:}
        -: 3224:
        -: 3225:template <class _Allocator>
        -: 3226:void
        -: 3227:vector<bool, _Allocator>::swap(vector& __x)
        -: 3228:#if _LIBCPP_STD_VER >= 14
        -: 3229:    _NOEXCEPT
        -: 3230:#else
        -: 3231:    _NOEXCEPT_(!__alloc_traits::propagate_on_container_swap::value ||
        -: 3232:                __is_nothrow_swappable<allocator_type>::value)
        -: 3233:#endif
        -: 3234:{
        -: 3235:    _VSTD::swap(this->__begin_, __x.__begin_);
        -: 3236:    _VSTD::swap(this->__size_, __x.__size_);
        -: 3237:    _VSTD::swap(this->__cap(), __x.__cap());
        -: 3238:    __swap_allocator(this->__alloc(), __x.__alloc(),
        -: 3239:        integral_constant<bool, __alloc_traits::propagate_on_container_swap::value>());
        -: 3240:}
        -: 3241:
        -: 3242:template <class _Allocator>
        -: 3243:void
        -: 3244:vector<bool, _Allocator>::resize(size_type __sz, value_type __x)
        -: 3245:{
        -: 3246:    size_type __cs = size();
        -: 3247:    if (__cs < __sz)
        -: 3248:    {
        -: 3249:        iterator __r;
        -: 3250:        size_type __c = capacity();
        -: 3251:        size_type __n = __sz - __cs;
        -: 3252:        if (__n <= __c && __cs <= __c - __n)
        -: 3253:        {
        -: 3254:            __r = end();
        -: 3255:            __size_ += __n;
        -: 3256:        }
        -: 3257:        else
        -: 3258:        {
        -: 3259:            vector __v(__alloc());
        -: 3260:            __v.reserve(__recommend(__size_ + __n));
        -: 3261:            __v.__size_ = __size_ + __n;
        -: 3262:            __r = _VSTD::copy(cbegin(), cend(), __v.begin());
        -: 3263:            swap(__v);
        -: 3264:        }
        -: 3265:        _VSTD::fill_n(__r, __n, __x);
        -: 3266:    }
        -: 3267:    else
        -: 3268:        __size_ = __sz;
        -: 3269:}
        -: 3270:
        -: 3271:template <class _Allocator>
        -: 3272:void
        -: 3273:vector<bool, _Allocator>::flip() _NOEXCEPT
        -: 3274:{
        -: 3275:    // do middle whole words
        -: 3276:    size_type __n = __size_;
        -: 3277:    __storage_pointer __p = __begin_;
        -: 3278:    for (; __n >= __bits_per_word; ++__p, __n -= __bits_per_word)
        -: 3279:        *__p = ~*__p;
        -: 3280:    // do last partial word
        -: 3281:    if (__n > 0)
        -: 3282:    {
        -: 3283:        __storage_type __m = ~__storage_type(0) >> (__bits_per_word - __n);
        -: 3284:        __storage_type __b = *__p & __m;
        -: 3285:        *__p &= ~__m;
        -: 3286:        *__p |= ~__b & __m;
        -: 3287:    }
        -: 3288:}
        -: 3289:
        -: 3290:template <class _Allocator>
        -: 3291:bool
        -: 3292:vector<bool, _Allocator>::__invariants() const
        -: 3293:{
        -: 3294:    if (this->__begin_ == nullptr)
        -: 3295:    {
        -: 3296:        if (this->__size_ != 0 || this->__cap() != 0)
        -: 3297:            return false;
        -: 3298:    }
        -: 3299:    else
        -: 3300:    {
        -: 3301:        if (this->__cap() == 0)
        -: 3302:            return false;
        -: 3303:        if (this->__size_ > this->capacity())
        -: 3304:            return false;
        -: 3305:    }
        -: 3306:    return true;
        -: 3307:}
        -: 3308:
        -: 3309:template <class _Allocator>
        -: 3310:size_t
        -: 3311:vector<bool, _Allocator>::__hash_code() const _NOEXCEPT
        -: 3312:{
        -: 3313:    size_t __h = 0;
        -: 3314:    // do middle whole words
        -: 3315:    size_type __n = __size_;
        -: 3316:    __storage_pointer __p = __begin_;
        -: 3317:    for (; __n >= __bits_per_word; ++__p, __n -= __bits_per_word)
        -: 3318:        __h ^= *__p;
        -: 3319:    // do last partial word
        -: 3320:    if (__n > 0)
        -: 3321:    {
        -: 3322:        const __storage_type __m = ~__storage_type(0) >> (__bits_per_word - __n);
        -: 3323:        __h ^= *__p & __m;
        -: 3324:    }
        -: 3325:    return __h;
        -: 3326:}
        -: 3327:
        -: 3328:template <class _Allocator>
        -: 3329:struct _LIBCPP_TEMPLATE_VIS hash<vector<bool, _Allocator> >
        -: 3330:    : public unary_function<vector<bool, _Allocator>, size_t>
        -: 3331:{
        -: 3332:    _LIBCPP_INLINE_VISIBILITY
        -: 3333:    size_t operator()(const vector<bool, _Allocator>& __vec) const _NOEXCEPT
        -: 3334:        {return __vec.__hash_code();}
        -: 3335:};
        -: 3336:
        -: 3337:template <class _Tp, class _Allocator>
        -: 3338:inline _LIBCPP_INLINE_VISIBILITY
        -: 3339:bool
        -: 3340:operator==(const vector<_Tp, _Allocator>& __x, const vector<_Tp, _Allocator>& __y)
        -: 3341:{
        -: 3342:    const typename vector<_Tp, _Allocator>::size_type __sz = __x.size();
        -: 3343:    return __sz == __y.size() && _VSTD::equal(__x.begin(), __x.end(), __y.begin());
        -: 3344:}
        -: 3345:
        -: 3346:template <class _Tp, class _Allocator>
        -: 3347:inline _LIBCPP_INLINE_VISIBILITY
        -: 3348:bool
        -: 3349:operator!=(const vector<_Tp, _Allocator>& __x, const vector<_Tp, _Allocator>& __y)
        -: 3350:{
        -: 3351:    return !(__x == __y);
        -: 3352:}
        -: 3353:
        -: 3354:template <class _Tp, class _Allocator>
        -: 3355:inline _LIBCPP_INLINE_VISIBILITY
        -: 3356:bool
        -: 3357:operator< (const vector<_Tp, _Allocator>& __x, const vector<_Tp, _Allocator>& __y)
        -: 3358:{
        -: 3359:    return _VSTD::lexicographical_compare(__x.begin(), __x.end(), __y.begin(), __y.end());
        -: 3360:}
        -: 3361:
        -: 3362:template <class _Tp, class _Allocator>
        -: 3363:inline _LIBCPP_INLINE_VISIBILITY
        -: 3364:bool
        -: 3365:operator> (const vector<_Tp, _Allocator>& __x, const vector<_Tp, _Allocator>& __y)
        -: 3366:{
        -: 3367:    return __y < __x;
        -: 3368:}
        -: 3369:
        -: 3370:template <class _Tp, class _Allocator>
        -: 3371:inline _LIBCPP_INLINE_VISIBILITY
        -: 3372:bool
        -: 3373:operator>=(const vector<_Tp, _Allocator>& __x, const vector<_Tp, _Allocator>& __y)
        -: 3374:{
        -: 3375:    return !(__x < __y);
        -: 3376:}
        -: 3377:
        -: 3378:template <class _Tp, class _Allocator>
        -: 3379:inline _LIBCPP_INLINE_VISIBILITY
        -: 3380:bool
        -: 3381:operator<=(const vector<_Tp, _Allocator>& __x, const vector<_Tp, _Allocator>& __y)
        -: 3382:{
        -: 3383:    return !(__y < __x);
        -: 3384:}
        -: 3385:
        -: 3386:template <class _Tp, class _Allocator>
        -: 3387:inline _LIBCPP_INLINE_VISIBILITY
        -: 3388:void
        -: 3389:swap(vector<_Tp, _Allocator>& __x, vector<_Tp, _Allocator>& __y)
        -: 3390:    _NOEXCEPT_(_NOEXCEPT_(__x.swap(__y)))
        -: 3391:{
        -: 3392:    __x.swap(__y);
        -: 3393:}
        -: 3394:
        -: 3395:#if _LIBCPP_STD_VER > 17
        -: 3396:template <class _Tp, class _Allocator, class _Up>
        -: 3397:inline _LIBCPP_INLINE_VISIBILITY typename vector<_Tp, _Allocator>::size_type
        -: 3398:erase(vector<_Tp, _Allocator>& __c, const _Up& __v) {
        -: 3399:  auto __old_size = __c.size();
        -: 3400:  __c.erase(_VSTD::remove(__c.begin(), __c.end(), __v), __c.end());
        -: 3401:  return __old_size - __c.size();
        -: 3402:}
        -: 3403:
        -: 3404:template <class _Tp, class _Allocator, class _Predicate>
        -: 3405:inline _LIBCPP_INLINE_VISIBILITY typename vector<_Tp, _Allocator>::size_type
        -: 3406:erase_if(vector<_Tp, _Allocator>& __c, _Predicate __pred) {
        -: 3407:  auto __old_size = __c.size();
        -: 3408:  __c.erase(_VSTD::remove_if(__c.begin(), __c.end(), __pred), __c.end());
        -: 3409:  return __old_size - __c.size();
        -: 3410:}
        -: 3411:#endif
        -: 3412:
        -: 3413:_LIBCPP_END_NAMESPACE_STD
        -: 3414:
        -: 3415:_LIBCPP_POP_MACROS
        -: 3416:
        -: 3417:#endif  // _LIBCPP_VECTOR
