        -:    0:Source:/Users/sadovinama/CLionProjects/formal_practice/CYK_and_Earley/cmake-build-debug/_deps/googletest-src/googletest/src/gtest-death-test.cc
        -:    0:Graph:/Users/sadovinama/CLionProjects/formal_practice/CYK_and_Earley/cmake-build-debug/_deps/googletest-build/googletest/CMakeFiles/gtest.dir/src/gtest-all.cc.gcno
        -:    0:Data:/Users/sadovinama/CLionProjects/formal_practice/CYK_and_Earley/cmake-build-debug/_deps/googletest-build/googletest/CMakeFiles/gtest.dir/src/gtest-all.cc.gcda
        -:    0:Runs:1
        -:    0:Programs:1
        -:    1:// Copyright 2005, Google Inc.
        -:    2:// All rights reserved.
        -:    3://
        -:    4:// Redistribution and use in source and binary forms, with or without
        -:    5:// modification, are permitted provided that the following conditions are
        -:    6:// met:
        -:    7://
        -:    8://     * Redistributions of source code must retain the above copyright
        -:    9:// notice, this list of conditions and the following disclaimer.
        -:   10://     * Redistributions in binary form must reproduce the above
        -:   11:// copyright notice, this list of conditions and the following disclaimer
        -:   12:// in the documentation and/or other materials provided with the
        -:   13:// distribution.
        -:   14://     * Neither the name of Google Inc. nor the names of its
        -:   15:// contributors may be used to endorse or promote products derived from
        -:   16:// this software without specific prior written permission.
        -:   17://
        -:   18:// THIS SOFTWARE IS PROVIDED BY THE COPYRIGHT HOLDERS AND CONTRIBUTORS
        -:   19:// "AS IS" AND ANY EXPRESS OR IMPLIED WARRANTIES, INCLUDING, BUT NOT
        -:   20:// LIMITED TO, THE IMPLIED WARRANTIES OF MERCHANTABILITY AND FITNESS FOR
        -:   21:// A PARTICULAR PURPOSE ARE DISCLAIMED. IN NO EVENT SHALL THE COPYRIGHT
        -:   22:// OWNER OR CONTRIBUTORS BE LIABLE FOR ANY DIRECT, INDIRECT, INCIDENTAL,
        -:   23:// SPECIAL, EXEMPLARY, OR CONSEQUENTIAL DAMAGES (INCLUDING, BUT NOT
        -:   24:// LIMITED TO, PROCUREMENT OF SUBSTITUTE GOODS OR SERVICES; LOSS OF USE,
        -:   25:// DATA, OR PROFITS; OR BUSINESS INTERRUPTION) HOWEVER CAUSED AND ON ANY
        -:   26:// THEORY OF LIABILITY, WHETHER IN CONTRACT, STRICT LIABILITY, OR TORT
        -:   27:// (INCLUDING NEGLIGENCE OR OTHERWISE) ARISING IN ANY WAY OUT OF THE USE
        -:   28:// OF THIS SOFTWARE, EVEN IF ADVISED OF THE POSSIBILITY OF SUCH DAMAGE.
        -:   29:
        -:   30://
        -:   31:// This file implements death tests.
        -:   32:
        -:   33:#include "gtest/gtest-death-test.h"
        -:   34:
        -:   35:#include <functional>
        -:   36:#include <utility>
        -:   37:
        -:   38:#include "gtest/internal/custom/gtest.h"
        -:   39:#include "gtest/internal/gtest-port.h"
        -:   40:
        -:   41:#if GTEST_HAS_DEATH_TEST
        -:   42:
        -:   43:#if GTEST_OS_MAC
        -:   44:#include <crt_externs.h>
        -:   45:#endif  // GTEST_OS_MAC
        -:   46:
        -:   47:#include <errno.h>
        -:   48:#include <fcntl.h>
        -:   49:#include <limits.h>
        -:   50:
        -:   51:#if GTEST_OS_LINUX
        -:   52:#include <signal.h>
        -:   53:#endif  // GTEST_OS_LINUX
        -:   54:
        -:   55:#include <stdarg.h>
        -:   56:
        -:   57:#if GTEST_OS_WINDOWS
        -:   58:#include <windows.h>
        -:   59:#else
        -:   60:#include <sys/mman.h>
        -:   61:#include <sys/wait.h>
        -:   62:#endif  // GTEST_OS_WINDOWS
        -:   63:
        -:   64:#if GTEST_OS_QNX
        -:   65:#include <spawn.h>
        -:   66:#endif  // GTEST_OS_QNX
        -:   67:
        -:   68:#if GTEST_OS_FUCHSIA
        -:   69:#include <lib/fdio/fd.h>
        -:   70:#include <lib/fdio/io.h>
        -:   71:#include <lib/fdio/spawn.h>
        -:   72:#include <lib/zx/channel.h>
        -:   73:#include <lib/zx/port.h>
        -:   74:#include <lib/zx/process.h>
        -:   75:#include <lib/zx/socket.h>
        -:   76:#include <zircon/processargs.h>
        -:   77:#include <zircon/syscalls.h>
        -:   78:#include <zircon/syscalls/policy.h>
        -:   79:#include <zircon/syscalls/port.h>
        -:   80:#endif  // GTEST_OS_FUCHSIA
        -:   81:
        -:   82:#endif  // GTEST_HAS_DEATH_TEST
        -:   83:
        -:   84:#include "gtest/gtest-message.h"
        -:   85:#include "gtest/internal/gtest-string.h"
        -:   86:#include "src/gtest-internal-inl.h"
        -:   87:
        -:   88:namespace testing {
        -:   89:
        -:   90:// Constants.
        -:   91:
        -:   92:// The default death test style.
        -:   93://
        -:   94:// This is defined in internal/gtest-port.h as "fast", but can be overridden by
        -:   95:// a definition in internal/custom/gtest-port.h. The recommended value, which is
        -:   96:// used internally at Google, is "threadsafe".
        -:   97:static const char kDefaultDeathTestStyle[] = GTEST_DEFAULT_DEATH_TEST_STYLE;
        -:   98:
        -:   99:}  // namespace testing
        -:  100:
function __cxx_global_var_init called 1 returned 100% blocks executed 100%
        1:  101:GTEST_DEFINE_string_(
        1:  101-block  0
        1:  101-block  1
        -:  102:    death_test_style,
        -:  103:    testing::internal::StringFromGTestEnv("death_test_style",
        -:  104:                                          testing::kDefaultDeathTestStyle),
        -:  105:    "Indicates how to run a death test in a forked child process: "
        -:  106:    "\"threadsafe\" (child process re-executes the test binary "
        -:  107:    "from the beginning, running only the specific death test) or "
        -:  108:    "\"fast\" (child process runs the death test immediately "
        -:  109:    "after forking).");
        -:  110:
function __cxx_global_var_init.1 called 1 returned 100% blocks executed 100%
        1:  111:GTEST_DEFINE_bool_(
        1:  111-block  0
        1:  111-block  1
        -:  112:    death_test_use_fork,
        -:  113:    testing::internal::BoolFromGTestEnv("death_test_use_fork", false),
        -:  114:    "Instructs to use fork()/_exit() instead of clone() in death tests. "
        -:  115:    "Ignored and always uses fork() on POSIX systems where clone() is not "
        -:  116:    "implemented. Useful when running under valgrind or similar tools if "
        -:  117:    "those do not support clone(). Valgrind 3.3.1 will just fail if "
        -:  118:    "it sees an unsupported combination of clone() flags. "
        -:  119:    "It is not recommended to use this flag w/o valgrind though it will "
        -:  120:    "work in 99% of the cases. Once valgrind is fixed, this flag will "
        -:  121:    "most likely be removed.");
        -:  122:
function __cxx_global_var_init.3 called 1 returned 100% blocks executed 100%
        1:  123:GTEST_DEFINE_string_(
        1:  123-block  0
        1:  123-block  1
        -:  124:    internal_run_death_test, "",
        -:  125:    "Indicates the file, line number, temporal index of "
        -:  126:    "the single death test to run, and a file descriptor to "
        -:  127:    "which a success code may be sent, all separated by "
        -:  128:    "the '|' characters.  This flag is specified if and only if the "
        -:  129:    "current process is a sub-process launched for running a thread-safe "
        -:  130:    "death test.  FOR INTERNAL USE ONLY.");
        -:  131:
        -:  132:namespace testing {
        -:  133:
        -:  134:#if GTEST_HAS_DEATH_TEST
        -:  135:
        -:  136:namespace internal {
        -:  137:
        -:  138:// Valid only for fast death tests. Indicates the code is running in the
        -:  139:// child process of a fast style death test.
        -:  140:#if !GTEST_OS_WINDOWS && !GTEST_OS_FUCHSIA
        -:  141:static bool g_in_fast_death_test_child = false;
        -:  142:#endif
        -:  143:
        -:  144:// Returns a Boolean value indicating whether the caller is currently
        -:  145:// executing in the context of the death test child process.  Tools such as
        -:  146:// Valgrind heap checkers may need this to modify their behavior in death
        -:  147:// tests.  IMPORTANT: This is an internal utility.  Using it may break the
        -:  148:// implementation of death tests.  User code MUST NOT use it.
function _ZN7testing8internal16InDeathTestChildEv called 0 returned 0% blocks executed 0%
    #####:  149:bool InDeathTestChild() {
        -:  150:#if GTEST_OS_WINDOWS || GTEST_OS_FUCHSIA
        -:  151:
        -:  152:  // On Windows and Fuchsia, death tests are thread-safe regardless of the value
        -:  153:  // of the death_test_style flag.
        -:  154:  return !GTEST_FLAG_GET(internal_run_death_test).empty();
        -:  155:
        -:  156:#else
        -:  157:
    #####:  158:  if (GTEST_FLAG_GET(death_test_style) == "threadsafe")
    $$$$$:  158-block  0
    $$$$$:  158-block  1
branch  0 never executed
branch  1 never executed
    #####:  159:    return !GTEST_FLAG_GET(internal_run_death_test).empty();
    $$$$$:  159-block  0
        -:  160:  else
    #####:  161:    return g_in_fast_death_test_child;
    $$$$$:  161-block  0
        -:  162:#endif
    #####:  163:}
    $$$$$:  163-block  0
        -:  164:
        -:  165:}  // namespace internal
        -:  166:
        -:  167:// ExitedWithCode constructor.
function _ZN7testing14ExitedWithCodeC2Ei called 0 returned 0% blocks executed 0%
function _ZN7testing14ExitedWithCodeC1Ei called 0 returned 0% blocks executed 0%
    #####:  168:ExitedWithCode::ExitedWithCode(int exit_code) : exit_code_(exit_code) {}
    $$$$$:  168-block  0
    $$$$$:  168-block  1
    $$$$$:  168-block  2
    $$$$$:  168-block  3
        -:  169:
        -:  170:// ExitedWithCode function-call operator.
function _ZNK7testing14ExitedWithCodeclEi called 0 returned 0% blocks executed 0%
    #####:  171:bool ExitedWithCode::operator()(int exit_status) const {
    $$$$$:  171-block  0
        -:  172:#if GTEST_OS_WINDOWS || GTEST_OS_FUCHSIA
        -:  173:
        -:  174:  return exit_status == exit_code_;
        -:  175:
        -:  176:#else
        -:  177:
    #####:  178:  return WIFEXITED(exit_status) && WEXITSTATUS(exit_status) == exit_code_;
    $$$$$:  178-block  0
branch  0 never executed
branch  1 never executed
    $$$$$:  178-block  1
    $$$$$:  178-block  2
        -:  179:
        -:  180:#endif  // GTEST_OS_WINDOWS || GTEST_OS_FUCHSIA
        -:  181:}
        -:  182:
        -:  183:#if !GTEST_OS_WINDOWS && !GTEST_OS_FUCHSIA
        -:  184:// KilledBySignal constructor.
function _ZN7testing14KilledBySignalC2Ei called 0 returned 0% blocks executed 0%
function _ZN7testing14KilledBySignalC1Ei called 0 returned 0% blocks executed 0%
    #####:  185:KilledBySignal::KilledBySignal(int signum) : signum_(signum) {}
    $$$$$:  185-block  0
    $$$$$:  185-block  1
    $$$$$:  185-block  2
    $$$$$:  185-block  3
        -:  186:
        -:  187:// KilledBySignal function-call operator.
function _ZNK7testing14KilledBySignalclEi called 0 returned 0% blocks executed 0%
    #####:  188:bool KilledBySignal::operator()(int exit_status) const {
    $$$$$:  188-block  0
        -:  189:#if defined(GTEST_KILLED_BY_SIGNAL_OVERRIDE_)
        -:  190:  {
        -:  191:    bool result;
        -:  192:    if (GTEST_KILLED_BY_SIGNAL_OVERRIDE_(signum_, exit_status, &result)) {
        -:  193:      return result;
        -:  194:    }
        -:  195:  }
        -:  196:#endif  // defined(GTEST_KILLED_BY_SIGNAL_OVERRIDE_)
    #####:  197:  return WIFSIGNALED(exit_status) && WTERMSIG(exit_status) == signum_;
    $$$$$:  197-block  0
branch  0 never executed
branch  1 never executed
    $$$$$:  197-block  1
branch  2 never executed
branch  3 never executed
    $$$$$:  197-block  2
    $$$$$:  197-block  3
        -:  198:}
        -:  199:#endif  // !GTEST_OS_WINDOWS && !GTEST_OS_FUCHSIA
        -:  200:
        -:  201:namespace internal {
        -:  202:
        -:  203:// Utilities needed for death tests.
        -:  204:
        -:  205:// Generates a textual description of a given exit code, in the format
        -:  206:// specified by wait(2).
function _ZN7testing8internalL11ExitSummaryEi called 0 returned 0% blocks executed 0%
    #####:  207:static std::string ExitSummary(int exit_code) {
    $$$$$:  207-block  0
    #####:  208:  Message m;
        -:  209:
        -:  210:#if GTEST_OS_WINDOWS || GTEST_OS_FUCHSIA
        -:  211:
        -:  212:  m << "Exited with exit status " << exit_code;
        -:  213:
        -:  214:#else
        -:  215:
    #####:  216:  if (WIFEXITED(exit_code)) {
    $$$$$:  216-block  0
branch  0 never executed
branch  1 never executed
    #####:  217:    m << "Exited with exit status " << WEXITSTATUS(exit_code);
    $$$$$:  217-block  0
branch  0 never executed
branch  1 never executed
    $$$$$:  217-block  1
branch  2 never executed
branch  3 never executed
    #####:  218:  } else if (WIFSIGNALED(exit_code)) {
    $$$$$:  218-block  0
    $$$$$:  218-block  1
branch  0 never executed
branch  1 never executed
    $$$$$:  218-block  2
branch  2 never executed
branch  3 never executed
    #####:  219:    m << "Terminated by signal " << WTERMSIG(exit_code);
    $$$$$:  219-block  0
branch  0 never executed
branch  1 never executed
    $$$$$:  219-block  1
branch  2 never executed
branch  3 never executed
    #####:  220:  }
    $$$$$:  220-block  0
        -:  221:#ifdef WCOREDUMP
    #####:  222:  if (WCOREDUMP(exit_code)) {
    $$$$$:  222-block  0
branch  0 never executed
branch  1 never executed
    #####:  223:    m << " (core dumped)";
    $$$$$:  223-block  0
branch  0 never executed
branch  1 never executed
    #####:  224:  }
    $$$$$:  224-block  0
        -:  225:#endif
        -:  226:#endif  // GTEST_OS_WINDOWS || GTEST_OS_FUCHSIA
        -:  227:
    #####:  228:  return m.GetString();
    $$$$$:  228-block  0
branch  0 never executed
branch  1 never executed
    #####:  229:}
    $$$$$:  229-block  0
    $$$$$:  229-block  1
    $$$$$:  229-block  2
        -:  230:
        -:  231:// Returns true if exit_status describes a process that was terminated
        -:  232:// by a signal, or exited normally with a nonzero exit code.
function _ZN7testing8internal20ExitedUnsuccessfullyEi called 0 returned 0% blocks executed 0%
    #####:  233:bool ExitedUnsuccessfully(int exit_status) {
    $$$$$:  233-block  0
    #####:  234:  return !ExitedWithCode(0)(exit_status);
    $$$$$:  234-block  0
        -:  235:}
        -:  236:
        -:  237:#if !GTEST_OS_WINDOWS && !GTEST_OS_FUCHSIA
        -:  238:// Generates a textual failure message when a death test finds more than
        -:  239:// one thread running, or cannot determine the number of threads, prior
        -:  240:// to executing the given statement.  It is the responsibility of the
        -:  241:// caller not to pass a thread_count of 1.
function _ZN7testing8internalL22DeathTestThreadWarningEm called 0 returned 0% blocks executed 0%
    #####:  242:static std::string DeathTestThreadWarning(size_t thread_count) {
    $$$$$:  242-block  0
    #####:  243:  Message msg;
    #####:  244:  msg << "Death tests use fork(), which is unsafe particularly"
    $$$$$:  244-block  0
branch  0 never executed
branch  1 never executed
    #####:  245:      << " in a threaded context. For this test, " << GTEST_NAME_ << " ";
    $$$$$:  245-block  0
branch  0 never executed
branch  1 never executed
    $$$$$:  245-block  1
branch  2 never executed
branch  3 never executed
    $$$$$:  245-block  2
branch  4 never executed
branch  5 never executed
    #####:  246:  if (thread_count == 0) {
    $$$$$:  246-block  0
branch  0 never executed
branch  1 never executed
    #####:  247:    msg << "couldn't detect the number of threads.";
    $$$$$:  247-block  0
branch  0 never executed
branch  1 never executed
    #####:  248:  } else {
    $$$$$:  248-block  0
    #####:  249:    msg << "detected " << thread_count << " threads.";
    $$$$$:  249-block  0
branch  0 never executed
branch  1 never executed
    $$$$$:  249-block  1
branch  2 never executed
branch  3 never executed
    $$$$$:  249-block  2
branch  4 never executed
branch  5 never executed
        -:  250:  }
    #####:  251:  msg << " See "
    $$$$$:  251-block  0
branch  0 never executed
branch  1 never executed
        -:  252:         "https://github.com/google/googletest/blob/master/docs/"
        -:  253:         "advanced.md#death-tests-and-threads"
    #####:  254:      << " for more explanation and suggested solutions, especially if"
    $$$$$:  254-block  0
branch  0 never executed
branch  1 never executed
    #####:  255:      << " this is the last message you see before your test times out.";
    $$$$$:  255-block  0
branch  0 never executed
branch  1 never executed
    #####:  256:  return msg.GetString();
    $$$$$:  256-block  0
branch  0 never executed
branch  1 never executed
    #####:  257:}
    $$$$$:  257-block  0
    $$$$$:  257-block  1
    $$$$$:  257-block  2
        -:  258:#endif  // !GTEST_OS_WINDOWS && !GTEST_OS_FUCHSIA
        -:  259:
        -:  260:// Flag characters for reporting a death test that did not die.
        -:  261:static const char kDeathTestLived = 'L';
        -:  262:static const char kDeathTestReturned = 'R';
        -:  263:static const char kDeathTestThrew = 'T';
        -:  264:static const char kDeathTestInternalError = 'I';
        -:  265:
        -:  266:#if GTEST_OS_FUCHSIA
        -:  267:
        -:  268:// File descriptor used for the pipe in the child process.
        -:  269:static const int kFuchsiaReadPipeFd = 3;
        -:  270:
        -:  271:#endif
        -:  272:
        -:  273:// An enumeration describing all of the possible ways that a death test can
        -:  274:// conclude.  DIED means that the process died while executing the test
        -:  275:// code; LIVED means that process lived beyond the end of the test code;
        -:  276:// RETURNED means that the test statement attempted to execute a return
        -:  277:// statement, which is not allowed; THREW means that the test statement
        -:  278:// returned control by throwing an exception.  IN_PROGRESS means the test
        -:  279:// has not yet concluded.
        -:  280:enum DeathTestOutcome { IN_PROGRESS, DIED, LIVED, RETURNED, THREW };
        -:  281:
        -:  282:// Routine for aborting the program which is safe to call from an
        -:  283:// exec-style death test child process, in which case the error
        -:  284:// message is propagated back to the parent process.  Otherwise, the
        -:  285:// message is simply printed to stderr.  In either case, the program
        -:  286:// then exits with status 1.
function _ZN7testing8internalL14DeathTestAbortERKNSt3__112basic_stringIcNS1_11char_traitsIcEENS1_9allocatorIcEEEE called 0 returned 0% blocks executed 0%
    #####:  287:static void DeathTestAbort(const std::string& message) {
    $$$$$:  287-block  0
        -:  288:  // On a POSIX system, this function may be called from a threadsafe-style
        -:  289:  // death test child process, which operates on a very small stack.  Use
        -:  290:  // the heap for any additional non-minuscule memory requirements.
    #####:  291:  const InternalRunDeathTestFlag* const flag =
    #####:  292:      GetUnitTestImpl()->internal_run_death_test_flag();
    #####:  293:  if (flag != nullptr) {
    $$$$$:  293-block  0
branch  0 never executed
branch  1 never executed
    #####:  294:    FILE* parent = posix::FDOpen(flag->write_fd(), "w");
    #####:  295:    fputc(kDeathTestInternalError, parent);
    #####:  296:    fprintf(parent, "%s", message.c_str());
    #####:  297:    fflush(parent);
    #####:  298:    _exit(1);
    $$$$$:  298-block  0
        -:  299:  } else {
    #####:  300:    fprintf(stderr, "%s", message.c_str());
    #####:  301:    fflush(stderr);
    #####:  302:    posix::Abort();
    $$$$$:  302-block  0
        -:  303:  }
        -:  304:}
        -:  305:
        -:  306:// A replacement for CHECK that calls DeathTestAbort if the assertion
        -:  307:// fails.
        -:  308:#define GTEST_DEATH_TEST_CHECK_(expression)                              \
        -:  309:  do {                                                                   \
        -:  310:    if (!::testing::internal::IsTrue(expression)) {                      \
        -:  311:      DeathTestAbort(::std::string("CHECK failed: File ") + __FILE__ +   \
        -:  312:                     ", line " +                                         \
        -:  313:                     ::testing::internal::StreamableToString(__LINE__) + \
        -:  314:                     ": " + #expression);                                \
        -:  315:    }                                                                    \
        -:  316:  } while (::testing::internal::AlwaysFalse())
        -:  317:
        -:  318:// This macro is similar to GTEST_DEATH_TEST_CHECK_, but it is meant for
        -:  319:// evaluating any system call that fulfills two conditions: it must return
        -:  320:// -1 on failure, and set errno to EINTR when it is interrupted and
        -:  321:// should be tried again.  The macro expands to a loop that repeatedly
        -:  322:// evaluates the expression as long as it evaluates to -1 and sets
        -:  323:// errno to EINTR.  If the expression evaluates to -1 but errno is
        -:  324:// something other than EINTR, DeathTestAbort is called.
        -:  325:#define GTEST_DEATH_TEST_CHECK_SYSCALL_(expression)                      \
        -:  326:  do {                                                                   \
        -:  327:    int gtest_retval;                                                    \
        -:  328:    do {                                                                 \
        -:  329:      gtest_retval = (expression);                                       \
        -:  330:    } while (gtest_retval == -1 && errno == EINTR);                      \
        -:  331:    if (gtest_retval == -1) {                                            \
        -:  332:      DeathTestAbort(::std::string("CHECK failed: File ") + __FILE__ +   \
        -:  333:                     ", line " +                                         \
        -:  334:                     ::testing::internal::StreamableToString(__LINE__) + \
        -:  335:                     ": " + #expression + " != -1");                     \
        -:  336:    }                                                                    \
        -:  337:  } while (::testing::internal::AlwaysFalse())
        -:  338:
        -:  339:// Returns the message describing the last system error in errno.
function _ZN7testing8internal23GetLastErrnoDescriptionEv called 0 returned 0% blocks executed 0%
    #####:  340:std::string GetLastErrnoDescription() {
    $$$$$:  340-block  0
    #####:  341:  return errno == 0 ? "" : posix::StrError(errno);
    $$$$$:  341-block  0
branch  0 never executed
branch  1 never executed
    $$$$$:  341-block  1
    $$$$$:  341-block  2
    $$$$$:  341-block  3
        -:  342:}
        -:  343:
        -:  344:// This is called from a death test parent process to read a failure
        -:  345:// message from the death test child process and log it with the FATAL
        -:  346:// severity. On Windows, the message is read from a pipe handle. On other
        -:  347:// platforms, it is read from a file descriptor.
function _ZN7testing8internalL21FailFromInternalErrorEi called 0 returned 0% blocks executed 0%
    #####:  348:static void FailFromInternalError(int fd) {
    $$$$$:  348-block  0
    #####:  349:  Message error;
        -:  350:  char buffer[256];
        -:  351:  int num_read;
        -:  352:
    #####:  353:  do {
    $$$$$:  353-block  0
    #####:  354:    while ((num_read = posix::Read(fd, buffer, 255)) > 0) {
    $$$$$:  354-block  0
    $$$$$:  354-block  1
branch  0 never executed
branch  1 never executed
    $$$$$:  354-block  2
branch  2 never executed
branch  3 never executed
    $$$$$:  354-block  3
    #####:  355:      buffer[num_read] = '\0';
    #####:  356:      error << buffer;
    $$$$$:  356-block  0
branch  0 never executed
branch  1 never executed
        -:  357:    }
    #####:  358:  } while (num_read == -1 && errno == EINTR);
    $$$$$:  358-block  0
    $$$$$:  358-block  1
branch  0 never executed
branch  1 never executed
    $$$$$:  358-block  2
branch  2 never executed
branch  3 never executed
    $$$$$:  358-block  3
    $$$$$:  358-block  4
branch  4 never executed
branch  5 never executed
        -:  359:
    #####:  360:  if (num_read == 0) {
    $$$$$:  360-block  0
branch  0 never executed
branch  1 never executed
    #####:  361:    GTEST_LOG_(FATAL) << error.GetString();
    $$$$$:  361-block  0
branch  0 never executed
branch  1 never executed
    $$$$$:  361-block  1
branch  2 never executed
branch  3 never executed
    $$$$$:  361-block  2
branch  4 never executed
branch  5 never executed
    $$$$$:  361-block  3
branch  6 never executed
branch  7 never executed
    $$$$$:  361-block  4
    $$$$$:  361-block  5
    #####:  362:  } else {
    $$$$$:  362-block  0
    #####:  363:    const int last_error = errno;
    $$$$$:  363-block  0
branch  0 never executed
branch  1 never executed
    #####:  364:    GTEST_LOG_(FATAL) << "Error while reading death test internal: "
    $$$$$:  364-block  0
branch  0 never executed
branch  1 never executed
    $$$$$:  364-block  1
branch  2 never executed
branch  3 never executed
    $$$$$:  364-block  2
branch  4 never executed
branch  5 never executed
    $$$$$:  364-block  3
    $$$$$:  364-block  4
    $$$$$:  364-block  5
    #####:  365:                      << GetLastErrnoDescription() << " [" << last_error << "]";
    $$$$$:  365-block  0
branch  0 never executed
branch  1 never executed
    $$$$$:  365-block  1
branch  2 never executed
branch  3 never executed
    $$$$$:  365-block  2
branch  4 never executed
branch  5 never executed
    $$$$$:  365-block  3
branch  6 never executed
branch  7 never executed
    $$$$$:  365-block  4
branch  8 never executed
branch  9 never executed
        -:  366:  }
    #####:  367:}
    $$$$$:  367-block  0
    $$$$$:  367-block  1
    $$$$$:  367-block  2
    $$$$$:  367-block  3
    $$$$$:  367-block  4
    $$$$$:  367-block  5
        -:  368:
        -:  369:// Death test constructor.  Increments the running death test count
        -:  370:// for the current test.
function _ZN7testing8internal9DeathTestC2Ev called 0 returned 0% blocks executed 0%
    #####:  371:DeathTest::DeathTest() {
    $$$$$:  371-block  0
    #####:  372:  TestInfo* const info = GetUnitTestImpl()->current_test_info();
    #####:  373:  if (info == nullptr) {
    $$$$$:  373-block  0
branch  0 never executed
branch  1 never executed
    #####:  374:    DeathTestAbort(
    $$$$$:  374-block  0
branch  0 never executed
branch  1 never executed
    $$$$$:  374-block  1
    $$$$$:  374-block  2
    #####:  375:        "Cannot run a death test outside of a TEST or "
        -:  376:        "TEST_F construct");
    #####:  377:  }
    $$$$$:  377-block  0
    #####:  378:}
    $$$$$:  378-block  0
        -:  379:
        -:  380:// Creates and returns a death test by dispatching to the current
        -:  381:// death test factory.
function _ZN7testing8internal9DeathTest6CreateEPKcNS_7MatcherIRKNSt3__112basic_stringIcNS5_11char_traitsIcEENS5_9allocatorIcEEEEEES3_iPPS1_ called 0 returned 0% blocks executed 0%
    #####:  382:bool DeathTest::Create(const char* statement,
    $$$$$:  382-block  0
        -:  383:                       Matcher<const std::string&> matcher, const char* file,
        -:  384:                       int line, DeathTest** test) {
    #####:  385:  return GetUnitTestImpl()->death_test_factory()->Create(
    $$$$$:  385-block  0
branch  0 never executed
branch  1 never executed
    $$$$$:  385-block  1
branch  2 never executed
branch  3 never executed
    $$$$$:  385-block  2
    $$$$$:  385-block  3
    $$$$$:  385-block  4
    #####:  386:      statement, std::move(matcher), file, line, test);
    #####:  387:}
        -:  388:
function _ZN7testing8internal9DeathTest11LastMessageEv called 0 returned 0% blocks executed 0%
    #####:  389:const char* DeathTest::LastMessage() {
    #####:  390:  return last_death_test_message_.c_str();
    $$$$$:  390-block  0
    $$$$$:  390-block  1
        -:  391:}
        -:  392:
function _ZN7testing8internal9DeathTest27set_last_death_test_messageERKNSt3__112basic_stringIcNS2_11char_traitsIcEENS2_9allocatorIcEEEE called 0 returned 0% blocks executed 0%
    #####:  393:void DeathTest::set_last_death_test_message(const std::string& message) {
    $$$$$:  393-block  0
    #####:  394:  last_death_test_message_ = message;
    #####:  395:}
    $$$$$:  395-block  0
        -:  396:
function __cxx_global_var_init.7 called 1 returned 100% blocks executed 100%
        1:  397:std::string DeathTest::last_death_test_message_;
        1:  397-block  0
        1:  397-block  1
        -:  398:
        -:  399:// Provides cross platform implementation for some death functionality.
        -:  400:class DeathTestImpl : public DeathTest {
        -:  401: protected:
function _ZN7testing8internal13DeathTestImplC2EPKcNS_7MatcherIRKNSt3__112basic_stringIcNS5_11char_traitsIcEENS5_9allocatorIcEEEEEE called 0 returned 0% blocks executed 0%
    #####:  402:  DeathTestImpl(const char* a_statement, Matcher<const std::string&> matcher)
    $$$$$:  402-block  0
    #####:  403:      : statement_(a_statement),
    #####:  404:        matcher_(std::move(matcher)),
    $$$$$:  404-block  0
branch  0 never executed
branch  1 never executed
    #####:  405:        spawned_(false),
    #####:  406:        status_(-1),
    #####:  407:        outcome_(IN_PROGRESS),
    #####:  408:        read_fd_(-1),
    #####:  409:        write_fd_(-1) {}
    $$$$$:  409-block  0
    $$$$$:  409-block  1
    $$$$$:  409-block  2
        -:  410:
        -:  411:  // read_fd_ is expected to be closed and cleared by a derived class.
function _ZN7testing8internal13DeathTestImplD1Ev called 0 returned 0% blocks executed 0%
function _ZN7testing8internal13DeathTestImplD0Ev called 0 returned 0% blocks executed 0%
function _ZN7testing8internal13DeathTestImplD2Ev called 0 returned 0% blocks executed 0%
    #####:  412:  ~DeathTestImpl() override { GTEST_DEATH_TEST_CHECK_(read_fd_ == -1); }
    $$$$$:  412-block  0
    $$$$$:  412-block  1
    $$$$$:  412-block  2
    $$$$$:  412-block  3
    $$$$$:  412-block  4
    $$$$$:  412-block  5
    $$$$$:  412-block  6
branch  0 never executed
branch  1 never executed
    $$$$$:  412-block  7
branch  2 never executed
branch  3 never executed
    $$$$$:  412-block  8
branch  4 never executed
branch  5 never executed
    $$$$$:  412-block  9
branch  6 never executed
branch  7 never executed
    $$$$$:  412-block 10
branch  8 never executed
branch  9 never executed
    $$$$$:  412-block 11
branch 10 never executed
branch 11 never executed
    $$$$$:  412-block 12
branch 12 never executed
branch 13 never executed
    $$$$$:  412-block 13
branch 14 never executed
branch 15 never executed
    $$$$$:  412-block 14
branch 16 never executed
branch 17 never executed
    $$$$$:  412-block 15
    $$$$$:  412-block 16
    $$$$$:  412-block 17
    $$$$$:  412-block 18
    $$$$$:  412-block 19
    $$$$$:  412-block 20
    $$$$$:  412-block 21
    $$$$$:  412-block 22
    $$$$$:  412-block 23
    $$$$$:  412-block 24
    $$$$$:  412-block 25
    $$$$$:  412-block 26
    $$$$$:  412-block 27
    $$$$$:  412-block 28
    $$$$$:  412-block 29
    $$$$$:  412-block 30
    $$$$$:  412-block 31
branch 18 never executed
branch 19 never executed
    $$$$$:  412-block 32
branch 20 never executed
branch 21 never executed
    $$$$$:  412-block 33
    $$$$$:  412-block 34
    $$$$$:  412-block 35
        -:  413:
        -:  414:  void Abort(AbortReason reason) override;
        -:  415:  bool Passed(bool status_ok) override;
        -:  416:
function _ZNK7testing8internal13DeathTestImpl9statementEv called 0 returned 0% blocks executed 0%
    #####:  417:  const char* statement() const { return statement_; }
    $$$$$:  417-block  0
    $$$$$:  417-block  1
function _ZNK7testing8internal13DeathTestImpl7spawnedEv called 0 returned 0% blocks executed 0%
    #####:  418:  bool spawned() const { return spawned_; }
    $$$$$:  418-block  0
    $$$$$:  418-block  1
function _ZN7testing8internal13DeathTestImpl11set_spawnedEb called 0 returned 0% blocks executed 0%
    #####:  419:  void set_spawned(bool is_spawned) { spawned_ = is_spawned; }
    $$$$$:  419-block  0
    $$$$$:  419-block  1
function _ZNK7testing8internal13DeathTestImpl6statusEv called 0 returned 0% blocks executed 0%
    #####:  420:  int status() const { return status_; }
    $$$$$:  420-block  0
    $$$$$:  420-block  1
function _ZN7testing8internal13DeathTestImpl10set_statusEi called 0 returned 0% blocks executed 0%
    #####:  421:  void set_status(int a_status) { status_ = a_status; }
    $$$$$:  421-block  0
    $$$$$:  421-block  1
function _ZNK7testing8internal13DeathTestImpl7outcomeEv called 0 returned 0% blocks executed 0%
    #####:  422:  DeathTestOutcome outcome() const { return outcome_; }
    $$$$$:  422-block  0
    $$$$$:  422-block  1
function _ZN7testing8internal13DeathTestImpl11set_outcomeENS0_16DeathTestOutcomeE called 0 returned 0% blocks executed 0%
    #####:  423:  void set_outcome(DeathTestOutcome an_outcome) { outcome_ = an_outcome; }
    $$$$$:  423-block  0
    $$$$$:  423-block  1
function _ZNK7testing8internal13DeathTestImpl7read_fdEv called 0 returned 0% blocks executed 0%
    #####:  424:  int read_fd() const { return read_fd_; }
    $$$$$:  424-block  0
    $$$$$:  424-block  1
function _ZN7testing8internal13DeathTestImpl11set_read_fdEi called 0 returned 0% blocks executed 0%
    #####:  425:  void set_read_fd(int fd) { read_fd_ = fd; }
    $$$$$:  425-block  0
    $$$$$:  425-block  1
function _ZNK7testing8internal13DeathTestImpl8write_fdEv called 0 returned 0% blocks executed 0%
    #####:  426:  int write_fd() const { return write_fd_; }
    $$$$$:  426-block  0
    $$$$$:  426-block  1
function _ZN7testing8internal13DeathTestImpl12set_write_fdEi called 0 returned 0% blocks executed 0%
    #####:  427:  void set_write_fd(int fd) { write_fd_ = fd; }
    $$$$$:  427-block  0
    $$$$$:  427-block  1
        -:  428:
        -:  429:  // Called in the parent process only. Reads the result code of the death
        -:  430:  // test child process via a pipe, interprets it to set the outcome_
        -:  431:  // member, and closes read_fd_.  Outputs diagnostics and terminates in
        -:  432:  // case of unexpected codes.
        -:  433:  void ReadAndInterpretStatusByte();
        -:  434:
        -:  435:  // Returns stderr output from the child process.
        -:  436:  virtual std::string GetErrorLogs();
        -:  437:
        -:  438: private:
        -:  439:  // The textual content of the code this object is testing.  This class
        -:  440:  // doesn't own this string and should not attempt to delete it.
        -:  441:  const char* const statement_;
        -:  442:  // A matcher that's expected to match the stderr output by the child process.
        -:  443:  Matcher<const std::string&> matcher_;
        -:  444:  // True if the death test child process has been successfully spawned.
        -:  445:  bool spawned_;
        -:  446:  // The exit status of the child process.
        -:  447:  int status_;
        -:  448:  // How the death test concluded.
        -:  449:  DeathTestOutcome outcome_;
        -:  450:  // Descriptor to the read end of the pipe to the child process.  It is
        -:  451:  // always -1 in the child process.  The child keeps its write end of the
        -:  452:  // pipe in write_fd_.
        -:  453:  int read_fd_;
        -:  454:  // Descriptor to the child's write end of the pipe to the parent process.
        -:  455:  // It is always -1 in the parent process.  The parent keeps its end of the
        -:  456:  // pipe in read_fd_.
        -:  457:  int write_fd_;
        -:  458:};
        -:  459:
        -:  460:// Called in the parent process only. Reads the result code of the death
        -:  461:// test child process via a pipe, interprets it to set the outcome_
        -:  462:// member, and closes read_fd_.  Outputs diagnostics and terminates in
        -:  463:// case of unexpected codes.
function _ZN7testing8internal13DeathTestImpl26ReadAndInterpretStatusByteEv called 0 returned 0% blocks executed 0%
    #####:  464:void DeathTestImpl::ReadAndInterpretStatusByte() {
    $$$$$:  464-block  0
        -:  465:  char flag;
        -:  466:  int bytes_read;
        -:  467:
        -:  468:  // The read() here blocks until data is available (signifying the
        -:  469:  // failure of the death test) or until the pipe is closed (signifying
        -:  470:  // its success), so it's okay to call this in the parent before
        -:  471:  // the child process has exited.
    #####:  472:  do {
    $$$$$:  472-block  0
    #####:  473:    bytes_read = posix::Read(read_fd(), &flag, 1);
    #####:  474:  } while (bytes_read == -1 && errno == EINTR);
    $$$$$:  474-block  0
    $$$$$:  474-block  1
branch  0 never executed
branch  1 never executed
    $$$$$:  474-block  2
    $$$$$:  474-block  3
branch  2 never executed
branch  3 never executed
        -:  475:
    #####:  476:  if (bytes_read == 0) {
    $$$$$:  476-block  0
branch  0 never executed
branch  1 never executed
    #####:  477:    set_outcome(DIED);
    #####:  478:  } else if (bytes_read == 1) {
    $$$$$:  478-block  0
    $$$$$:  478-block  1
branch  0 never executed
branch  1 never executed
    #####:  479:    switch (flag) {
    $$$$$:  479-block  0
branch  0 never executed
branch  1 never executed
branch  2 never executed
branch  3 never executed
branch  4 never executed
        -:  480:      case kDeathTestReturned:
    #####:  481:        set_outcome(RETURNED);
    #####:  482:        break;
    $$$$$:  482-block  0
        -:  483:      case kDeathTestThrew:
    #####:  484:        set_outcome(THREW);
    #####:  485:        break;
    $$$$$:  485-block  0
        -:  486:      case kDeathTestLived:
    #####:  487:        set_outcome(LIVED);
    #####:  488:        break;
    $$$$$:  488-block  0
        -:  489:      case kDeathTestInternalError:
    #####:  490:        FailFromInternalError(read_fd());  // Does not return.
    #####:  491:        break;
    $$$$$:  491-block  0
        -:  492:      default:
    #####:  493:        GTEST_LOG_(FATAL) << "Death test child process reported "
    $$$$$:  493-block  0
branch  0 never executed
branch  1 never executed
    $$$$$:  493-block  1
branch  2 never executed
branch  3 never executed
    $$$$$:  493-block  2
    $$$$$:  493-block  3
    #####:  494:                          << "unexpected status byte ("
    $$$$$:  494-block  0
branch  0 never executed
branch  1 never executed
    #####:  495:                          << static_cast<unsigned int>(flag) << ")";
    $$$$$:  495-block  0
branch  0 never executed
branch  1 never executed
    $$$$$:  495-block  1
branch  2 never executed
branch  3 never executed
    #####:  496:    }
    $$$$$:  496-block  0
    #####:  497:  } else {
    $$$$$:  497-block  0
    #####:  498:    GTEST_LOG_(FATAL) << "Read from death test child process failed: "
    $$$$$:  498-block  0
branch  0 never executed
branch  1 never executed
    $$$$$:  498-block  1
branch  2 never executed
branch  3 never executed
    $$$$$:  498-block  2
    $$$$$:  498-block  3
    $$$$$:  498-block  4
    #####:  499:                      << GetLastErrnoDescription();
    $$$$$:  499-block  0
branch  0 never executed
branch  1 never executed
    $$$$$:  499-block  1
branch  2 never executed
branch  3 never executed
        -:  500:  }
    #####:  501:  GTEST_DEATH_TEST_CHECK_SYSCALL_(posix::Close(read_fd()));
    $$$$$:  501-block  0
    $$$$$:  501-block  1
    $$$$$:  501-block  2
    $$$$$:  501-block  3
branch  0 never executed
branch  1 never executed
    $$$$$:  501-block  4
    $$$$$:  501-block  5
branch  2 never executed
branch  3 never executed
    $$$$$:  501-block  6
branch  4 never executed
branch  5 never executed
    $$$$$:  501-block  7
branch  6 never executed
branch  7 never executed
    $$$$$:  501-block  8
branch  8 never executed
branch  9 never executed
    $$$$$:  501-block  9
branch 10 never executed
branch 11 never executed
    $$$$$:  501-block 10
branch 12 never executed
branch 13 never executed
    $$$$$:  501-block 11
branch 14 never executed
branch 15 never executed
    $$$$$:  501-block 12
branch 16 never executed
branch 17 never executed
    $$$$$:  501-block 13
branch 18 never executed
branch 19 never executed
    $$$$$:  501-block 14
branch 20 never executed
branch 21 never executed
    $$$$$:  501-block 15
    $$$$$:  501-block 16
    $$$$$:  501-block 17
    $$$$$:  501-block 18
    $$$$$:  501-block 19
    $$$$$:  501-block 20
    $$$$$:  501-block 21
    $$$$$:  501-block 22
    $$$$$:  501-block 23
    $$$$$:  501-block 24
    $$$$$:  501-block 25
branch 22 never executed
branch 23 never executed
    #####:  502:  set_read_fd(-1);
    #####:  503:}
    $$$$$:  503-block  0
    $$$$$:  503-block  1
    $$$$$:  503-block  2
    $$$$$:  503-block  3
    $$$$$:  503-block  4
    $$$$$:  503-block  5
    $$$$$:  503-block  6
    $$$$$:  503-block  7
    $$$$$:  503-block  8
        -:  504:
function _ZN7testing8internal13DeathTestImpl12GetErrorLogsEv called 0 returned 0% blocks executed 0%
    #####:  505:std::string DeathTestImpl::GetErrorLogs() { return GetCapturedStderr(); }
    $$$$$:  505-block  0
    $$$$$:  505-block  1
        -:  506:
        -:  507:// Signals that the death test code which should have exited, didn't.
        -:  508:// Should be called only in a death test child process.
        -:  509:// Writes a status byte to the child's status file descriptor, then
        -:  510:// calls _exit(1).
function _ZN7testing8internal13DeathTestImpl5AbortENS0_9DeathTest11AbortReasonE called 0 returned 0% blocks executed 0%
    #####:  511:void DeathTestImpl::Abort(AbortReason reason) {
    $$$$$:  511-block  0
        -:  512:  // The parent process considers the death test to be a failure if
        -:  513:  // it finds any data in our pipe.  So, here we write a single flag byte
        -:  514:  // to the pipe, then exit.
    #####:  515:  const char status_ch = reason == TEST_DID_NOT_DIE       ? kDeathTestLived
    $$$$$:  515-block  0
branch  0 never executed
branch  1 never executed
    $$$$$:  515-block  1
    $$$$$:  515-block  2
    #####:  516:                         : reason == TEST_THREW_EXCEPTION ? kDeathTestThrew
        -:  517:                                                          : kDeathTestReturned;
        -:  518:
    #####:  519:  GTEST_DEATH_TEST_CHECK_SYSCALL_(posix::Write(write_fd(), &status_ch, 1));
    $$$$$:  519-block  0
    $$$$$:  519-block  1
    $$$$$:  519-block  2
    $$$$$:  519-block  3
branch  0 never executed
branch  1 never executed
    $$$$$:  519-block  4
    $$$$$:  519-block  5
branch  2 never executed
branch  3 never executed
    $$$$$:  519-block  6
branch  4 never executed
branch  5 never executed
    $$$$$:  519-block  7
branch  6 never executed
branch  7 never executed
    $$$$$:  519-block  8
branch  8 never executed
branch  9 never executed
    $$$$$:  519-block  9
branch 10 never executed
branch 11 never executed
    $$$$$:  519-block 10
branch 12 never executed
branch 13 never executed
    $$$$$:  519-block 11
branch 14 never executed
branch 15 never executed
    $$$$$:  519-block 12
branch 16 never executed
branch 17 never executed
    $$$$$:  519-block 13
branch 18 never executed
branch 19 never executed
    $$$$$:  519-block 14
branch 20 never executed
branch 21 never executed
    $$$$$:  519-block 15
    $$$$$:  519-block 16
    $$$$$:  519-block 17
    $$$$$:  519-block 18
    $$$$$:  519-block 19
    $$$$$:  519-block 20
    $$$$$:  519-block 21
    $$$$$:  519-block 22
    $$$$$:  519-block 23
    $$$$$:  519-block 24
    $$$$$:  519-block 25
branch 22 never executed
branch 23 never executed
    $$$$$:  519-block 26
        -:  520:  // We are leaking the descriptor here because on some platforms (i.e.,
        -:  521:  // when built as Windows DLL), destructors of global objects will still
        -:  522:  // run after calling _exit(). On such systems, write_fd_ will be
        -:  523:  // indirectly closed from the destructor of UnitTestImpl, causing double
        -:  524:  // close if it is also closed here. On debug configurations, double close
        -:  525:  // may assert. As there are no in-process buffers to flush here, we are
        -:  526:  // relying on the OS to close the descriptor after the process terminates
        -:  527:  // when the destructors are not run.
    #####:  528:  _exit(1);  // Exits w/o any normal exit hooks (we were supposed to crash)
    $$$$$:  528-block  0
    #####:  529:}
    $$$$$:  529-block  0
    $$$$$:  529-block  1
    $$$$$:  529-block  2
    $$$$$:  529-block  3
    $$$$$:  529-block  4
    $$$$$:  529-block  5
    $$$$$:  529-block  6
        -:  530:
        -:  531:// Returns an indented copy of stderr output for a death test.
        -:  532:// This makes distinguishing death test output lines from regular log lines
        -:  533:// much easier.
function _ZN7testing8internalL21FormatDeathTestOutputERKNSt3__112basic_stringIcNS1_11char_traitsIcEENS1_9allocatorIcEEEE called 0 returned 0% blocks executed 0%
    #####:  534:static ::std::string FormatDeathTestOutput(const ::std::string& output) {
    $$$$$:  534-block  0
    #####:  535:  ::std::string ret;
    #####:  536:  for (size_t at = 0;;) {
    $$$$$:  536-block  0
    $$$$$:  536-block  1
    #####:  537:    const size_t line_end = output.find('\n', at);
    #####:  538:    ret += "[  DEATH   ] ";
    $$$$$:  538-block  0
branch  0 never executed
branch  1 never executed
    #####:  539:    if (line_end == ::std::string::npos) {
    $$$$$:  539-block  0
branch  0 never executed
branch  1 never executed
    #####:  540:      ret += output.substr(at);
    $$$$$:  540-block  0
branch  0 never executed
branch  1 never executed
    $$$$$:  540-block  1
branch  2 never executed
branch  3 never executed
    $$$$$:  540-block  2
    #####:  541:      break;
    $$$$$:  541-block  0
        -:  542:    }
    #####:  543:    ret += output.substr(at, line_end + 1 - at);
    $$$$$:  543-block  0
branch  0 never executed
branch  1 never executed
    $$$$$:  543-block  1
branch  2 never executed
branch  3 never executed
    $$$$$:  543-block  2
    #####:  544:    at = line_end + 1;
        -:  545:  }
    #####:  546:  return ret;
    #####:  547:}
    $$$$$:  547-block  0
    $$$$$:  547-block  1
branch  0 never executed
branch  1 never executed
    $$$$$:  547-block  2
    $$$$$:  547-block  3
    $$$$$:  547-block  4
    $$$$$:  547-block  5
        -:  548:
        -:  549:// Assesses the success or failure of a death test, using both private
        -:  550:// members which have previously been set, and one argument:
        -:  551://
        -:  552:// Private data members:
        -:  553://   outcome:  An enumeration describing how the death test
        -:  554://             concluded: DIED, LIVED, THREW, or RETURNED.  The death test
        -:  555://             fails in the latter three cases.
        -:  556://   status:   The exit status of the child process. On *nix, it is in the
        -:  557://             in the format specified by wait(2). On Windows, this is the
        -:  558://             value supplied to the ExitProcess() API or a numeric code
        -:  559://             of the exception that terminated the program.
        -:  560://   matcher_: A matcher that's expected to match the stderr output by the child
        -:  561://             process.
        -:  562://
        -:  563:// Argument:
        -:  564://   status_ok: true if exit_status is acceptable in the context of
        -:  565://              this particular death test, which fails if it is false
        -:  566://
        -:  567:// Returns true if and only if all of the above conditions are met.  Otherwise,
        -:  568:// the first failing condition, in the order given above, is the one that is
        -:  569:// reported. Also sets the last death test message string.
function _ZN7testing8internal13DeathTestImpl6PassedEb called 0 returned 0% blocks executed 0%
    #####:  570:bool DeathTestImpl::Passed(bool status_ok) {
    $$$$$:  570-block  0
    #####:  571:  if (!spawned()) return false;
    $$$$$:  571-block  0
branch  0 never executed
branch  1 never executed
    $$$$$:  571-block  1
        -:  572:
    #####:  573:  const std::string error_message = GetErrorLogs();
        -:  574:
    #####:  575:  bool success = false;
    #####:  576:  Message buffer;
    $$$$$:  576-block  0
branch  0 never executed
branch  1 never executed
        -:  577:
    #####:  578:  buffer << "Death test: " << statement() << "\n";
    $$$$$:  578-block  0
branch  0 never executed
branch  1 never executed
    $$$$$:  578-block  1
branch  2 never executed
branch  3 never executed
    $$$$$:  578-block  2
branch  4 never executed
branch  5 never executed
    $$$$$:  578-block  3
branch  6 never executed
branch  7 never executed
    #####:  579:  switch (outcome()) {
    $$$$$:  579-block  0
branch  0 never executed
branch  1 never executed
    $$$$$:  579-block  1
branch  2 never executed
branch  3 never executed
branch  4 never executed
branch  5 never executed
branch  6 never executed
branch  7 never executed
        -:  580:    case LIVED:
    #####:  581:      buffer << "    Result: failed to die.\n"
    $$$$$:  581-block  0
branch  0 never executed
branch  1 never executed
    $$$$$:  581-block  1
    #####:  582:             << " Error msg:\n"
    $$$$$:  582-block  0
branch  0 never executed
branch  1 never executed
    #####:  583:             << FormatDeathTestOutput(error_message);
    $$$$$:  583-block  0
branch  0 never executed
branch  1 never executed
    $$$$$:  583-block  1
branch  2 never executed
branch  3 never executed
    #####:  584:      break;
    $$$$$:  584-block  0
        -:  585:    case THREW:
    #####:  586:      buffer << "    Result: threw an exception.\n"
    $$$$$:  586-block  0
branch  0 never executed
branch  1 never executed
    $$$$$:  586-block  1
    #####:  587:             << " Error msg:\n"
    $$$$$:  587-block  0
branch  0 never executed
branch  1 never executed
    #####:  588:             << FormatDeathTestOutput(error_message);
    $$$$$:  588-block  0
branch  0 never executed
branch  1 never executed
    $$$$$:  588-block  1
branch  2 never executed
branch  3 never executed
    #####:  589:      break;
    $$$$$:  589-block  0
        -:  590:    case RETURNED:
    #####:  591:      buffer << "    Result: illegal return in test statement.\n"
    $$$$$:  591-block  0
branch  0 never executed
branch  1 never executed
    $$$$$:  591-block  1
    #####:  592:             << " Error msg:\n"
    $$$$$:  592-block  0
branch  0 never executed
branch  1 never executed
    #####:  593:             << FormatDeathTestOutput(error_message);
    $$$$$:  593-block  0
branch  0 never executed
branch  1 never executed
    $$$$$:  593-block  1
branch  2 never executed
branch  3 never executed
    #####:  594:      break;
    $$$$$:  594-block  0
        -:  595:    case DIED:
    #####:  596:      if (status_ok) {
    $$$$$:  596-block  0
branch  0 never executed
branch  1 never executed
    #####:  597:        if (matcher_.Matches(error_message)) {
    $$$$$:  597-block  0
branch  0 never executed
branch  1 never executed
    $$$$$:  597-block  1
branch  2 never executed
branch  3 never executed
    #####:  598:          success = true;
    #####:  599:        } else {
    $$$$$:  599-block  0
    #####:  600:          std::ostringstream stream;
    $$$$$:  600-block  0
branch  0 never executed
branch  1 never executed
    #####:  601:          matcher_.DescribeTo(&stream);
    $$$$$:  601-block  0
branch  0 never executed
branch  1 never executed
    #####:  602:          buffer << "    Result: died but not with expected error.\n"
    $$$$$:  602-block  0
branch  0 never executed
branch  1 never executed
    $$$$$:  602-block  1
    $$$$$:  602-block  2
    #####:  603:                 << "  Expected: " << stream.str() << "\n"
    $$$$$:  603-block  0
branch  0 never executed
branch  1 never executed
    $$$$$:  603-block  1
branch  2 never executed
branch  3 never executed
    $$$$$:  603-block  2
branch  4 never executed
branch  5 never executed
    $$$$$:  603-block  3
branch  6 never executed
branch  7 never executed
    #####:  604:                 << "Actual msg:\n"
    $$$$$:  604-block  0
branch  0 never executed
branch  1 never executed
    #####:  605:                 << FormatDeathTestOutput(error_message);
    $$$$$:  605-block  0
branch  0 never executed
branch  1 never executed
    $$$$$:  605-block  1
branch  2 never executed
branch  3 never executed
    #####:  606:        }
    $$$$$:  606-block  0
    $$$$$:  606-block  1
    #####:  607:      } else {
    $$$$$:  607-block  0
    #####:  608:        buffer << "    Result: died but not with expected exit code:\n"
    $$$$$:  608-block  0
branch  0 never executed
branch  1 never executed
    $$$$$:  608-block  1
    $$$$$:  608-block  2
    $$$$$:  608-block  3
    #####:  609:               << "            " << ExitSummary(status()) << "\n"
    $$$$$:  609-block  0
branch  0 never executed
branch  1 never executed
    $$$$$:  609-block  1
branch  2 never executed
branch  3 never executed
    $$$$$:  609-block  2
branch  4 never executed
branch  5 never executed
    $$$$$:  609-block  3
branch  6 never executed
branch  7 never executed
    $$$$$:  609-block  4
branch  8 never executed
branch  9 never executed
    #####:  610:               << "Actual msg:\n"
    $$$$$:  610-block  0
branch  0 never executed
branch  1 never executed
    #####:  611:               << FormatDeathTestOutput(error_message);
    $$$$$:  611-block  0
branch  0 never executed
branch  1 never executed
    $$$$$:  611-block  1
branch  2 never executed
branch  3 never executed
        -:  612:      }
    #####:  613:      break;
    $$$$$:  613-block  0
    $$$$$:  613-block  1
        -:  614:    case IN_PROGRESS:
        -:  615:    default:
    #####:  616:      GTEST_LOG_(FATAL)
    $$$$$:  616-block  0
branch  0 never executed
branch  1 never executed
    $$$$$:  616-block  1
branch  2 never executed
branch  3 never executed
    $$$$$:  616-block  2
    #####:  617:          << "DeathTest::Passed somehow called before conclusion of test";
    $$$$$:  617-block  0
branch  0 never executed
branch  1 never executed
    #####:  618:  }
    $$$$$:  618-block  0
        -:  619:
    #####:  620:  DeathTest::set_last_death_test_message(buffer.GetString());
    $$$$$:  620-block  0
branch  0 never executed
branch  1 never executed
    $$$$$:  620-block  1
branch  2 never executed
branch  3 never executed
    $$$$$:  620-block  2
    #####:  621:  return success;
    #####:  622:}
    $$$$$:  622-block  0
    $$$$$:  622-block  1
    $$$$$:  622-block  2
    $$$$$:  622-block  3
    $$$$$:  622-block  4
    $$$$$:  622-block  5
    $$$$$:  622-block  6
    $$$$$:  622-block  7
    $$$$$:  622-block  8
    $$$$$:  622-block  9
        -:  623:
        -:  624:#if GTEST_OS_WINDOWS
        -:  625:// WindowsDeathTest implements death tests on Windows. Due to the
        -:  626:// specifics of starting new processes on Windows, death tests there are
        -:  627:// always threadsafe, and Google Test considers the
        -:  628:// --gtest_death_test_style=fast setting to be equivalent to
        -:  629:// --gtest_death_test_style=threadsafe there.
        -:  630://
        -:  631:// A few implementation notes:  Like the Linux version, the Windows
        -:  632:// implementation uses pipes for child-to-parent communication. But due to
        -:  633:// the specifics of pipes on Windows, some extra steps are required:
        -:  634://
        -:  635:// 1. The parent creates a communication pipe and stores handles to both
        -:  636://    ends of it.
        -:  637:// 2. The parent starts the child and provides it with the information
        -:  638://    necessary to acquire the handle to the write end of the pipe.
        -:  639:// 3. The child acquires the write end of the pipe and signals the parent
        -:  640://    using a Windows event.
        -:  641:// 4. Now the parent can release the write end of the pipe on its side. If
        -:  642://    this is done before step 3, the object's reference count goes down to
        -:  643://    0 and it is destroyed, preventing the child from acquiring it. The
        -:  644://    parent now has to release it, or read operations on the read end of
        -:  645://    the pipe will not return when the child terminates.
        -:  646:// 5. The parent reads child's output through the pipe (outcome code and
        -:  647://    any possible error messages) from the pipe, and its stderr and then
        -:  648://    determines whether to fail the test.
        -:  649://
        -:  650:// Note: to distinguish Win32 API calls from the local method and function
        -:  651:// calls, the former are explicitly resolved in the global namespace.
        -:  652://
        -:  653:class WindowsDeathTest : public DeathTestImpl {
        -:  654: public:
        -:  655:  WindowsDeathTest(const char* a_statement, Matcher<const std::string&> matcher,
        -:  656:                   const char* file, int line)
        -:  657:      : DeathTestImpl(a_statement, std::move(matcher)),
        -:  658:        file_(file),
        -:  659:        line_(line) {}
        -:  660:
        -:  661:  // All of these virtual functions are inherited from DeathTest.
        -:  662:  virtual int Wait();
        -:  663:  virtual TestRole AssumeRole();
        -:  664:
        -:  665: private:
        -:  666:  // The name of the file in which the death test is located.
        -:  667:  const char* const file_;
        -:  668:  // The line number on which the death test is located.
        -:  669:  const int line_;
        -:  670:  // Handle to the write end of the pipe to the child process.
        -:  671:  AutoHandle write_handle_;
        -:  672:  // Child process handle.
        -:  673:  AutoHandle child_handle_;
        -:  674:  // Event the child process uses to signal the parent that it has
        -:  675:  // acquired the handle to the write end of the pipe. After seeing this
        -:  676:  // event the parent can release its own handles to make sure its
        -:  677:  // ReadFile() calls return when the child terminates.
        -:  678:  AutoHandle event_handle_;
        -:  679:};
        -:  680:
        -:  681:// Waits for the child in a death test to exit, returning its exit
        -:  682:// status, or 0 if no child process exists.  As a side effect, sets the
        -:  683:// outcome data member.
        -:  684:int WindowsDeathTest::Wait() {
        -:  685:  if (!spawned()) return 0;
        -:  686:
        -:  687:  // Wait until the child either signals that it has acquired the write end
        -:  688:  // of the pipe or it dies.
        -:  689:  const HANDLE wait_handles[2] = {child_handle_.Get(), event_handle_.Get()};
        -:  690:  switch (::WaitForMultipleObjects(2, wait_handles,
        -:  691:                                   FALSE,  // Waits for any of the handles.
        -:  692:                                   INFINITE)) {
        -:  693:    case WAIT_OBJECT_0:
        -:  694:    case WAIT_OBJECT_0 + 1:
        -:  695:      break;
        -:  696:    default:
        -:  697:      GTEST_DEATH_TEST_CHECK_(false);  // Should not get here.
        -:  698:  }
        -:  699:
        -:  700:  // The child has acquired the write end of the pipe or exited.
        -:  701:  // We release the handle on our side and continue.
        -:  702:  write_handle_.Reset();
        -:  703:  event_handle_.Reset();
        -:  704:
        -:  705:  ReadAndInterpretStatusByte();
        -:  706:
        -:  707:  // Waits for the child process to exit if it haven't already. This
        -:  708:  // returns immediately if the child has already exited, regardless of
        -:  709:  // whether previous calls to WaitForMultipleObjects synchronized on this
        -:  710:  // handle or not.
        -:  711:  GTEST_DEATH_TEST_CHECK_(WAIT_OBJECT_0 ==
        -:  712:                          ::WaitForSingleObject(child_handle_.Get(), INFINITE));
        -:  713:  DWORD status_code;
        -:  714:  GTEST_DEATH_TEST_CHECK_(
        -:  715:      ::GetExitCodeProcess(child_handle_.Get(), &status_code) != FALSE);
        -:  716:  child_handle_.Reset();
        -:  717:  set_status(static_cast<int>(status_code));
        -:  718:  return status();
        -:  719:}
        -:  720:
        -:  721:// The AssumeRole process for a Windows death test.  It creates a child
        -:  722:// process with the same executable as the current process to run the
        -:  723:// death test.  The child process is given the --gtest_filter and
        -:  724:// --gtest_internal_run_death_test flags such that it knows to run the
        -:  725:// current death test only.
        -:  726:DeathTest::TestRole WindowsDeathTest::AssumeRole() {
        -:  727:  const UnitTestImpl* const impl = GetUnitTestImpl();
        -:  728:  const InternalRunDeathTestFlag* const flag =
        -:  729:      impl->internal_run_death_test_flag();
        -:  730:  const TestInfo* const info = impl->current_test_info();
        -:  731:  const int death_test_index = info->result()->death_test_count();
        -:  732:
        -:  733:  if (flag != nullptr) {
        -:  734:    // ParseInternalRunDeathTestFlag() has performed all the necessary
        -:  735:    // processing.
        -:  736:    set_write_fd(flag->write_fd());
        -:  737:    return EXECUTE_TEST;
        -:  738:  }
        -:  739:
        -:  740:  // WindowsDeathTest uses an anonymous pipe to communicate results of
        -:  741:  // a death test.
        -:  742:  SECURITY_ATTRIBUTES handles_are_inheritable = {sizeof(SECURITY_ATTRIBUTES),
        -:  743:                                                 nullptr, TRUE};
        -:  744:  HANDLE read_handle, write_handle;
        -:  745:  GTEST_DEATH_TEST_CHECK_(::CreatePipe(&read_handle, &write_handle,
        -:  746:                                       &handles_are_inheritable,
        -:  747:                                       0)  // Default buffer size.
        -:  748:                          != FALSE);
        -:  749:  set_read_fd(
        -:  750:      ::_open_osfhandle(reinterpret_cast<intptr_t>(read_handle), O_RDONLY));
        -:  751:  write_handle_.Reset(write_handle);
        -:  752:  event_handle_.Reset(::CreateEvent(
        -:  753:      &handles_are_inheritable,
        -:  754:      TRUE,       // The event will automatically reset to non-signaled state.
        -:  755:      FALSE,      // The initial state is non-signalled.
        -:  756:      nullptr));  // The even is unnamed.
        -:  757:  GTEST_DEATH_TEST_CHECK_(event_handle_.Get() != nullptr);
        -:  758:  const std::string filter_flag = std::string("--") + GTEST_FLAG_PREFIX_ +
        -:  759:                                  "filter=" + info->test_suite_name() + "." +
        -:  760:                                  info->name();
        -:  761:  const std::string internal_flag =
        -:  762:      std::string("--") + GTEST_FLAG_PREFIX_ +
        -:  763:      "internal_run_death_test=" + file_ + "|" + StreamableToString(line_) +
        -:  764:      "|" + StreamableToString(death_test_index) + "|" +
        -:  765:      StreamableToString(static_cast<unsigned int>(::GetCurrentProcessId())) +
        -:  766:      // size_t has the same width as pointers on both 32-bit and 64-bit
        -:  767:      // Windows platforms.
        -:  768:      // See http://msdn.microsoft.com/en-us/library/tcxf1dw6.aspx.
        -:  769:      "|" + StreamableToString(reinterpret_cast<size_t>(write_handle)) + "|" +
        -:  770:      StreamableToString(reinterpret_cast<size_t>(event_handle_.Get()));
        -:  771:
        -:  772:  char executable_path[_MAX_PATH + 1];  // NOLINT
        -:  773:  GTEST_DEATH_TEST_CHECK_(_MAX_PATH + 1 != ::GetModuleFileNameA(nullptr,
        -:  774:                                                                executable_path,
        -:  775:                                                                _MAX_PATH));
        -:  776:
        -:  777:  std::string command_line = std::string(::GetCommandLineA()) + " " +
        -:  778:                             filter_flag + " \"" + internal_flag + "\"";
        -:  779:
        -:  780:  DeathTest::set_last_death_test_message("");
        -:  781:
        -:  782:  CaptureStderr();
        -:  783:  // Flush the log buffers since the log streams are shared with the child.
        -:  784:  FlushInfoLog();
        -:  785:
        -:  786:  // The child process will share the standard handles with the parent.
        -:  787:  STARTUPINFOA startup_info;
        -:  788:  memset(&startup_info, 0, sizeof(STARTUPINFO));
        -:  789:  startup_info.dwFlags = STARTF_USESTDHANDLES;
        -:  790:  startup_info.hStdInput = ::GetStdHandle(STD_INPUT_HANDLE);
        -:  791:  startup_info.hStdOutput = ::GetStdHandle(STD_OUTPUT_HANDLE);
        -:  792:  startup_info.hStdError = ::GetStdHandle(STD_ERROR_HANDLE);
        -:  793:
        -:  794:  PROCESS_INFORMATION process_info;
        -:  795:  GTEST_DEATH_TEST_CHECK_(
        -:  796:      ::CreateProcessA(
        -:  797:          executable_path, const_cast<char*>(command_line.c_str()),
        -:  798:          nullptr,  // Returned process handle is not inheritable.
        -:  799:          nullptr,  // Returned thread handle is not inheritable.
        -:  800:          TRUE,  // Child inherits all inheritable handles (for write_handle_).
        -:  801:          0x0,   // Default creation flags.
        -:  802:          nullptr,  // Inherit the parent's environment.
        -:  803:          UnitTest::GetInstance()->original_working_dir(), &startup_info,
        -:  804:          &process_info) != FALSE);
        -:  805:  child_handle_.Reset(process_info.hProcess);
        -:  806:  ::CloseHandle(process_info.hThread);
        -:  807:  set_spawned(true);
        -:  808:  return OVERSEE_TEST;
        -:  809:}
        -:  810:
        -:  811:#elif GTEST_OS_FUCHSIA
        -:  812:
        -:  813:class FuchsiaDeathTest : public DeathTestImpl {
        -:  814: public:
        -:  815:  FuchsiaDeathTest(const char* a_statement, Matcher<const std::string&> matcher,
        -:  816:                   const char* file, int line)
        -:  817:      : DeathTestImpl(a_statement, std::move(matcher)),
        -:  818:        file_(file),
        -:  819:        line_(line) {}
        -:  820:
        -:  821:  // All of these virtual functions are inherited from DeathTest.
        -:  822:  int Wait() override;
        -:  823:  TestRole AssumeRole() override;
        -:  824:  std::string GetErrorLogs() override;
        -:  825:
        -:  826: private:
        -:  827:  // The name of the file in which the death test is located.
        -:  828:  const char* const file_;
        -:  829:  // The line number on which the death test is located.
        -:  830:  const int line_;
        -:  831:  // The stderr data captured by the child process.
        -:  832:  std::string captured_stderr_;
        -:  833:
        -:  834:  zx::process child_process_;
        -:  835:  zx::channel exception_channel_;
        -:  836:  zx::socket stderr_socket_;
        -:  837:};
        -:  838:
        -:  839:// Utility class for accumulating command-line arguments.
        -:  840:class Arguments {
        -:  841: public:
        -:  842:  Arguments() { args_.push_back(nullptr); }
        -:  843:
        -:  844:  ~Arguments() {
        -:  845:    for (std::vector<char*>::iterator i = args_.begin(); i != args_.end();
        -:  846:         ++i) {
        -:  847:      free(*i);
        -:  848:    }
        -:  849:  }
        -:  850:  void AddArgument(const char* argument) {
        -:  851:    args_.insert(args_.end() - 1, posix::StrDup(argument));
        -:  852:  }
        -:  853:
        -:  854:  template <typename Str>
        -:  855:  void AddArguments(const ::std::vector<Str>& arguments) {
        -:  856:    for (typename ::std::vector<Str>::const_iterator i = arguments.begin();
        -:  857:         i != arguments.end(); ++i) {
        -:  858:      args_.insert(args_.end() - 1, posix::StrDup(i->c_str()));
        -:  859:    }
        -:  860:  }
        -:  861:  char* const* Argv() { return &args_[0]; }
        -:  862:
        -:  863:  int size() { return static_cast<int>(args_.size()) - 1; }
        -:  864:
        -:  865: private:
        -:  866:  std::vector<char*> args_;
        -:  867:};
        -:  868:
        -:  869:// Waits for the child in a death test to exit, returning its exit
        -:  870:// status, or 0 if no child process exists.  As a side effect, sets the
        -:  871:// outcome data member.
        -:  872:int FuchsiaDeathTest::Wait() {
        -:  873:  const int kProcessKey = 0;
        -:  874:  const int kSocketKey = 1;
        -:  875:  const int kExceptionKey = 2;
        -:  876:
        -:  877:  if (!spawned()) return 0;
        -:  878:
        -:  879:  // Create a port to wait for socket/task/exception events.
        -:  880:  zx_status_t status_zx;
        -:  881:  zx::port port;
        -:  882:  status_zx = zx::port::create(0, &port);
        -:  883:  GTEST_DEATH_TEST_CHECK_(status_zx == ZX_OK);
        -:  884:
        -:  885:  // Register to wait for the child process to terminate.
        -:  886:  status_zx =
        -:  887:      child_process_.wait_async(port, kProcessKey, ZX_PROCESS_TERMINATED, 0);
        -:  888:  GTEST_DEATH_TEST_CHECK_(status_zx == ZX_OK);
        -:  889:
        -:  890:  // Register to wait for the socket to be readable or closed.
        -:  891:  status_zx = stderr_socket_.wait_async(
        -:  892:      port, kSocketKey, ZX_SOCKET_READABLE | ZX_SOCKET_PEER_CLOSED, 0);
        -:  893:  GTEST_DEATH_TEST_CHECK_(status_zx == ZX_OK);
        -:  894:
        -:  895:  // Register to wait for an exception.
        -:  896:  status_zx = exception_channel_.wait_async(port, kExceptionKey,
        -:  897:                                            ZX_CHANNEL_READABLE, 0);
        -:  898:  GTEST_DEATH_TEST_CHECK_(status_zx == ZX_OK);
        -:  899:
        -:  900:  bool process_terminated = false;
        -:  901:  bool socket_closed = false;
        -:  902:  do {
        -:  903:    zx_port_packet_t packet = {};
        -:  904:    status_zx = port.wait(zx::time::infinite(), &packet);
        -:  905:    GTEST_DEATH_TEST_CHECK_(status_zx == ZX_OK);
        -:  906:
        -:  907:    if (packet.key == kExceptionKey) {
        -:  908:      // Process encountered an exception. Kill it directly rather than
        -:  909:      // letting other handlers process the event. We will get a kProcessKey
        -:  910:      // event when the process actually terminates.
        -:  911:      status_zx = child_process_.kill();
        -:  912:      GTEST_DEATH_TEST_CHECK_(status_zx == ZX_OK);
        -:  913:    } else if (packet.key == kProcessKey) {
        -:  914:      // Process terminated.
        -:  915:      GTEST_DEATH_TEST_CHECK_(ZX_PKT_IS_SIGNAL_ONE(packet.type));
        -:  916:      GTEST_DEATH_TEST_CHECK_(packet.signal.observed & ZX_PROCESS_TERMINATED);
        -:  917:      process_terminated = true;
        -:  918:    } else if (packet.key == kSocketKey) {
        -:  919:      GTEST_DEATH_TEST_CHECK_(ZX_PKT_IS_SIGNAL_ONE(packet.type));
        -:  920:      if (packet.signal.observed & ZX_SOCKET_READABLE) {
        -:  921:        // Read data from the socket.
        -:  922:        constexpr size_t kBufferSize = 1024;
        -:  923:        do {
        -:  924:          size_t old_length = captured_stderr_.length();
        -:  925:          size_t bytes_read = 0;
        -:  926:          captured_stderr_.resize(old_length + kBufferSize);
        -:  927:          status_zx =
        -:  928:              stderr_socket_.read(0, &captured_stderr_.front() + old_length,
        -:  929:                                  kBufferSize, &bytes_read);
        -:  930:          captured_stderr_.resize(old_length + bytes_read);
        -:  931:        } while (status_zx == ZX_OK);
        -:  932:        if (status_zx == ZX_ERR_PEER_CLOSED) {
        -:  933:          socket_closed = true;
        -:  934:        } else {
        -:  935:          GTEST_DEATH_TEST_CHECK_(status_zx == ZX_ERR_SHOULD_WAIT);
        -:  936:          status_zx = stderr_socket_.wait_async(
        -:  937:              port, kSocketKey, ZX_SOCKET_READABLE | ZX_SOCKET_PEER_CLOSED, 0);
        -:  938:          GTEST_DEATH_TEST_CHECK_(status_zx == ZX_OK);
        -:  939:        }
        -:  940:      } else {
        -:  941:        GTEST_DEATH_TEST_CHECK_(packet.signal.observed & ZX_SOCKET_PEER_CLOSED);
        -:  942:        socket_closed = true;
        -:  943:      }
        -:  944:    }
        -:  945:  } while (!process_terminated && !socket_closed);
        -:  946:
        -:  947:  ReadAndInterpretStatusByte();
        -:  948:
        -:  949:  zx_info_process_t buffer;
        -:  950:  status_zx = child_process_.get_info(ZX_INFO_PROCESS, &buffer, sizeof(buffer),
        -:  951:                                      nullptr, nullptr);
        -:  952:  GTEST_DEATH_TEST_CHECK_(status_zx == ZX_OK);
        -:  953:
        -:  954:  GTEST_DEATH_TEST_CHECK_(buffer.flags & ZX_INFO_PROCESS_FLAG_EXITED);
        -:  955:  set_status(static_cast<int>(buffer.return_code));
        -:  956:  return status();
        -:  957:}
        -:  958:
        -:  959:// The AssumeRole process for a Fuchsia death test.  It creates a child
        -:  960:// process with the same executable as the current process to run the
        -:  961:// death test.  The child process is given the --gtest_filter and
        -:  962:// --gtest_internal_run_death_test flags such that it knows to run the
        -:  963:// current death test only.
        -:  964:DeathTest::TestRole FuchsiaDeathTest::AssumeRole() {
        -:  965:  const UnitTestImpl* const impl = GetUnitTestImpl();
        -:  966:  const InternalRunDeathTestFlag* const flag =
        -:  967:      impl->internal_run_death_test_flag();
        -:  968:  const TestInfo* const info = impl->current_test_info();
        -:  969:  const int death_test_index = info->result()->death_test_count();
        -:  970:
        -:  971:  if (flag != nullptr) {
        -:  972:    // ParseInternalRunDeathTestFlag() has performed all the necessary
        -:  973:    // processing.
        -:  974:    set_write_fd(kFuchsiaReadPipeFd);
        -:  975:    return EXECUTE_TEST;
        -:  976:  }
        -:  977:
        -:  978:  // Flush the log buffers since the log streams are shared with the child.
        -:  979:  FlushInfoLog();
        -:  980:
        -:  981:  // Build the child process command line.
        -:  982:  const std::string filter_flag = std::string("--") + GTEST_FLAG_PREFIX_ +
        -:  983:                                  "filter=" + info->test_suite_name() + "." +
        -:  984:                                  info->name();
        -:  985:  const std::string internal_flag = std::string("--") + GTEST_FLAG_PREFIX_ +
        -:  986:                                    kInternalRunDeathTestFlag + "=" + file_ +
        -:  987:                                    "|" + StreamableToString(line_) + "|" +
        -:  988:                                    StreamableToString(death_test_index);
        -:  989:  Arguments args;
        -:  990:  args.AddArguments(GetInjectableArgvs());
        -:  991:  args.AddArgument(filter_flag.c_str());
        -:  992:  args.AddArgument(internal_flag.c_str());
        -:  993:
        -:  994:  // Build the pipe for communication with the child.
        -:  995:  zx_status_t status;
        -:  996:  zx_handle_t child_pipe_handle;
        -:  997:  int child_pipe_fd;
        -:  998:  status = fdio_pipe_half(&child_pipe_fd, &child_pipe_handle);
        -:  999:  GTEST_DEATH_TEST_CHECK_(status == ZX_OK);
        -: 1000:  set_read_fd(child_pipe_fd);
        -: 1001:
        -: 1002:  // Set the pipe handle for the child.
        -: 1003:  fdio_spawn_action_t spawn_actions[2] = {};
        -: 1004:  fdio_spawn_action_t* add_handle_action = &spawn_actions[0];
        -: 1005:  add_handle_action->action = FDIO_SPAWN_ACTION_ADD_HANDLE;
        -: 1006:  add_handle_action->h.id = PA_HND(PA_FD, kFuchsiaReadPipeFd);
        -: 1007:  add_handle_action->h.handle = child_pipe_handle;
        -: 1008:
        -: 1009:  // Create a socket pair will be used to receive the child process' stderr.
        -: 1010:  zx::socket stderr_producer_socket;
        -: 1011:  status = zx::socket::create(0, &stderr_producer_socket, &stderr_socket_);
        -: 1012:  GTEST_DEATH_TEST_CHECK_(status >= 0);
        -: 1013:  int stderr_producer_fd = -1;
        -: 1014:  status =
        -: 1015:      fdio_fd_create(stderr_producer_socket.release(), &stderr_producer_fd);
        -: 1016:  GTEST_DEATH_TEST_CHECK_(status >= 0);
        -: 1017:
        -: 1018:  // Make the stderr socket nonblocking.
        -: 1019:  GTEST_DEATH_TEST_CHECK_(fcntl(stderr_producer_fd, F_SETFL, 0) == 0);
        -: 1020:
        -: 1021:  fdio_spawn_action_t* add_stderr_action = &spawn_actions[1];
        -: 1022:  add_stderr_action->action = FDIO_SPAWN_ACTION_CLONE_FD;
        -: 1023:  add_stderr_action->fd.local_fd = stderr_producer_fd;
        -: 1024:  add_stderr_action->fd.target_fd = STDERR_FILENO;
        -: 1025:
        -: 1026:  // Create a child job.
        -: 1027:  zx_handle_t child_job = ZX_HANDLE_INVALID;
        -: 1028:  status = zx_job_create(zx_job_default(), 0, &child_job);
        -: 1029:  GTEST_DEATH_TEST_CHECK_(status == ZX_OK);
        -: 1030:  zx_policy_basic_t policy;
        -: 1031:  policy.condition = ZX_POL_NEW_ANY;
        -: 1032:  policy.policy = ZX_POL_ACTION_ALLOW;
        -: 1033:  status = zx_job_set_policy(child_job, ZX_JOB_POL_RELATIVE, ZX_JOB_POL_BASIC,
        -: 1034:                             &policy, 1);
        -: 1035:  GTEST_DEATH_TEST_CHECK_(status == ZX_OK);
        -: 1036:
        -: 1037:  // Create an exception channel attached to the |child_job|, to allow
        -: 1038:  // us to suppress the system default exception handler from firing.
        -: 1039:  status = zx_task_create_exception_channel(
        -: 1040:      child_job, 0, exception_channel_.reset_and_get_address());
        -: 1041:  GTEST_DEATH_TEST_CHECK_(status == ZX_OK);
        -: 1042:
[...]
    $$$$$: 1408-block 12
    $$$$$: 1408-block 13
    $$$$$: 1408-block 14
    #####: 1409:                                    "internal_run_death_test=" + file_ + "|" +
    $$$$$: 1409-block  0
branch  0 never executed
branch  1 never executed
    $$$$$: 1409-block  1
branch  2 never executed
branch  3 never executed
    $$$$$: 1409-block  2
branch  4 never executed
branch  5 never executed
    #####: 1410:                                    StreamableToString(line_) + "|" +
    $$$$$: 1410-block  0
branch  0 never executed
branch  1 never executed
    $$$$$: 1410-block  1
branch  2 never executed
branch  3 never executed
    $$$$$: 1410-block  2
branch  4 never executed
branch  5 never executed
    #####: 1411:                                    StreamableToString(death_test_index) + "|" +
    $$$$$: 1411-block  0
branch  0 never executed
branch  1 never executed
    $$$$$: 1411-block  1
branch  2 never executed
branch  3 never executed
    $$$$$: 1411-block  2
branch  4 never executed
branch  5 never executed
    #####: 1412:                                    StreamableToString(pipe_fd[1]);
    $$$$$: 1412-block  0
branch  0 never executed
branch  1 never executed
    #####: 1413:  Arguments args;
    $$$$$: 1413-block  0
branch  0 never executed
branch  1 never executed
    #####: 1414:  args.AddArguments(GetArgvsForDeathTestChildProcess());
    $$$$$: 1414-block  0
branch  0 never executed
branch  1 never executed
    $$$$$: 1414-block  1
branch  2 never executed
branch  3 never executed
    $$$$$: 1414-block  2
    #####: 1415:  args.AddArgument(filter_flag.c_str());
    $$$$$: 1415-block  0
branch  0 never executed
branch  1 never executed
    #####: 1416:  args.AddArgument(internal_flag.c_str());
    $$$$$: 1416-block  0
branch  0 never executed
branch  1 never executed
        -: 1417:
    #####: 1418:  DeathTest::set_last_death_test_message("");
    $$$$$: 1418-block  0
branch  0 never executed
branch  1 never executed
    $$$$$: 1418-block  1
branch  2 never executed
branch  3 never executed
    $$$$$: 1418-block  2
        -: 1419:
    #####: 1420:  CaptureStderr();
    $$$$$: 1420-block  0
branch  0 never executed
branch  1 never executed
        -: 1421:  // See the comment in NoExecDeathTest::AssumeRole for why the next line
        -: 1422:  // is necessary.
    #####: 1423:  FlushInfoLog();
    $$$$$: 1423-block  0
branch  0 never executed
branch  1 never executed
        -: 1424:
    #####: 1425:  const pid_t child_pid = ExecDeathTestSpawnChild(args.Argv(), pipe_fd[0]);
    $$$$$: 1425-block  0
branch  0 never executed
branch  1 never executed
    $$$$$: 1425-block  1
branch  2 never executed
branch  3 never executed
    #####: 1426:  GTEST_DEATH_TEST_CHECK_SYSCALL_(close(pipe_fd[1]));
    $$$$$: 1426-block  0
    $$$$$: 1426-block  1
    $$$$$: 1426-block  2
branch  0 never executed
branch  1 never executed
    $$$$$: 1426-block  3
    $$$$$: 1426-block  4
branch  2 never executed
branch  3 never executed
    $$$$$: 1426-block  5
branch  4 never executed
branch  5 never executed
    $$$$$: 1426-block  6
    $$$$$: 1426-block  7
branch  6 never executed
branch  7 never executed
    $$$$$: 1426-block  8
branch  8 never executed
branch  9 never executed
    $$$$$: 1426-block  9
branch 10 never executed
branch 11 never executed
    $$$$$: 1426-block 10
branch 12 never executed
branch 13 never executed
    $$$$$: 1426-block 11
branch 14 never executed
branch 15 never executed
    $$$$$: 1426-block 12
branch 16 never executed
branch 17 never executed
    $$$$$: 1426-block 13
branch 18 never executed
branch 19 never executed
    $$$$$: 1426-block 14
branch 20 never executed
branch 21 never executed
    $$$$$: 1426-block 15
branch 22 never executed
branch 23 never executed
    $$$$$: 1426-block 16
branch 24 never executed
branch 25 never executed
    $$$$$: 1426-block 17
branch 26 never executed
branch 27 never executed
    $$$$$: 1426-block 18
    $$$$$: 1426-block 19
    $$$$$: 1426-block 20
    $$$$$: 1426-block 21
    $$$$$: 1426-block 22
    $$$$$: 1426-block 23
    $$$$$: 1426-block 24
    $$$$$: 1426-block 25
    $$$$$: 1426-block 26
    $$$$$: 1426-block 27
    $$$$$: 1426-block 28
branch 28 never executed
branch 29 never executed
    $$$$$: 1426-block 29
branch 30 never executed
branch 31 never executed
    #####: 1427:  set_child_pid(child_pid);
    $$$$$: 1427-block  0
branch  0 never executed
branch  1 never executed
    #####: 1428:  set_read_fd(pipe_fd[0]);
    $$$$$: 1428-block  0
branch  0 never executed
branch  1 never executed
    #####: 1429:  set_spawned(true);
    $$$$$: 1429-block  0
branch  0 never executed
branch  1 never executed
    #####: 1430:  return OVERSEE_TEST;
    #####: 1431:}
    $$$$$: 1431-block  0
    $$$$$: 1431-block  1
    $$$$$: 1431-block  2
    $$$$$: 1431-block  3
    $$$$$: 1431-block  4
    $$$$$: 1431-block  5
    $$$$$: 1431-block  6
    $$$$$: 1431-block  7
    $$$$$: 1431-block  8
    $$$$$: 1431-block  9
    $$$$$: 1431-block 10
    $$$$$: 1431-block 11
    $$$$$: 1431-block 12
    $$$$$: 1431-block 13
    $$$$$: 1431-block 14
    $$$$$: 1431-block 15
    $$$$$: 1431-block 16
    $$$$$: 1431-block 17
    $$$$$: 1431-block 18
    $$$$$: 1431-block 19
    $$$$$: 1431-block 20
    $$$$$: 1431-block 21
    $$$$$: 1431-block 22
    $$$$$: 1431-block 23
    $$$$$: 1431-block 24
    $$$$$: 1431-block 25
    $$$$$: 1431-block 26
    $$$$$: 1431-block 27
    $$$$$: 1431-block 28
    $$$$$: 1431-block 29
    $$$$$: 1431-block 30
    $$$$$: 1431-block 31
    $$$$$: 1431-block 32
    $$$$$: 1431-block 33
    $$$$$: 1431-block 34
    $$$$$: 1431-block 35
    $$$$$: 1431-block 36
    $$$$$: 1431-block 37
    $$$$$: 1431-block 38
    $$$$$: 1431-block 39
    $$$$$: 1431-block 40
    $$$$$: 1431-block 41
        -: 1432:
        -: 1433:#endif  // !GTEST_OS_WINDOWS
        -: 1434:
        -: 1435:// Creates a concrete DeathTest-derived class that depends on the
        -: 1436:// --gtest_death_test_style flag, and sets the pointer pointed to
        -: 1437:// by the "test" argument to its address.  If the test should be
        -: 1438:// skipped, sets that pointer to NULL.  Returns true, unless the
        -: 1439:// flag is set to an invalid value.
function _ZN7testing8internal23DefaultDeathTestFactory6CreateEPKcNS_7MatcherIRKNSt3__112basic_stringIcNS5_11char_traitsIcEENS5_9allocatorIcEEEEEES3_iPPNS0_9DeathTestE called 0 returned 0% blocks executed 0%
    #####: 1440:bool DefaultDeathTestFactory::Create(const char* statement,
    $$$$$: 1440-block  0
        -: 1441:                                     Matcher<const std::string&> matcher,
        -: 1442:                                     const char* file, int line,
        -: 1443:                                     DeathTest** test) {
    #####: 1444:  UnitTestImpl* const impl = GetUnitTestImpl();
    #####: 1445:  const InternalRunDeathTestFlag* const flag =
    #####: 1446:      impl->internal_run_death_test_flag();
    #####: 1447:  const int death_test_index =
    #####: 1448:      impl->current_test_info()->increment_death_test_count();
        -: 1449:
    #####: 1450:  if (flag != nullptr) {
    $$$$$: 1450-block  0
branch  0 never executed
branch  1 never executed
    #####: 1451:    if (death_test_index > flag->index()) {
    $$$$$: 1451-block  0
branch  0 never executed
branch  1 never executed
    #####: 1452:      DeathTest::set_last_death_test_message(
    $$$$$: 1452-block  0
branch  0 never executed
branch  1 never executed
    $$$$$: 1452-block  1
    $$$$$: 1452-block  2
    $$$$$: 1452-block  3
    $$$$$: 1452-block  4
    $$$$$: 1452-block  5
    $$$$$: 1452-block  6
    $$$$$: 1452-block  7
    #####: 1453:          "Death test count (" + StreamableToString(death_test_index) +
    $$$$$: 1453-block  0
branch  0 never executed
branch  1 never executed
    $$$$$: 1453-block  1
branch  2 never executed
branch  3 never executed
    #####: 1454:          ") somehow exceeded expected maximum (" +
    $$$$$: 1454-block  0
branch  0 never executed
branch  1 never executed
    #####: 1455:          StreamableToString(flag->index()) + ")");
    $$$$$: 1455-block  0
branch  0 never executed
branch  1 never executed
    $$$$$: 1455-block  1
branch  2 never executed
branch  3 never executed
    $$$$$: 1455-block  2
branch  4 never executed
branch  5 never executed
    #####: 1456:      return false;
    $$$$$: 1456-block  0
        -: 1457:    }
        -: 1458:
    #####: 1459:    if (!(flag->file() == file && flag->line() == line &&
    $$$$$: 1459-block  0
branch  0 never executed
branch  1 never executed
    $$$$$: 1459-block  1
branch  2 never executed
branch  3 never executed
    $$$$$: 1459-block  2
branch  4 never executed
branch  5 never executed
    #####: 1460:          flag->index() == death_test_index)) {
    #####: 1461:      *test = nullptr;
    #####: 1462:      return true;
    $$$$$: 1462-block  0
        -: 1463:    }
    #####: 1464:  }
    $$$$$: 1464-block  0
        -: 1465:
        -: 1466:#if GTEST_OS_WINDOWS
        -: 1467:
        -: 1468:  if (GTEST_FLAG_GET(death_test_style) == "threadsafe" ||
        -: 1469:      GTEST_FLAG_GET(death_test_style) == "fast") {
        -: 1470:    *test = new WindowsDeathTest(statement, std::move(matcher), file, line);
        -: 1471:  }
        -: 1472:
        -: 1473:#elif GTEST_OS_FUCHSIA
        -: 1474:
        -: 1475:  if (GTEST_FLAG_GET(death_test_style) == "threadsafe" ||
        -: 1476:      GTEST_FLAG_GET(death_test_style) == "fast") {
        -: 1477:    *test = new FuchsiaDeathTest(statement, std::move(matcher), file, line);
        -: 1478:  }
        -: 1479:
        -: 1480:#else
        -: 1481:
    #####: 1482:  if (GTEST_FLAG_GET(death_test_style) == "threadsafe") {
    $$$$$: 1482-block  0
branch  0 never executed
branch  1 never executed
    #####: 1483:    *test = new ExecDeathTest(statement, std::move(matcher), file, line);
    $$$$$: 1483-block  0
branch  0 never executed
branch  1 never executed
    $$$$$: 1483-block  1
branch  2 never executed
branch  3 never executed
    $$$$$: 1483-block  2
    $$$$$: 1483-block  3
branch  4 never executed
branch  5 never executed
    $$$$$: 1483-block  4
    $$$$$: 1483-block  5
    #####: 1484:  } else if (GTEST_FLAG_GET(death_test_style) == "fast") {
    $$$$$: 1484-block  0
    $$$$$: 1484-block  1
branch  0 never executed
branch  1 never executed
    #####: 1485:    *test = new NoExecDeathTest(statement, std::move(matcher));
    $$$$$: 1485-block  0
branch  0 never executed
branch  1 never executed
    $$$$$: 1485-block  1
branch  2 never executed
branch  3 never executed
    $$$$$: 1485-block  2
    $$$$$: 1485-block  3
branch  4 never executed
branch  5 never executed
    $$$$$: 1485-block  4
    $$$$$: 1485-block  5
    #####: 1486:  }
    $$$$$: 1486-block  0
        -: 1487:
        -: 1488:#endif  // GTEST_OS_WINDOWS
        -: 1489:
        -: 1490:  else {  // NOLINT - this is more readable than unbalanced brackets inside #if.
    #####: 1491:    DeathTest::set_last_death_test_message("Unknown death test style \"" +
    $$$$$: 1491-block  0
branch  0 never executed
branch  1 never executed
    $$$$$: 1491-block  1
    $$$$$: 1491-block  2
    #####: 1492:                                           GTEST_FLAG_GET(death_test_style) +
    $$$$$: 1492-block  0
branch  0 never executed
branch  1 never executed
        -: 1493:                                           "\" encountered");
    #####: 1494:    return false;
    $$$$$: 1494-block  0
        -: 1495:  }
        -: 1496:
    #####: 1497:  return true;
    $$$$$: 1497-block  0
    #####: 1498:}
    $$$$$: 1498-block  0
    $$$$$: 1498-block  1
    $$$$$: 1498-block  2
    $$$$$: 1498-block  3
    $$$$$: 1498-block  4
    $$$$$: 1498-block  5
    $$$$$: 1498-block  6
    $$$$$: 1498-block  7
    $$$$$: 1498-block  8
        -: 1499:
        -: 1500:#if GTEST_OS_WINDOWS
        -: 1501:// Recreates the pipe and event handles from the provided parameters,
        -: 1502:// signals the event, and returns a file descriptor wrapped around the pipe
        -: 1503:// handle. This function is called in the child process only.
        -: 1504:static int GetStatusFileDescriptor(unsigned int parent_process_id,
        -: 1505:                                   size_t write_handle_as_size_t,
        -: 1506:                                   size_t event_handle_as_size_t) {
        -: 1507:  AutoHandle parent_process_handle(::OpenProcess(PROCESS_DUP_HANDLE,
        -: 1508:                                                 FALSE,  // Non-inheritable.
        -: 1509:                                                 parent_process_id));
        -: 1510:  if (parent_process_handle.Get() == INVALID_HANDLE_VALUE) {
        -: 1511:    DeathTestAbort("Unable to open parent process " +
        -: 1512:                   StreamableToString(parent_process_id));
        -: 1513:  }
        -: 1514:
        -: 1515:  GTEST_CHECK_(sizeof(HANDLE) <= sizeof(size_t));
        -: 1516:
        -: 1517:  const HANDLE write_handle = reinterpret_cast<HANDLE>(write_handle_as_size_t);
        -: 1518:  HANDLE dup_write_handle;
        -: 1519:
        -: 1520:  // The newly initialized handle is accessible only in the parent
        -: 1521:  // process. To obtain one accessible within the child, we need to use
        -: 1522:  // DuplicateHandle.
        -: 1523:  if (!::DuplicateHandle(parent_process_handle.Get(), write_handle,
        -: 1524:                         ::GetCurrentProcess(), &dup_write_handle,
        -: 1525:                         0x0,    // Requested privileges ignored since
        -: 1526:                                 // DUPLICATE_SAME_ACCESS is used.
        -: 1527:                         FALSE,  // Request non-inheritable handler.
        -: 1528:                         DUPLICATE_SAME_ACCESS)) {
        -: 1529:    DeathTestAbort("Unable to duplicate the pipe handle " +
        -: 1530:                   StreamableToString(write_handle_as_size_t) +
        -: 1531:                   " from the parent process " +
        -: 1532:                   StreamableToString(parent_process_id));
        -: 1533:  }
        -: 1534:
        -: 1535:  const HANDLE event_handle = reinterpret_cast<HANDLE>(event_handle_as_size_t);
        -: 1536:  HANDLE dup_event_handle;
        -: 1537:
        -: 1538:  if (!::DuplicateHandle(parent_process_handle.Get(), event_handle,
        -: 1539:                         ::GetCurrentProcess(), &dup_event_handle, 0x0, FALSE,
        -: 1540:                         DUPLICATE_SAME_ACCESS)) {
        -: 1541:    DeathTestAbort("Unable to duplicate the event handle " +
        -: 1542:                   StreamableToString(event_handle_as_size_t) +
        -: 1543:                   " from the parent process " +
        -: 1544:                   StreamableToString(parent_process_id));
        -: 1545:  }
        -: 1546:
        -: 1547:  const int write_fd =
        -: 1548:      ::_open_osfhandle(reinterpret_cast<intptr_t>(dup_write_handle), O_APPEND);
        -: 1549:  if (write_fd == -1) {
        -: 1550:    DeathTestAbort("Unable to convert pipe handle " +
        -: 1551:                   StreamableToString(write_handle_as_size_t) +
        -: 1552:                   " to a file descriptor");
        -: 1553:  }
        -: 1554:
        -: 1555:  // Signals the parent that the write end of the pipe has been acquired
        -: 1556:  // so the parent can release its own write end.
        -: 1557:  ::SetEvent(dup_event_handle);
        -: 1558:
        -: 1559:  return write_fd;
        -: 1560:}
        -: 1561:#endif  // GTEST_OS_WINDOWS
        -: 1562:
        -: 1563:// Returns a newly created InternalRunDeathTestFlag object with fields
        -: 1564:// initialized from the GTEST_FLAG(internal_run_death_test) flag if
        -: 1565:// the flag is specified; otherwise returns NULL.
function _ZN7testing8internal29ParseInternalRunDeathTestFlagEv called 1 returned 0% blocks executed 17%
        1: 1566:InternalRunDeathTestFlag* ParseInternalRunDeathTestFlag() {
        1: 1567:  if (GTEST_FLAG_GET(internal_run_death_test) == "") return nullptr;
        1: 1567-block  0
        1: 1567-block  1
branch  0 taken 1
branch  1 taken 0
        1: 1567-block  2
        -: 1568:
        -: 1569:  // GTEST_HAS_DEATH_TEST implies that we have ::std::string, so we
        -: 1570:  // can use it here.
    #####: 1571:  int line = -1;
    #####: 1572:  int index = -1;
    #####: 1573:  ::std::vector< ::std::string> fields;
    #####: 1574:  SplitString(GTEST_FLAG_GET(internal_run_death_test), '|', &fields);
    $$$$$: 1574-block  0
branch  0 never executed
branch  1 never executed
    #####: 1575:  int write_fd = -1;
        -: 1576:
        -: 1577:#if GTEST_OS_WINDOWS
        -: 1578:
        -: 1579:  unsigned int parent_process_id = 0;
        -: 1580:  size_t write_handle_as_size_t = 0;
        -: 1581:  size_t event_handle_as_size_t = 0;
        -: 1582:
        -: 1583:  if (fields.size() != 6 || !ParseNaturalNumber(fields[1], &line) ||
        -: 1584:      !ParseNaturalNumber(fields[2], &index) ||
        -: 1585:      !ParseNaturalNumber(fields[3], &parent_process_id) ||
        -: 1586:      !ParseNaturalNumber(fields[4], &write_handle_as_size_t) ||
        -: 1587:      !ParseNaturalNumber(fields[5], &event_handle_as_size_t)) {
        -: 1588:    DeathTestAbort("Bad --gtest_internal_run_death_test flag: " +
        -: 1589:                   GTEST_FLAG_GET(internal_run_death_test));
        -: 1590:  }
        -: 1591:  write_fd = GetStatusFileDescriptor(parent_process_id, write_handle_as_size_t,
        -: 1592:                                     event_handle_as_size_t);
        -: 1593:
        -: 1594:#elif GTEST_OS_FUCHSIA
        -: 1595:
        -: 1596:  if (fields.size() != 3 || !ParseNaturalNumber(fields[1], &line) ||
        -: 1597:      !ParseNaturalNumber(fields[2], &index)) {
        -: 1598:    DeathTestAbort("Bad --gtest_internal_run_death_test flag: " +
        -: 1599:                   GTEST_FLAG_GET(internal_run_death_test));
        -: 1600:  }
        -: 1601:
        -: 1602:#else
        -: 1603:
    #####: 1604:  if (fields.size() != 4 || !ParseNaturalNumber(fields[1], &line) ||
    $$$$$: 1604-block  0
branch  0 never executed
branch  1 never executed
    $$$$$: 1604-block  1
branch  2 never executed
branch  3 never executed
    $$$$$: 1604-block  2
branch  4 never executed
branch  5 never executed
    $$$$$: 1604-block  3
branch  6 never executed
branch  7 never executed
    #####: 1605:      !ParseNaturalNumber(fields[2], &index) ||
    $$$$$: 1605-block  0
branch  0 never executed
branch  1 never executed
    $$$$$: 1605-block  1
branch  2 never executed
branch  3 never executed
    #####: 1606:      !ParseNaturalNumber(fields[3], &write_fd)) {
    $$$$$: 1606-block  0
branch  0 never executed
branch  1 never executed
    #####: 1607:    DeathTestAbort("Bad --gtest_internal_run_death_test flag: " +
    $$$$$: 1607-block  0
branch  0 never executed
branch  1 never executed
    $$$$$: 1607-block  1
branch  2 never executed
branch  3 never executed
    $$$$$: 1607-block  2
        -: 1608:                   GTEST_FLAG_GET(internal_run_death_test));
    #####: 1609:  }
    $$$$$: 1609-block  0
        -: 1610:
        -: 1611:#endif  // GTEST_OS_WINDOWS
        -: 1612:
    #####: 1613:  return new InternalRunDeathTestFlag(fields[0], line, index, write_fd);
    $$$$$: 1613-block  0
branch  0 never executed
branch  1 never executed
    $$$$$: 1613-block  1
branch  2 never executed
branch  3 never executed
    $$$$$: 1613-block  2
        1: 1614:}
    $$$$$: 1614-block  0
    $$$$$: 1614-block  1
    $$$$$: 1614-block  2
        1: 1614-block  3
    $$$$$: 1614-block  4
        -: 1615:
        -: 1616:}  // namespace internal
        -: 1617:
        -: 1618:#endif  // GTEST_HAS_DEATH_TEST
        -: 1619:
        -: 1620:}  // namespace testing
